Using pre-set license
Built from '2021.3/staging' branch; Version is '2021.3.30f1 (b4360d7cdac4) revision 11810317'; Using compiler version '192829333'; Build Type 'Release'
OS: 'Windows 10  (10.0.19045) 64bit Core' Language: 'en' Physical Memory: 32683 MB
BatchMode: 1, IsHumanControllingUs: 0, StartBugReporterOnCrash: 0, Is64bit: 1, IsPro: 1

COMMAND LINE ARGUMENTS:
C:\Program Files\Unity\Hub\Editor\2021.3.30f1\Editor\Unity.exe
-adb2
-batchMode
-noUpm
-name
AssetImportWorker10
-projectPath
D:/Projects/Defense/TDefense
-logFile
Logs/AssetImportWorker10.log
-srvPort
59098
Successfully changed project path to: D:/Projects/Defense/TDefense
D:/Projects/Defense/TDefense
[UnityMemory] Configuration Parameters - Can be set up in boot.config
    "memorysetup-bucket-allocator-granularity=16"
    "memorysetup-bucket-allocator-bucket-count=8"
    "memorysetup-bucket-allocator-block-size=33554432"
    "memorysetup-bucket-allocator-block-count=8"
    "memorysetup-main-allocator-block-size=16777216"
    "memorysetup-thread-allocator-block-size=16777216"
    "memorysetup-gfx-main-allocator-block-size=16777216"
    "memorysetup-gfx-thread-allocator-block-size=16777216"
    "memorysetup-cache-allocator-block-size=4194304"
    "memorysetup-typetree-allocator-block-size=2097152"
    "memorysetup-profiler-bucket-allocator-granularity=16"
    "memorysetup-profiler-bucket-allocator-bucket-count=8"
    "memorysetup-profiler-bucket-allocator-block-size=33554432"
    "memorysetup-profiler-bucket-allocator-block-count=8"
    "memorysetup-profiler-allocator-block-size=16777216"
    "memorysetup-profiler-editor-allocator-block-size=1048576"
    "memorysetup-temp-allocator-size-main=16777216"
    "memorysetup-job-temp-allocator-block-size=2097152"
    "memorysetup-job-temp-allocator-block-size-background=1048576"
    "memorysetup-job-temp-allocator-reduction-small-platforms=262144"
    "memorysetup-temp-allocator-size-background-worker=32768"
    "memorysetup-temp-allocator-size-job-worker=262144"
    "memorysetup-temp-allocator-size-preload-manager=33554432"
    "memorysetup-temp-allocator-size-nav-mesh-worker=65536"
    "memorysetup-temp-allocator-size-audio-worker=65536"
    "memorysetup-temp-allocator-size-cloud-worker=32768"
    "memorysetup-temp-allocator-size-gi-baking-worker=262144"
    "memorysetup-temp-allocator-size-gfx=262144"
Player connection [91040] Host "[IP] 192.168.1.38 [Port] 0 [Flags] 2 [Guid] 3978073962 [EditorId] 3978073962 [Version] 1048832 [Id] WindowsEditor(7,DESKTOP-VK2T73L) [Debug] 1 [PackageName] WindowsEditor [ProjectName] Editor" joined multi-casting on [225.0.0.222:54997]...

Player connection [91040] Host "[IP] 192.168.1.38 [Port] 0 [Flags] 2 [Guid] 3978073962 [EditorId] 3978073962 [Version] 1048832 [Id] WindowsEditor(7,DESKTOP-VK2T73L) [Debug] 1 [PackageName] WindowsEditor [ProjectName] Editor" joined alternative multi-casting on [225.0.0.222:34997]...

[Physics::Module] Initialized MultithreadedJobDispatcher with {0} workers.
Refreshing native plugins compatible for Editor in 136.42 ms, found 4 plugins.
Preloading 0 native plugins for Editor in 0.00 ms.
Initialize engine version: 2021.3.30f1 (b4360d7cdac4)
[Subsystems] Discovering subsystems at path C:/Program Files/Unity/Hub/Editor/2021.3.30f1/Editor/Data/Resources/UnitySubsystems
[Subsystems] Discovering subsystems at path D:/Projects/Defense/TDefense/Assets
GfxDevice: creating device client; threaded=0; jobified=0
Direct3D:
    Version:  Direct3D 11.0 [level 11.1]
    Renderer: NVIDIA GeForce RTX 3080 (ID=0x2206)
    Vendor:   NVIDIA
    VRAM:     10067 MB
    Driver:   31.0.15.3713
Initialize mono
Mono path[0] = 'C:/Program Files/Unity/Hub/Editor/2021.3.30f1/Editor/Data/Managed'
Mono path[1] = 'C:/Program Files/Unity/Hub/Editor/2021.3.30f1/Editor/Data/MonoBleedingEdge/lib/mono/unityjit-win32'
Mono config path = 'C:/Program Files/Unity/Hub/Editor/2021.3.30f1/Editor/Data/MonoBleedingEdge/etc'
Using monoOptions --debugger-agent=transport=dt_socket,embedding=1,server=y,suspend=n,address=127.0.0.1:56140
Begin MonoManager ReloadAssembly
Registering precompiled unity dll's ...
Register platform support module: C:/Program Files/Unity/Hub/Editor/2021.3.30f1/Editor/Data/PlaybackEngines/AndroidPlayer/UnityEditor.Android.Extensions.dll
Register platform support module: C:/Program Files/Unity/Hub/Editor/2021.3.30f1/Editor/Data/PlaybackEngines/WindowsStandaloneSupport/UnityEditor.WindowsStandalone.Extensions.dll
Registered in 0.011640 seconds.
Native extension for WindowsStandalone target not found
Native extension for Android target not found
Android Extension - Scanning For ADB Devices 260 ms
Refreshing native plugins compatible for Editor in 108.57 ms, found 4 plugins.
Preloading 0 native plugins for Editor in 0.00 ms.
Mono: successfully reloaded assembly
- Completed reload, in  1.031 seconds
Domain Reload Profiling:
	ReloadAssembly (1032ms)
		BeginReloadAssembly (110ms)
			ExecutionOrderSort (0ms)
			DisableScriptedObjects (0ms)
			BackupInstance (0ms)
			ReleaseScriptingObjects (0ms)
			CreateAndSetChildDomain (1ms)
		EndReloadAssembly (802ms)
			LoadAssemblies (107ms)
			RebuildTransferFunctionScriptingTraits (0ms)
			SetupTypeCache (129ms)
			ReleaseScriptCaches (0ms)
			RebuildScriptCaches (27ms)
			SetupLoadedEditorAssemblies (601ms)
				LogAssemblyErrors (0ms)
				InitializePlatformSupportModulesInManaged (367ms)
				SetLoadedEditorAssemblies (0ms)
				RefreshPlugins (109ms)
				BeforeProcessingInitializeOnLoad (1ms)
				ProcessInitializeOnLoadAttributes (79ms)
				ProcessInitializeOnLoadMethodAttributes (44ms)
				AfterProcessingInitializeOnLoad (0ms)
				EditorAssembliesLoaded (0ms)
			ExecutionOrderSort2 (0ms)
			AwakeInstancesAfterBackupRestoration (0ms)
Platform modules already initialized, skipping
Registering precompiled user dll's ...
Registered in 0.005534 seconds.
Begin MonoManager ReloadAssembly
Native extension for WindowsStandalone target not found
Native extension for Android target not found
Refreshing native plugins compatible for Editor in 107.67 ms, found 4 plugins.
Preloading 0 native plugins for Editor in 0.00 ms.
Package Manager log level set to [2]
[Package Manager] Server::EnsureServerProcessIsRunning -- launch failed, reason: Unity was launched with the -noUpm command-line argument
[Package Manager] Cannot connect to Unity Package Manager local server
Mono: successfully reloaded assembly
- Completed reload, in  1.501 seconds
Domain Reload Profiling:
	ReloadAssembly (1502ms)
		BeginReloadAssembly (120ms)
			ExecutionOrderSort (0ms)
			DisableScriptedObjects (5ms)
			BackupInstance (0ms)
			ReleaseScriptingObjects (0ms)
			CreateAndSetChildDomain (17ms)
		EndReloadAssembly (1282ms)
			LoadAssemblies (99ms)
			RebuildTransferFunctionScriptingTraits (0ms)
			SetupTypeCache (227ms)
			ReleaseScriptCaches (1ms)
			RebuildScriptCaches (53ms)
			SetupLoadedEditorAssemblies (868ms)
				LogAssemblyErrors (0ms)
				InitializePlatformSupportModulesInManaged (21ms)
				SetLoadedEditorAssemblies (0ms)
				RefreshPlugins (108ms)
				BeforeProcessingInitializeOnLoad (100ms)
				ProcessInitializeOnLoadAttributes (569ms)
				ProcessInitializeOnLoadMethodAttributes (58ms)
				AfterProcessingInitializeOnLoad (12ms)
				EditorAssembliesLoaded (0ms)
			ExecutionOrderSort2 (0ms)
			AwakeInstancesAfterBackupRestoration (6ms)
Platform modules already initialized, skipping
========================================================================
Worker process is ready to serve import requests
Launched and connected shader compiler UnityShaderCompiler.exe after 0.04 seconds
Refreshing native plugins compatible for Editor in 0.99 ms, found 4 plugins.
Preloading 0 native plugins for Editor in 0.00 ms.
Unloading 4243 Unused Serialized files (Serialized files now loaded: 0)
Unloading 83 unused Assets / (47.5 KB). Loaded Objects now: 4666.
Memory consumption went from 164.6 MB to 164.5 MB.
Total: 3.122800 ms (FindLiveObjects: 0.329700 ms CreateObjectMapping: 0.300200 ms MarkObjects: 2.394600 ms  DeleteObjects: 0.097600 ms)

AssetImportParameters requested are different than current active one (requested -> active):
  custom:video-decoder-ogg-theora: a1e56fd34408186e4bbccfd4996cb3dc -> 
  custom:container-muxer-webm: aa71ff27fc2769a1b78a27578f13a17b -> 
  custom:container-demuxer-webm: 4f35f7cbe854078d1ac9338744f61a02 -> 
  custom:video-encoder-webm-vp8: eb34c28f22e8b96e1ab97ce403110664 -> 
  custom:CustomObjectIndexerAttribute: bc11b3a6c3213fcdd17b65e7da85e133 -> 
  custom:audio-encoder-webm-vorbis: bf7c407c2cedff20999df2af8eb42d56 -> 
  custom:framework-win-MediaFoundation: 216162199b28c13a410421893ffa2e32 -> 
  custom:SearchIndexIgnoredProperties: e643bd26f0fe6173181afceb89e7c659 -> 
  custom:container-demuxer-ogg: 62fdf1f143b41e24485cea50d1cbac27 -> 
  custom:video-decoder-webm-vp8: 9c59270c3fd7afecdb556c50c9e8de78 -> 
  custom:audio-decoder-ogg-vorbis: bf7c407c2cedff20999df2af8eb42d56 -> 
========================================================================
Received Import Request.
  Time since last request: 44871.618844 seconds.
  path: Assets/TextMesh Pro/Resources/Fonts & Materials/LiberationSans SDF.asset
  artifactKey: Guid(8f586378b4e144a9851e7b34d9b748ee) Importer(815301076,1909f56bfc062723c751e8b465ee728b)
Number of updated assets reloaded before import = 0
Start importing Assets/TextMesh Pro/Resources/Fonts & Materials/LiberationSans SDF.asset using Guid(8f586378b4e144a9851e7b34d9b748ee) Importer(815301076,1909f56bfc062723c751e8b465ee728b)  -> (artifact id: 'd00eaa6970ab0e8d89ea206e4e14ed00') in 0.198522 seconds 
Number of asset objects unloaded after import = 9
========================================================================
Received Prepare
Registering precompiled user dll's ...
Registered in 0.005190 seconds.
Begin MonoManager ReloadAssembly
Native extension for WindowsStandalone target not found
Native extension for Android target not found
Refreshing native plugins compatible for Editor in 1.10 ms, found 4 plugins.
Preloading 0 native plugins for Editor in 0.00 ms.
[Package Manager] Server::EnsureServerProcessIsRunning -- launch failed, reason: Unity was launched with the -noUpm command-line argument
[Package Manager] Cannot connect to Unity Package Manager local server
[Package Manager] Server::EnsureServerProcessIsRunning -- launch failed, reason: Unity was launched with the -noUpm command-line argument
[Package Manager] Cannot connect to Unity Package Manager local server
[Package Manager] Server::EnsureServerProcessIsRunning -- launch failed, reason: Unity was launched with the -noUpm command-line argument
[Package Manager] Cannot connect to Unity Package Manager local server
Mono: successfully reloaded assembly
- Completed reload, in  1.422 seconds
Domain Reload Profiling:
	ReloadAssembly (1423ms)
		BeginReloadAssembly (151ms)
			ExecutionOrderSort (0ms)
			DisableScriptedObjects (6ms)
			BackupInstance (0ms)
			ReleaseScriptingObjects (0ms)
			CreateAndSetChildDomain (36ms)
		EndReloadAssembly (1172ms)
			LoadAssemblies (111ms)
			RebuildTransferFunctionScriptingTraits (0ms)
			SetupTypeCache (261ms)
			ReleaseScriptCaches (1ms)
			RebuildScriptCaches (46ms)
			SetupLoadedEditorAssemblies (721ms)
				LogAssemblyErrors (0ms)
				InitializePlatformSupportModulesInManaged (25ms)
				SetLoadedEditorAssemblies (0ms)
				RefreshPlugins (1ms)
				BeforeProcessingInitializeOnLoad (72ms)
				ProcessInitializeOnLoadAttributes (568ms)
				ProcessInitializeOnLoadMethodAttributes (46ms)
				AfterProcessingInitializeOnLoad (9ms)
				EditorAssembliesLoaded (0ms)
			ExecutionOrderSort2 (0ms)
			AwakeInstancesAfterBackupRestoration (6ms)
Platform modules already initialized, skipping
Refreshing native plugins compatible for Editor in 1.07 ms, found 4 plugins.
Preloading 0 native plugins for Editor in 0.00 ms.
Unloading 4218 Unused Serialized files (Serialized files now loaded: 0)
Unloading 72 unused Assets / (23.0 KB). Loaded Objects now: 4711.
Memory consumption went from 162.0 MB to 162.0 MB.
Total: 3.153700 ms (FindLiveObjects: 0.268700 ms CreateObjectMapping: 0.289900 ms MarkObjects: 2.563800 ms  DeleteObjects: 0.030700 ms)

AssetImportParameters requested are different than current active one (requested -> active):
  custom:video-decoder-ogg-theora: a1e56fd34408186e4bbccfd4996cb3dc -> 
  custom:container-muxer-webm: aa71ff27fc2769a1b78a27578f13a17b -> 
  custom:container-demuxer-webm: 4f35f7cbe854078d1ac9338744f61a02 -> 
  custom:video-encoder-webm-vp8: eb34c28f22e8b96e1ab97ce403110664 -> 
  custom:CustomObjectIndexerAttribute: bc11b3a6c3213fcdd17b65e7da85e133 -> 
  custom:audio-encoder-webm-vorbis: bf7c407c2cedff20999df2af8eb42d56 -> 
  custom:framework-win-MediaFoundation: 216162199b28c13a410421893ffa2e32 -> 
  custom:SearchIndexIgnoredProperties: e643bd26f0fe6173181afceb89e7c659 -> 
  custom:container-demuxer-ogg: 62fdf1f143b41e24485cea50d1cbac27 -> 
  custom:video-decoder-webm-vp8: 9c59270c3fd7afecdb556c50c9e8de78 -> 
  custom:audio-decoder-ogg-vorbis: bf7c407c2cedff20999df2af8eb42d56 -> 
========================================================================
Received Prepare
Registering precompiled user dll's ...
Registered in 0.005025 seconds.
Begin MonoManager ReloadAssembly
Native extension for WindowsStandalone target not found
Native extension for Android target not found
Refreshing native plugins compatible for Editor in 1.03 ms, found 4 plugins.
Preloading 0 native plugins for Editor in 0.00 ms.
[Package Manager] Server::EnsureServerProcessIsRunning -- launch failed, reason: Unity was launched with the -noUpm command-line argument
[Package Manager] Cannot connect to Unity Package Manager local server
[Package Manager] Server::EnsureServerProcessIsRunning -- launch failed, reason: Unity was launched with the -noUpm command-line argument
[Package Manager] Cannot connect to Unity Package Manager local server
Mono: successfully reloaded assembly
- Completed reload, in  1.345 seconds
Domain Reload Profiling:
	ReloadAssembly (1345ms)
		BeginReloadAssembly (147ms)
			ExecutionOrderSort (0ms)
			DisableScriptedObjects (7ms)
			BackupInstance (0ms)
			ReleaseScriptingObjects (0ms)
			CreateAndSetChildDomain (39ms)
		EndReloadAssembly (1110ms)
			LoadAssemblies (98ms)
			RebuildTransferFunctionScriptingTraits (0ms)
			SetupTypeCache (225ms)
			ReleaseScriptCaches (1ms)
			RebuildScriptCaches (40ms)
			SetupLoadedEditorAssemblies (714ms)
				LogAssemblyErrors (0ms)
				InitializePlatformSupportModulesInManaged (21ms)
				SetLoadedEditorAssemblies (0ms)
				RefreshPlugins (1ms)
				BeforeProcessingInitializeOnLoad (78ms)
				ProcessInitializeOnLoadAttributes (563ms)
				ProcessInitializeOnLoadMethodAttributes (40ms)
				AfterProcessingInitializeOnLoad (10ms)
				EditorAssembliesLoaded (0ms)
			ExecutionOrderSort2 (0ms)
			AwakeInstancesAfterBackupRestoration (6ms)
Platform modules already initialized, skipping
Refreshing native plugins compatible for Editor in 1.05 ms, found 4 plugins.
Preloading 0 native plugins for Editor in 0.00 ms.
Unloading 4218 Unused Serialized files (Serialized files now loaded: 0)
Unloading 72 unused Assets / (23.0 KB). Loaded Objects now: 4714.
Memory consumption went from 162.1 MB to 162.0 MB.
Total: 3.913300 ms (FindLiveObjects: 0.502200 ms CreateObjectMapping: 0.505700 ms MarkObjects: 2.864900 ms  DeleteObjects: 0.039600 ms)

AssetImportParameters requested are different than current active one (requested -> active):
  custom:video-decoder-ogg-theora: a1e56fd34408186e4bbccfd4996cb3dc -> 
  custom:container-muxer-webm: aa71ff27fc2769a1b78a27578f13a17b -> 
  custom:container-demuxer-webm: 4f35f7cbe854078d1ac9338744f61a02 -> 
  custom:video-encoder-webm-vp8: eb34c28f22e8b96e1ab97ce403110664 -> 
  custom:CustomObjectIndexerAttribute: bc11b3a6c3213fcdd17b65e7da85e133 -> 
  custom:audio-encoder-webm-vorbis: bf7c407c2cedff20999df2af8eb42d56 -> 
  custom:framework-win-MediaFoundation: 216162199b28c13a410421893ffa2e32 -> 
  custom:SearchIndexIgnoredProperties: e643bd26f0fe6173181afceb89e7c659 -> 
  custom:container-demuxer-ogg: 62fdf1f143b41e24485cea50d1cbac27 -> 
  custom:video-decoder-webm-vp8: 9c59270c3fd7afecdb556c50c9e8de78 -> 
  custom:audio-decoder-ogg-vorbis: bf7c407c2cedff20999df2af8eb42d56 -> 
========================================================================
Received Import Request.
  Time since last request: 611.288402 seconds.
  path: Assets/JellyIcons/256x256/UI/GreenBox.png
  artifactKey: Guid(ce198f7d1f71ef241b8a26d92a5da1c4) Importer(815301076,1909f56bfc062723c751e8b465ee728b)
Number of updated assets reloaded before import = 0
Start importing Assets/JellyIcons/256x256/UI/GreenBox.png using Guid(ce198f7d1f71ef241b8a26d92a5da1c4) Importer(815301076,1909f56bfc062723c751e8b465ee728b)  -> (artifact id: '7bbb8f5ce4dcc5ac4a57128f096f1014') in 0.080653 seconds 
Number of asset objects unloaded after import = 3
========================================================================
Received Import Request.
  Time since last request: 0.000021 seconds.
  path: Assets/JellyIcons/256x256/UI/VioletBox.png
  artifactKey: Guid(6c7ff855b856dfd4098efb4b350c1653) Importer(815301076,1909f56bfc062723c751e8b465ee728b)
Number of updated assets reloaded before import = 0
Start importing Assets/JellyIcons/256x256/UI/VioletBox.png using Guid(6c7ff855b856dfd4098efb4b350c1653) Importer(815301076,1909f56bfc062723c751e8b465ee728b)  -> (artifact id: '33d16c8d8149fbcd3233771c2ca647cf') in 0.037593 seconds 
Number of asset objects unloaded after import = 3
========================================================================
Received Import Request.
  Time since last request: 2.473424 seconds.
  path: Assets/JellyIcons/256x256/Icons/BlueCircles/BlueCircle Menu2.png
  artifactKey: Guid(a8a0250e141de384c984feacf633bd90) Importer(815301076,1909f56bfc062723c751e8b465ee728b)
Number of updated assets reloaded before import = 0
Start importing Assets/JellyIcons/256x256/Icons/BlueCircles/BlueCircle Menu2.png using Guid(a8a0250e141de384c984feacf633bd90) Importer(815301076,1909f56bfc062723c751e8b465ee728b)  -> (artifact id: 'c17eed82443f7c6147a0d7bb2a361750') in 0.027518 seconds 
Number of asset objects unloaded after import = 3
========================================================================
Received Import Request.
  Time since last request: 0.000014 seconds.
  path: Assets/JellyIcons/256x256/Icons/BlueCircles/BlueCircleDownloadLeft.png
  artifactKey: Guid(6c6afc29516903b49befee3ff2ec309c) Importer(815301076,1909f56bfc062723c751e8b465ee728b)
Number of updated assets reloaded before import = 0
Start importing Assets/JellyIcons/256x256/Icons/BlueCircles/BlueCircleDownloadLeft.png using Guid(6c6afc29516903b49befee3ff2ec309c) Importer(815301076,1909f56bfc062723c751e8b465ee728b)  -> (artifact id: '15ca56ce2cc783d7f3fe07df126d23fd') in 0.026789 seconds 
Number of asset objects unloaded after import = 3
========================================================================
Received Import Request.
  Time since last request: 0.000015 seconds.
  path: Assets/JellyIcons/256x256/Icons/BlueCircles/BlueCircleShop.png
  artifactKey: Guid(ad3db5cff888dd741b4df48bf66ed63f) Importer(815301076,1909f56bfc062723c751e8b465ee728b)
Number of updated assets reloaded before import = 0
Start importing Assets/JellyIcons/256x256/Icons/BlueCircles/BlueCircleShop.png using Guid(ad3db5cff888dd741b4df48bf66ed63f) Importer(815301076,1909f56bfc062723c751e8b465ee728b)  -> (artifact id: 'ce8f0cadb78cf5a5619ad425d0d04cf5') in 0.023570 seconds 
Number of asset objects unloaded after import = 3
========================================================================
Received Import Request.
  Time since last request: 0.000010 seconds.
  path: Assets/JellyIcons/256x256/Icons/BlueCircles/BlueCircleStat.png
  artifactKey: Guid(8e7340abdda479544ba9a59a071308ab) Importer(815301076,1909f56bfc062723c751e8b465ee728b)
Number of updated assets reloaded before import = 0
Start importing Assets/JellyIcons/256x256/Icons/BlueCircles/BlueCircleStat.png using Guid(8e7340abdda479544ba9a59a071308ab) Importer(815301076,1909f56bfc062723c751e8b465ee728b)  -> (artifact id: '28a9e5619f53d837ee53b3a814c6023a') in 0.023002 seconds 
Number of asset objects unloaded after import = 3
========================================================================
Received Import Request.
  Time since last request: 0.000015 seconds.
  path: Assets/JellyIcons/256x256/Icons/BlueCircles/BlueCircle.png
  artifactKey: Guid(0049568b395a9d746a422cd22bd497c8) Importer(815301076,1909f56bfc062723c751e8b465ee728b)
Number of updated assets reloaded before import = 0
Start importing Assets/JellyIcons/256x256/Icons/BlueCircles/BlueCircle.png using Guid(0049568b395a9d746a422cd22bd497c8) Importer(815301076,1909f56bfc062723c751e8b465ee728b)  -> (artifact id: 'e01689b6a98f785f93989f9c6f9b5350') in 0.023424 seconds 
Number of asset objects unloaded after import = 3
========================================================================
Received Import Request.
  Time since last request: 0.000035 seconds.
  path: Assets/JellyIcons/256x256/Icons/BlueCircles/BlueCircleStop.png
  artifactKey: Guid(f587a70b9f4ced347ad936535604dfb5) Importer(815301076,1909f56bfc062723c751e8b465ee728b)
Number of updated assets reloaded before import = 0
Start importing Assets/JellyIcons/256x256/Icons/BlueCircles/BlueCircleStop.png using Guid(f587a70b9f4ced347ad936535604dfb5) Importer(815301076,1909f56bfc062723c751e8b465ee728b)  -> (artifact id: 'af2ac90a3a543dd59ba6bcf160751d91') in 0.026338 seconds 
Number of asset objects unloaded after import = 3
========================================================================
Received Import Request.
  Time since last request: 0.000024 seconds.
  path: Assets/JellyIcons/256x256/Icons/BlueCircles/BlueCircleSound.png
  artifactKey: Guid(3901fbe1b6ab2e64b9c9ec00f5206cf6) Importer(815301076,1909f56bfc062723c751e8b465ee728b)
Number of updated assets reloaded before import = 0
Start importing Assets/JellyIcons/256x256/Icons/BlueCircles/BlueCircleSound.png using Guid(3901fbe1b6ab2e64b9c9ec00f5206cf6) Importer(815301076,1909f56bfc062723c751e8b465ee728b)  -> (artifact id: '33e727d2dfac8dffc0b4a6dc8fb1b8c3') in 0.026938 seconds 
Number of asset objects unloaded after import = 3
========================================================================
Received Import Request.
  Time since last request: 0.000014 seconds.
  path: Assets/JellyIcons/256x256/Icons/BlueCircles/BlueCirclePlus.png
  artifactKey: Guid(5b3ea1e4e48ffaf4eaaa32286cb4d544) Importer(815301076,1909f56bfc062723c751e8b465ee728b)
Number of updated assets reloaded before import = 0
Start importing Assets/JellyIcons/256x256/Icons/BlueCircles/BlueCirclePlus.png using Guid(5b3ea1e4e48ffaf4eaaa32286cb4d544) Importer(815301076,1909f56bfc062723c751e8b465ee728b)  -> (artifact id: '1284a8db83340367faf089bbd279a7b9') in 0.025609 seconds 
Number of asset objects unloaded after import = 3
========================================================================
Received Import Request.
  Time since last request: 0.000014 seconds.
  path: Assets/JellyIcons/256x256/Icons/BlueCircles/BlueCircleRewind2.png
  artifactKey: Guid(894be7dd1851b9e4bb69f44fd89c0ee9) Importer(815301076,1909f56bfc062723c751e8b465ee728b)
Number of updated assets reloaded before import = 0
Start importing Assets/JellyIcons/256x256/Icons/BlueCircles/BlueCircleRewind2.png using Guid(894be7dd1851b9e4bb69f44fd89c0ee9) Importer(815301076,1909f56bfc062723c751e8b465ee728b)  -> (artifact id: '545d7a0eb456fbd49c7dcd83c7a1d744') in 0.028611 seconds 
Number of asset objects unloaded after import = 3
========================================================================
Received Import Request.
  Time since last request: 0.000015 seconds.
  path: Assets/JellyIcons/256x256/Icons/BlueCircles/BlueCircle Pause.png
  artifactKey: Guid(0138ec02b0f82b548b274e82bdfd4d4c) Importer(815301076,1909f56bfc062723c751e8b465ee728b)
Number of updated assets reloaded before import = 0
Start importing Assets/JellyIcons/256x256/Icons/BlueCircles/BlueCircle Pause.png using Guid(0138ec02b0f82b548b274e82bdfd4d4c) Importer(815301076,1909f56bfc062723c751e8b465ee728b)  -> (artifact id: 'da2d7c42dc30490655b4c76ea67f6121') in 0.025568 seconds 
Number of asset objects unloaded after import = 3
========================================================================
Received Import Request.
  Time since last request: 0.000013 seconds.
  path: Assets/JellyIcons/256x256/Icons/BlueCircles/BlueCircleCamera.png
  artifactKey: Guid(f9a2d9b4ac4d04946805cc179aa5ceee) Importer(815301076,1909f56bfc062723c751e8b465ee728b)
Number of updated assets reloaded before import = 0
Start importing Assets/JellyIcons/256x256/Icons/BlueCircles/BlueCircleCamera.png using Guid(f9a2d9b4ac4d04946805cc179aa5ceee) Importer(815301076,1909f56bfc062723c751e8b465ee728b)  -> (artifact id: '593bcfe312b921c072554bac8702d7e0') in 0.026095 seconds 
Number of asset objects unloaded after import = 3
========================================================================
Received Import Request.
  Time since last request: 0.000020 seconds.
  path: Assets/JellyIcons/256x256/Icons/BlueCircles/BlueCircleJoystick.png
  artifactKey: Guid(c622d9b0a803c1243bb82471def5ee4e) Importer(815301076,1909f56bfc062723c751e8b465ee728b)
Number of updated assets reloaded before import = 0
Start importing Assets/JellyIcons/256x256/Icons/BlueCircles/BlueCircleJoystick.png using Guid(c622d9b0a803c1243bb82471def5ee4e) Importer(815301076,1909f56bfc062723c751e8b465ee728b)  -> (artifact id: 'd83dac77166160fc4c37b00676a50031') in 0.025253 seconds 
Number of asset objects unloaded after import = 3
========================================================================
Received Import Request.
  Time since last request: 0.000022 seconds.
  path: Assets/JellyIcons/256x256/Icons/BlueCircles/BlueCircleRewind.png
  artifactKey: Guid(4ee8c52b58d634341a49fed65a1f22a4) Importer(815301076,1909f56bfc062723c751e8b465ee728b)
Number of updated assets reloaded before import = 0
Start importing Assets/JellyIcons/256x256/Icons/BlueCircles/BlueCircleRewind.png using Guid(4ee8c52b58d634341a49fed65a1f22a4) Importer(815301076,1909f56bfc062723c751e8b465ee728b)  -> (artifact id: 'c94c1b49d6b9952a95c74ecf412c315c') in 0.023148 seconds 
Number of asset objects unloaded after import = 3
========================================================================
Received Import Request.
  Time since last request: 0.000013 seconds.
  path: Assets/JellyIcons/256x256/Icons/BlueCircles/BlueCircleGear.png
  artifactKey: Guid(a1c535a1c2abc9646a3290df4551e9c8) Importer(815301076,1909f56bfc062723c751e8b465ee728b)
Number of updated assets reloaded before import = 0
Start importing Assets/JellyIcons/256x256/Icons/BlueCircles/BlueCircleGear.png using Guid(a1c535a1c2abc9646a3290df4551e9c8) Importer(815301076,1909f56bfc062723c751e8b465ee728b)  -> (artifact id: '2b7f247a600f1c4129cca7ed01890a93') in 0.026605 seconds 
Number of asset objects unloaded after import = 3
========================================================================
Received Import Request.
  Time since last request: 0.000031 seconds.
  path: Assets/JellyIcons/256x256/Icons/BlueCircles/BlueCircleDownload.png
  artifactKey: Guid(9bdc11920a190724f8cca33beb77952c) Importer(815301076,1909f56bfc062723c751e8b465ee728b)
Number of updated assets reloaded before import = 0
Start importing Assets/JellyIcons/256x256/Icons/BlueCircles/BlueCircleDownload.png using Guid(9bdc11920a190724f8cca33beb77952c) Importer(815301076,1909f56bfc062723c751e8b465ee728b)  -> (artifact id: '5e92c4ec01a324c7d155f47cfb5f7916') in 0.033540 seconds 
Number of asset objects unloaded after import = 3
========================================================================
Received Import Request.
  Time since last request: 0.000026 seconds.
  path: Assets/JellyIcons/256x256/Icons/BlueCircles/BlueCircleShare.png
  artifactKey: Guid(04642eb6eeb33a3489f20fae61d5f0ae) Importer(815301076,1909f56bfc062723c751e8b465ee728b)
Number of updated assets reloaded before import = 0
Start importing Assets/JellyIcons/256x256/Icons/BlueCircles/BlueCircleShare.png using Guid(04642eb6eeb33a3489f20fae61d5f0ae) Importer(815301076,1909f56bfc062723c751e8b465ee728b)  -> (artifact id: 'b0a6af867c4029012a545c7b8bf56398') in 0.026098 seconds 
Number of asset objects unloaded after import = 3
========================================================================
Received Import Request.
  Time since last request: 0.000015 seconds.
  path: Assets/JellyIcons/256x256/Icons/BlueCircles/BlueCircleArrowLeft.png
  artifactKey: Guid(85655c8d039bc3341b04aabecdd252aa) Importer(815301076,1909f56bfc062723c751e8b465ee728b)
Number of updated assets reloaded before import = 0
Start importing Assets/JellyIcons/256x256/Icons/BlueCircles/BlueCircleArrowLeft.png using Guid(85655c8d039bc3341b04aabecdd252aa) Importer(815301076,1909f56bfc062723c751e8b465ee728b)  -> (artifact id: '3d8a9d6598566a6d84d572a5a22f2d43') in 0.023881 seconds 
Number of asset objects unloaded after import = 3
========================================================================
Received Import Request.
  Time since last request: 0.000014 seconds.
  path: Assets/JellyIcons/256x256/Icons/BlueCircles/BlueCircleTwitter.png
  artifactKey: Guid(097847477831a824aa7bf11e3c615627) Importer(815301076,1909f56bfc062723c751e8b465ee728b)
Number of updated assets reloaded before import = 0
Start importing Assets/JellyIcons/256x256/Icons/BlueCircles/BlueCircleTwitter.png using Guid(097847477831a824aa7bf11e3c615627) Importer(815301076,1909f56bfc062723c751e8b465ee728b)  -> (artifact id: '54b31af0f4009a779ba27b621f85613d') in 0.024975 seconds 
Number of asset objects unloaded after import = 3
========================================================================
Received Import Request.
  Time since last request: 0.000016 seconds.
  path: Assets/JellyIcons/256x256/Icons/BlueCircles/BlueCircleSoundOff.png
  artifactKey: Guid(26ad65e03c0be79419df3388bd706d47) Importer(815301076,1909f56bfc062723c751e8b465ee728b)
Number of updated assets reloaded before import = 0
Start importing Assets/JellyIcons/256x256/Icons/BlueCircles/BlueCircleSoundOff.png using Guid(26ad65e03c0be79419df3388bd706d47) Importer(815301076,1909f56bfc062723c751e8b465ee728b)  -> (artifact id: 'ad7424007177d3d0a915784ad7d5df9a') in 0.025844 seconds 
Number of asset objects unloaded after import = 3
========================================================================
Received Import Request.
  Time since last request: 0.000012 seconds.
  path: Assets/JellyIcons/256x256/Icons/BlueCircles/BlueCirclePlayRight.png
  artifactKey: Guid(8029331e7932950428bde47fcbff1c08) Importer(815301076,1909f56bfc062723c751e8b465ee728b)
Number of updated assets reloaded before import = 0
Start importing Assets/JellyIcons/256x256/Icons/BlueCircles/BlueCirclePlayRight.png using Guid(8029331e7932950428bde47fcbff1c08) Importer(815301076,1909f56bfc062723c751e8b465ee728b)  -> (artifact id: '85e0cc740f622f0af3834a278816c2e2') in 0.023235 seconds 
Number of asset objects unloaded after import = 3
========================================================================
Received Import Request.
  Time since last request: 0.000014 seconds.
  path: Assets/JellyIcons/256x256/Icons/BlueCircles/BlueCircleVideocamera.png
  artifactKey: Guid(d8ccd7cfd11c1f240ab2c476d9f344c9) Importer(815301076,1909f56bfc062723c751e8b465ee728b)
Number of updated assets reloaded before import = 0
Start importing Assets/JellyIcons/256x256/Icons/BlueCircles/BlueCircleVideocamera.png using Guid(d8ccd7cfd11c1f240ab2c476d9f344c9) Importer(815301076,1909f56bfc062723c751e8b465ee728b)  -> (artifact id: 'dae147f1eeee90a79a9d4d82e5466878') in 0.024205 seconds 
Number of asset objects unloaded after import = 3
========================================================================
Received Import Request.
  Time since last request: 0.000014 seconds.
  path: Assets/JellyIcons/256x256/Icons/BlueCircles/BlueCircleIInfo.png
  artifactKey: Guid(1ddbbe6b442e3e948acf9cba2a942f9c) Importer(815301076,1909f56bfc062723c751e8b465ee728b)
Number of updated assets reloaded before import = 0
Start importing Assets/JellyIcons/256x256/Icons/BlueCircles/BlueCircleIInfo.png using Guid(1ddbbe6b442e3e948acf9cba2a942f9c) Importer(815301076,1909f56bfc062723c751e8b465ee728b)  -> (artifact id: '528b4ac7d974e915b0b2b95a25f0c725') in 0.025346 seconds 
Number of asset objects unloaded after import = 3
========================================================================
Received Import Request.
  Time since last request: 0.000020 seconds.
  path: Assets/JellyIcons/256x256/Icons/BlueCircles/BlueCircleCross.png
  artifactKey: Guid(4274123a0beae1a4985ad6f525fc9891) Importer(815301076,1909f56bfc062723c751e8b465ee728b)
Number of updated assets reloaded before import = 0
Start importing Assets/JellyIcons/256x256/Icons/BlueCircles/BlueCircleCross.png using Guid(4274123a0beae1a4985ad6f525fc9891) Importer(815301076,1909f56bfc062723c751e8b465ee728b)  -> (artifact id: 'ec78a56487bb9c05ba436de490e9552c') in 0.024100 seconds 
Number of asset objects unloaded after import = 3
========================================================================
Received Import Request.
  Time since last request: 0.000022 seconds.
  path: Assets/JellyIcons/256x256/Icons/BlueCircles/BlueCircleMusicOff.png
  artifactKey: Guid(b413d991744e21a4a8438c5ae12abb30) Importer(815301076,1909f56bfc062723c751e8b465ee728b)
Number of updated assets reloaded before import = 0
Start importing Assets/JellyIcons/256x256/Icons/BlueCircles/BlueCircleMusicOff.png using Guid(b413d991744e21a4a8438c5ae12abb30) Importer(815301076,1909f56bfc062723c751e8b465ee728b)  -> (artifact id: 'e4b5dec53f2053c320369c2945e4fcad') in 0.025715 seconds 
Number of asset objects unloaded after import = 3
========================================================================
Received Import Request.
  Time since last request: 0.000027 seconds.
  path: Assets/JellyIcons/256x256/Icons/BlueCircles/BlueCircle PlayLeft.png
  artifactKey: Guid(379dde75627321a4fa2bcb54916bcea4) Importer(815301076,1909f56bfc062723c751e8b465ee728b)
Number of updated assets reloaded before import = 0
Start importing Assets/JellyIcons/256x256/Icons/BlueCircles/BlueCircle PlayLeft.png using Guid(379dde75627321a4fa2bcb54916bcea4) Importer(815301076,1909f56bfc062723c751e8b465ee728b)  -> (artifact id: 'b894aa687530e8309abf24b3755413a7') in 0.030055 seconds 
Number of asset objects unloaded after import = 3
Editor requested this worker to shutdown with reason: Scaling down because of idle timeout
AssetImportWorker is now disconnected from the server
Process exiting
Exiting without the bug reporter. Application will terminate with return code 0