Using pre-set license
Built from '2021.3/staging' branch; Version is '2021.3.30f1 (b4360d7cdac4) revision 11810317'; Using compiler version '192829333'; Build Type 'Release'
OS: 'Windows 10  (10.0.19045) 64bit Core' Language: 'en' Physical Memory: 32683 MB
BatchMode: 1, IsHumanControllingUs: 0, StartBugReporterOnCrash: 0, Is64bit: 1, IsPro: 1

COMMAND LINE ARGUMENTS:
C:\Program Files\Unity\Hub\Editor\2021.3.30f1\Editor\Unity.exe
-adb2
-batchMode
-noUpm
-name
AssetImportWorker4
-projectPath
D:/Projects/Defense/TDefense
-logFile
Logs/AssetImportWorker4.log
-srvPort
59976
Successfully changed project path to: D:/Projects/Defense/TDefense
D:/Projects/Defense/TDefense
[UnityMemory] Configuration Parameters - Can be set up in boot.config
    "memorysetup-bucket-allocator-granularity=16"
    "memorysetup-bucket-allocator-bucket-count=8"
    "memorysetup-bucket-allocator-block-size=33554432"
    "memorysetup-bucket-allocator-block-count=8"
    "memorysetup-main-allocator-block-size=16777216"
    "memorysetup-thread-allocator-block-size=16777216"
    "memorysetup-gfx-main-allocator-block-size=16777216"
    "memorysetup-gfx-thread-allocator-block-size=16777216"
    "memorysetup-cache-allocator-block-size=4194304"
    "memorysetup-typetree-allocator-block-size=2097152"
    "memorysetup-profiler-bucket-allocator-granularity=16"
    "memorysetup-profiler-bucket-allocator-bucket-count=8"
    "memorysetup-profiler-bucket-allocator-block-size=33554432"
    "memorysetup-profiler-bucket-allocator-block-count=8"
    "memorysetup-profiler-allocator-block-size=16777216"
    "memorysetup-profiler-editor-allocator-block-size=1048576"
    "memorysetup-temp-allocator-size-main=16777216"
    "memorysetup-job-temp-allocator-block-size=2097152"
    "memorysetup-job-temp-allocator-block-size-background=1048576"
    "memorysetup-job-temp-allocator-reduction-small-platforms=262144"
    "memorysetup-temp-allocator-size-background-worker=32768"
    "memorysetup-temp-allocator-size-job-worker=262144"
    "memorysetup-temp-allocator-size-preload-manager=33554432"
    "memorysetup-temp-allocator-size-nav-mesh-worker=65536"
    "memorysetup-temp-allocator-size-audio-worker=65536"
    "memorysetup-temp-allocator-size-cloud-worker=32768"
    "memorysetup-temp-allocator-size-gi-baking-worker=262144"
    "memorysetup-temp-allocator-size-gfx=262144"
Player connection [6596] Host "[IP] 192.168.1.38 [Port] 0 [Flags] 2 [Guid] 3769650221 [EditorId] 3769650221 [Version] 1048832 [Id] WindowsEditor(7,DESKTOP-VK2T73L) [Debug] 1 [PackageName] WindowsEditor [ProjectName] Editor" joined multi-casting on [225.0.0.222:54997]...

Player connection [6596] Host "[IP] 192.168.1.38 [Port] 0 [Flags] 2 [Guid] 3769650221 [EditorId] 3769650221 [Version] 1048832 [Id] WindowsEditor(7,DESKTOP-VK2T73L) [Debug] 1 [PackageName] WindowsEditor [ProjectName] Editor" joined alternative multi-casting on [225.0.0.222:34997]...

[Physics::Module] Initialized MultithreadedJobDispatcher with {0} workers.
Refreshing native plugins compatible for Editor in 123.15 ms, found 4 plugins.
Preloading 0 native plugins for Editor in 0.00 ms.
Initialize engine version: 2021.3.30f1 (b4360d7cdac4)
[Subsystems] Discovering subsystems at path C:/Program Files/Unity/Hub/Editor/2021.3.30f1/Editor/Data/Resources/UnitySubsystems
[Subsystems] Discovering subsystems at path D:/Projects/Defense/TDefense/Assets
GfxDevice: creating device client; threaded=0; jobified=0
Direct3D:
    Version:  Direct3D 11.0 [level 11.1]
    Renderer: NVIDIA GeForce RTX 3080 (ID=0x2206)
    Vendor:   NVIDIA
    VRAM:     10067 MB
    Driver:   31.0.15.3713
Initialize mono
Mono path[0] = 'C:/Program Files/Unity/Hub/Editor/2021.3.30f1/Editor/Data/Managed'
Mono path[1] = 'C:/Program Files/Unity/Hub/Editor/2021.3.30f1/Editor/Data/MonoBleedingEdge/lib/mono/unityjit-win32'
Mono config path = 'C:/Program Files/Unity/Hub/Editor/2021.3.30f1/Editor/Data/MonoBleedingEdge/etc'
Using monoOptions --debugger-agent=transport=dt_socket,embedding=1,server=y,suspend=n,address=127.0.0.1:56988
Begin MonoManager ReloadAssembly
Registering precompiled unity dll's ...
Register platform support module: C:/Program Files/Unity/Hub/Editor/2021.3.30f1/Editor/Data/PlaybackEngines/AndroidPlayer/UnityEditor.Android.Extensions.dll
Register platform support module: C:/Program Files/Unity/Hub/Editor/2021.3.30f1/Editor/Data/PlaybackEngines/WindowsStandaloneSupport/UnityEditor.WindowsStandalone.Extensions.dll
Registered in 0.009553 seconds.
Native extension for WindowsStandalone target not found
Native extension for Android target not found
Android Extension - Scanning For ADB Devices 207 ms
Refreshing native plugins compatible for Editor in 86.06 ms, found 4 plugins.
Preloading 0 native plugins for Editor in 0.00 ms.
Mono: successfully reloaded assembly
- Completed reload, in  0.871 seconds
Domain Reload Profiling:
	ReloadAssembly (871ms)
		BeginReloadAssembly (109ms)
			ExecutionOrderSort (0ms)
			DisableScriptedObjects (0ms)
			BackupInstance (0ms)
			ReleaseScriptingObjects (0ms)
			CreateAndSetChildDomain (1ms)
		EndReloadAssembly (669ms)
			LoadAssemblies (107ms)
			RebuildTransferFunctionScriptingTraits (0ms)
			SetupTypeCache (101ms)
			ReleaseScriptCaches (0ms)
			RebuildScriptCaches (24ms)
			SetupLoadedEditorAssemblies (506ms)
				LogAssemblyErrors (0ms)
				InitializePlatformSupportModulesInManaged (309ms)
				SetLoadedEditorAssemblies (0ms)
				RefreshPlugins (86ms)
				BeforeProcessingInitializeOnLoad (1ms)
				ProcessInitializeOnLoadAttributes (72ms)
				ProcessInitializeOnLoadMethodAttributes (38ms)
				AfterProcessingInitializeOnLoad (0ms)
				EditorAssembliesLoaded (0ms)
			ExecutionOrderSort2 (0ms)
			AwakeInstancesAfterBackupRestoration (0ms)
Platform modules already initialized, skipping
Registering precompiled user dll's ...
Registered in 0.004268 seconds.
Begin MonoManager ReloadAssembly
Native extension for WindowsStandalone target not found
Native extension for Android target not found
Refreshing native plugins compatible for Editor in 87.73 ms, found 4 plugins.
Preloading 0 native plugins for Editor in 0.00 ms.
Package Manager log level set to [2]
[Package Manager] Server::EnsureServerProcessIsRunning -- launch failed, reason: Unity was launched with the -noUpm command-line argument
[Package Manager] Cannot connect to Unity Package Manager local server
Mono: successfully reloaded assembly
- Completed reload, in  1.459 seconds
Domain Reload Profiling:
	ReloadAssembly (1460ms)
		BeginReloadAssembly (117ms)
			ExecutionOrderSort (0ms)
			DisableScriptedObjects (5ms)
			BackupInstance (0ms)
			ReleaseScriptingObjects (0ms)
			CreateAndSetChildDomain (18ms)
		EndReloadAssembly (1241ms)
			LoadAssemblies (93ms)
			RebuildTransferFunctionScriptingTraits (0ms)
			SetupTypeCache (239ms)
			ReleaseScriptCaches (1ms)
			RebuildScriptCaches (51ms)
			SetupLoadedEditorAssemblies (821ms)
				LogAssemblyErrors (0ms)
				InitializePlatformSupportModulesInManaged (21ms)
				SetLoadedEditorAssemblies (0ms)
				RefreshPlugins (88ms)
				BeforeProcessingInitializeOnLoad (104ms)
				ProcessInitializeOnLoadAttributes (559ms)
				ProcessInitializeOnLoadMethodAttributes (40ms)
				AfterProcessingInitializeOnLoad (9ms)
				EditorAssembliesLoaded (0ms)
			ExecutionOrderSort2 (0ms)
			AwakeInstancesAfterBackupRestoration (6ms)
Platform modules already initialized, skipping
========================================================================
Worker process is ready to serve import requests
Launched and connected shader compiler UnityShaderCompiler.exe after 0.03 seconds
Refreshing native plugins compatible for Editor in 0.72 ms, found 4 plugins.
Preloading 0 native plugins for Editor in 0.00 ms.
Unloading 4136 Unused Serialized files (Serialized files now loaded: 0)
Unloading 64 unused Assets / (47.4 KB). Loaded Objects now: 4573.
Memory consumption went from 161.6 MB to 161.6 MB.
Total: 3.140500 ms (FindLiveObjects: 0.381300 ms CreateObjectMapping: 0.322500 ms MarkObjects: 2.365800 ms  DeleteObjects: 0.070200 ms)

AssetImportParameters requested are different than current active one (requested -> active):
  custom:video-decoder-ogg-theora: a1e56fd34408186e4bbccfd4996cb3dc -> 
  custom:container-muxer-webm: aa71ff27fc2769a1b78a27578f13a17b -> 
  custom:container-demuxer-webm: 4f35f7cbe854078d1ac9338744f61a02 -> 
  custom:video-encoder-webm-vp8: eb34c28f22e8b96e1ab97ce403110664 -> 
  custom:CustomObjectIndexerAttribute: bc11b3a6c3213fcdd17b65e7da85e133 -> 
  custom:audio-encoder-webm-vorbis: bf7c407c2cedff20999df2af8eb42d56 -> 
  custom:framework-win-MediaFoundation: 216162199b28c13a410421893ffa2e32 -> 
  custom:SearchIndexIgnoredProperties: e643bd26f0fe6173181afceb89e7c659 -> 
  custom:container-demuxer-ogg: 62fdf1f143b41e24485cea50d1cbac27 -> 
  custom:video-decoder-webm-vp8: 9c59270c3fd7afecdb556c50c9e8de78 -> 
  custom:audio-decoder-ogg-vorbis: bf7c407c2cedff20999df2af8eb42d56 -> 
========================================================================
Received Import Request.
  Time since last request: 101506.038812 seconds.
  path: Assets/The Legend of Slim/07 RPG/Electron/02.png
  artifactKey: Guid(0b333e75f31780e4886515d951888fa4) Importer(815301076,1909f56bfc062723c751e8b465ee728b)
Number of updated assets reloaded before import = 0
Start importing Assets/The Legend of Slim/07 RPG/Electron/02.png using Guid(0b333e75f31780e4886515d951888fa4) Importer(815301076,1909f56bfc062723c751e8b465ee728b)  -> (artifact id: '591534dd7d9733e10b0657cc2934061d') in 0.217244 seconds 
Number of asset objects unloaded after import = 3
========================================================================
Received Import Request.
  Time since last request: 3.162588 seconds.
  path: Assets/Prefabs/Enemies/Normal.prefab
  artifactKey: Guid(98d950611318b53469ee86a0dc171c73) Importer(815301076,1909f56bfc062723c751e8b465ee728b)
Number of updated assets reloaded before import = 0
Start importing Assets/Prefabs/Enemies/Normal.prefab using Guid(98d950611318b53469ee86a0dc171c73) Importer(815301076,1909f56bfc062723c751e8b465ee728b)  -> (artifact id: '37fe37894cd332c95b52a30404eda3ac') in 0.035593 seconds 
Number of asset objects unloaded after import = 14
========================================================================
Received Import Request.
  Time since last request: 2.584179 seconds.
  path: Assets/The Legend of Slim/06 Element/Lightning/01.png
  artifactKey: Guid(8630fb6c32723c64692197cd4b5140d4) Importer(815301076,1909f56bfc062723c751e8b465ee728b)
Number of updated assets reloaded before import = 0
Start importing Assets/The Legend of Slim/06 Element/Lightning/01.png using Guid(8630fb6c32723c64692197cd4b5140d4) Importer(815301076,1909f56bfc062723c751e8b465ee728b)  -> (artifact id: '9fe6efa322125cd5f7f25acf7fe1e3af') in 0.055705 seconds 
Number of asset objects unloaded after import = 3
========================================================================
Received Import Request.
  Time since last request: 1.065159 seconds.
  path: Assets/The Legend of Slim/02 The Forest/Wildman/01.png
  artifactKey: Guid(e1db9ad041d59394088c3929c216809a) Importer(815301076,1909f56bfc062723c751e8b465ee728b)
Number of updated assets reloaded before import = 0
Start importing Assets/The Legend of Slim/02 The Forest/Wildman/01.png using Guid(e1db9ad041d59394088c3929c216809a) Importer(815301076,1909f56bfc062723c751e8b465ee728b)  -> (artifact id: '6d0f86a76048aa7128b9ef7c63e9612c') in 0.047401 seconds 
Number of asset objects unloaded after import = 3
========================================================================
Received Import Request.
  Time since last request: 0.469243 seconds.
  path: Assets/The Legend of Slim/04 Desret and Ice/Snow/01.png
  artifactKey: Guid(1f8cd5e783f635e43a7f06f09440808f) Importer(815301076,1909f56bfc062723c751e8b465ee728b)
Number of updated assets reloaded before import = 0
Start importing Assets/The Legend of Slim/04 Desret and Ice/Snow/01.png using Guid(1f8cd5e783f635e43a7f06f09440808f) Importer(815301076,1909f56bfc062723c751e8b465ee728b)  -> (artifact id: 'b7d848aa87bbdc4b3d6243a6d3900bc9') in 0.048492 seconds 
Number of asset objects unloaded after import = 3
========================================================================
Received Import Request.
  Time since last request: 0.045341 seconds.
  path: Assets/The Legend of Slim/04 Desret and Ice/sand/01.png
  artifactKey: Guid(351e7d7f08d54b447b1df750b87c4cde) Importer(815301076,1909f56bfc062723c751e8b465ee728b)
Number of updated assets reloaded before import = 0
Start importing Assets/The Legend of Slim/04 Desret and Ice/sand/01.png using Guid(351e7d7f08d54b447b1df750b87c4cde) Importer(815301076,1909f56bfc062723c751e8b465ee728b)  -> (artifact id: '42b5c600ddc2c2c2c2aae1594ce3e463') in 0.047569 seconds 
Number of asset objects unloaded after import = 3
========================================================================
Received Import Request.
  Time since last request: 0.625034 seconds.
  path: Assets/The Legend of Slim/04 Desret and Ice/Mummy/01.png
  artifactKey: Guid(5b091dfa2bab8bb4cb8b7b867d7b95b5) Importer(815301076,1909f56bfc062723c751e8b465ee728b)
Number of updated assets reloaded before import = 0
Start importing Assets/The Legend of Slim/04 Desret and Ice/Mummy/01.png using Guid(5b091dfa2bab8bb4cb8b7b867d7b95b5) Importer(815301076,1909f56bfc062723c751e8b465ee728b)  -> (artifact id: '9205756e53f7e03e21cda954c5905ba7') in 0.048647 seconds 
Number of asset objects unloaded after import = 3
========================================================================
Received Import Request.
  Time since last request: 0.480934 seconds.
  path: Assets/The Legend of Slim/05 The Ocean/Tiger shark/01.png
  artifactKey: Guid(81af6409d9daa6644ad4aa5ce6439f88) Importer(815301076,1909f56bfc062723c751e8b465ee728b)
Number of updated assets reloaded before import = 0
Start importing Assets/The Legend of Slim/05 The Ocean/Tiger shark/01.png using Guid(81af6409d9daa6644ad4aa5ce6439f88) Importer(815301076,1909f56bfc062723c751e8b465ee728b)  -> (artifact id: 'ec3dec01908f3e1871381a48f3824997') in 0.047756 seconds 
Number of asset objects unloaded after import = 3
========================================================================
Received Import Request.
  Time since last request: 0.278901 seconds.
  path: Assets/The Legend of Slim/05 The Ocean/Water/01.png
  artifactKey: Guid(008c7049d2cb4c646a7d43c12494e372) Importer(815301076,1909f56bfc062723c751e8b465ee728b)
Number of updated assets reloaded before import = 0
Start importing Assets/The Legend of Slim/05 The Ocean/Water/01.png using Guid(008c7049d2cb4c646a7d43c12494e372) Importer(815301076,1909f56bfc062723c751e8b465ee728b)  -> (artifact id: 'cf7d00c12f79168eebe55f2e40bb4844') in 0.050098 seconds 
Number of asset objects unloaded after import = 3
========================================================================
Received Import Request.
  Time since last request: 0.370644 seconds.
  path: Assets/The Legend of Slim/03 The Cave/Skeleton/01.png
  artifactKey: Guid(fbb312522124d8043a34b46a8ddf1148) Importer(815301076,1909f56bfc062723c751e8b465ee728b)
Number of updated assets reloaded before import = 0
Start importing Assets/The Legend of Slim/03 The Cave/Skeleton/01.png using Guid(fbb312522124d8043a34b46a8ddf1148) Importer(815301076,1909f56bfc062723c751e8b465ee728b)  -> (artifact id: 'c0e003c37b21f7ca3c1775ba0c679da5') in 0.049606 seconds 
Number of asset objects unloaded after import = 3
========================================================================
Received Import Request.
  Time since last request: 0.277632 seconds.
  path: Assets/The Legend of Slim/03 The Cave/obsidian/01.png
  artifactKey: Guid(e551a3826321a524985292199cf410b3) Importer(815301076,1909f56bfc062723c751e8b465ee728b)
Number of updated assets reloaded before import = 0
Start importing Assets/The Legend of Slim/03 The Cave/obsidian/01.png using Guid(e551a3826321a524985292199cf410b3) Importer(815301076,1909f56bfc062723c751e8b465ee728b)  -> (artifact id: '85aa77f32ba282b74f3e5fe94f2d5bea') in 0.056646 seconds 
Number of asset objects unloaded after import = 3
========================================================================
Received Import Request.
  Time since last request: 0.047253 seconds.
  path: Assets/The Legend of Slim/03 The Cave/Gold/01.png
  artifactKey: Guid(1003842c4fde28746827be698d197ca2) Importer(815301076,1909f56bfc062723c751e8b465ee728b)
Number of updated assets reloaded before import = 0
Start importing Assets/The Legend of Slim/03 The Cave/Gold/01.png using Guid(1003842c4fde28746827be698d197ca2) Importer(815301076,1909f56bfc062723c751e8b465ee728b)  -> (artifact id: '4545d705a644244a6a09be420a35f4ca') in 0.057961 seconds 
Number of asset objects unloaded after import = 3
========================================================================
Received Import Request.
  Time since last request: 0.418339 seconds.
  path: Assets/The Legend of Slim/08 NPC/Cook/01.png
  artifactKey: Guid(4c1bcba664adb224a9c869fdf5c7b5cc) Importer(815301076,1909f56bfc062723c751e8b465ee728b)
Number of updated assets reloaded before import = 0
Start importing Assets/The Legend of Slim/08 NPC/Cook/01.png using Guid(4c1bcba664adb224a9c869fdf5c7b5cc) Importer(815301076,1909f56bfc062723c751e8b465ee728b)  -> (artifact id: '63b44391f280d41f34c87861e9a5f5ba') in 0.058729 seconds 
Number of asset objects unloaded after import = 3
========================================================================
Received Import Request.
  Time since last request: 0.000032 seconds.
  path: Assets/The Legend of Slim/09 The Special/Coin/01.png
  artifactKey: Guid(2e3d19f734c6f8a4e9cf982ebb806997) Importer(815301076,1909f56bfc062723c751e8b465ee728b)
Number of updated assets reloaded before import = 0
Start importing Assets/The Legend of Slim/09 The Special/Coin/01.png using Guid(2e3d19f734c6f8a4e9cf982ebb806997) Importer(815301076,1909f56bfc062723c751e8b465ee728b)  -> (artifact id: '236c7fcef12ffabb91c8f547d3a28ca3') in 0.080504 seconds 
Number of asset objects unloaded after import = 3
========================================================================
Received Import Request.
  Time since last request: 0.464424 seconds.
  path: Assets/The Legend of Slim/09 The Special/Bottle/01.png
  artifactKey: Guid(9da86005ff6d190449a0129f31b52a3d) Importer(815301076,1909f56bfc062723c751e8b465ee728b)
Number of updated assets reloaded before import = 0
Start importing Assets/The Legend of Slim/09 The Special/Bottle/01.png using Guid(9da86005ff6d190449a0129f31b52a3d) Importer(815301076,1909f56bfc062723c751e8b465ee728b)  -> (artifact id: '825fa470562f8d7a894b73f786ab1ddc') in 0.060130 seconds 
Number of asset objects unloaded after import = 3
========================================================================
Received Import Request.
  Time since last request: 0.069271 seconds.
  path: Assets/The Legend of Slim/05 The Ocean/Lanternfish/02.png
  artifactKey: Guid(406df3289929e064eb4ab14e3c74bf50) Importer(815301076,1909f56bfc062723c751e8b465ee728b)
Number of updated assets reloaded before import = 0
Start importing Assets/The Legend of Slim/05 The Ocean/Lanternfish/02.png using Guid(406df3289929e064eb4ab14e3c74bf50) Importer(815301076,1909f56bfc062723c751e8b465ee728b)  -> (artifact id: 'a043fd243324741581a12c37aea915a3') in 0.055421 seconds 
Number of asset objects unloaded after import = 3
========================================================================
Received Import Request.
  Time since last request: 0.463578 seconds.
  path: Assets/The Legend of Slim/09 The Special/Key/02.png
  artifactKey: Guid(d976eb8f204b40b42b17103174302f9b) Importer(815301076,1909f56bfc062723c751e8b465ee728b)
Number of updated assets reloaded before import = 0
Start importing Assets/The Legend of Slim/09 The Special/Key/02.png using Guid(d976eb8f204b40b42b17103174302f9b) Importer(815301076,1909f56bfc062723c751e8b465ee728b)  -> (artifact id: 'b805e0cf6b6cdb8953837033f6dcc9b4') in 0.053480 seconds 
Number of asset objects unloaded after import = 3
========================================================================
Received Import Request.
  Time since last request: 0.551078 seconds.
  path: Assets/The Legend of Slim/06 Element/Light/02.png
  artifactKey: Guid(60780ac5029c39c4b97476b2694a129e) Importer(815301076,1909f56bfc062723c751e8b465ee728b)
Number of updated assets reloaded before import = 0
Start importing Assets/The Legend of Slim/06 Element/Light/02.png using Guid(60780ac5029c39c4b97476b2694a129e) Importer(815301076,1909f56bfc062723c751e8b465ee728b)  -> (artifact id: '87e6594b45c59c37851401463ff61718') in 0.049078 seconds 
Number of asset objects unloaded after import = 3
========================================================================
Received Import Request.
  Time since last request: 0.550554 seconds.
  path: Assets/The Legend of Slim/03 The Cave/Diamond/02.png
  artifactKey: Guid(94256000b7a903749aadddccc31a8808) Importer(815301076,1909f56bfc062723c751e8b465ee728b)
Number of updated assets reloaded before import = 0
Start importing Assets/The Legend of Slim/03 The Cave/Diamond/02.png using Guid(94256000b7a903749aadddccc31a8808) Importer(815301076,1909f56bfc062723c751e8b465ee728b)  -> (artifact id: 'e4a4332f92653b4638a90e9c90702680') in 0.055742 seconds 
Number of asset objects unloaded after import = 3
========================================================================
Received Import Request.
  Time since last request: 0.556772 seconds.
  path: Assets/The Legend of Slim/03 The Cave/obsidian/02.png
  artifactKey: Guid(5fa3e07bb41e4a94b90e87cb62cf8196) Importer(815301076,1909f56bfc062723c751e8b465ee728b)
Number of updated assets reloaded before import = 0
Start importing Assets/The Legend of Slim/03 The Cave/obsidian/02.png using Guid(5fa3e07bb41e4a94b90e87cb62cf8196) Importer(815301076,1909f56bfc062723c751e8b465ee728b)  -> (artifact id: 'd21ee549950f34ba3ccb4d34f13af218') in 0.051040 seconds 
Number of asset objects unloaded after import = 3
========================================================================
Received Import Request.
  Time since last request: 0.270683 seconds.
  path: Assets/The Legend of Slim/06 Element/Darkness/02.png
  artifactKey: Guid(6ee0f08c1ad4b3b45ba0358f14eb46e4) Importer(815301076,1909f56bfc062723c751e8b465ee728b)
Number of updated assets reloaded before import = 0
Start importing Assets/The Legend of Slim/06 Element/Darkness/02.png using Guid(6ee0f08c1ad4b3b45ba0358f14eb46e4) Importer(815301076,1909f56bfc062723c751e8b465ee728b)  -> (artifact id: '11a356bb7cae1ac801f4212cd3d9bea0') in 0.051494 seconds 
Number of asset objects unloaded after import = 3
========================================================================
Received Import Request.
  Time since last request: 0.046738 seconds.
  path: Assets/The Legend of Slim/03 The Cave/Skeleton/02.png
  artifactKey: Guid(f22839b5e4ad93346b328b6342220e22) Importer(815301076,1909f56bfc062723c751e8b465ee728b)
Number of updated assets reloaded before import = 0
Start importing Assets/The Legend of Slim/03 The Cave/Skeleton/02.png using Guid(f22839b5e4ad93346b328b6342220e22) Importer(815301076,1909f56bfc062723c751e8b465ee728b)  -> (artifact id: 'ca25b59b607e9e9b39fa00d12a804429') in 0.050664 seconds 
Number of asset objects unloaded after import = 3
========================================================================
Received Import Request.
  Time since last request: 0.291213 seconds.
  path: Assets/The Legend of Slim/03 The Cave/Stone/02.png
  artifactKey: Guid(8f279978dfc811e46ac9465b4627588c) Importer(815301076,1909f56bfc062723c751e8b465ee728b)
Number of updated assets reloaded before import = 0
Start importing Assets/The Legend of Slim/03 The Cave/Stone/02.png using Guid(8f279978dfc811e46ac9465b4627588c) Importer(815301076,1909f56bfc062723c751e8b465ee728b)  -> (artifact id: '2fa0c87f2005165f12e5c0a413896fe9') in 0.059502 seconds 
Number of asset objects unloaded after import = 3
========================================================================
Received Import Request.
  Time since last request: 0.262143 seconds.
  path: Assets/The Legend of Slim/04 Desret and Ice/Ice/02.png
  artifactKey: Guid(d4aa2189b7b95c3489282cab14e0409d) Importer(815301076,1909f56bfc062723c751e8b465ee728b)
Number of updated assets reloaded before import = 0
Start importing Assets/The Legend of Slim/04 Desret and Ice/Ice/02.png using Guid(d4aa2189b7b95c3489282cab14e0409d) Importer(815301076,1909f56bfc062723c751e8b465ee728b)  -> (artifact id: '7c85f395d70c9ee60d0fc47c9b102be8') in 0.056873 seconds 
Number of asset objects unloaded after import = 3
========================================================================
Received Import Request.
  Time since last request: 0.044915 seconds.
  path: Assets/The Legend of Slim/08 NPC/Nurse/02.png
  artifactKey: Guid(0f74072e01edd3d49952328d167e1784) Importer(815301076,1909f56bfc062723c751e8b465ee728b)
Number of updated assets reloaded before import = 0
Start importing Assets/The Legend of Slim/08 NPC/Nurse/02.png using Guid(0f74072e01edd3d49952328d167e1784) Importer(815301076,1909f56bfc062723c751e8b465ee728b)  -> (artifact id: 'b6e35c508f4bbeffad408f434f82c2e4') in 0.056350 seconds 
Number of asset objects unloaded after import = 3
========================================================================
Received Import Request.
  Time since last request: 0.223438 seconds.
  path: Assets/The Legend of Slim/02 The Forest/Tree/02.png
  artifactKey: Guid(1e029e446ae28c54892fb9934325bf56) Importer(815301076,1909f56bfc062723c751e8b465ee728b)
Number of updated assets reloaded before import = 0
Start importing Assets/The Legend of Slim/02 The Forest/Tree/02.png using Guid(1e029e446ae28c54892fb9934325bf56) Importer(815301076,1909f56bfc062723c751e8b465ee728b)  -> (artifact id: 'cf26f1bbcd8d1d49914c674e4675d43b') in 0.048425 seconds 
Number of asset objects unloaded after import = 3
========================================================================
Received Import Request.
  Time since last request: 0.023714 seconds.
  path: Assets/The Legend of Slim/07 RPG/Demon/02.png
  artifactKey: Guid(0172e690d77a4024f9058da25fac2c17) Importer(815301076,1909f56bfc062723c751e8b465ee728b)
Number of updated assets reloaded before import = 0
Start importing Assets/The Legend of Slim/07 RPG/Demon/02.png using Guid(0172e690d77a4024f9058da25fac2c17) Importer(815301076,1909f56bfc062723c751e8b465ee728b)  -> (artifact id: '47eb63934d8c002f6eefc7939e1b0e4d') in 0.056987 seconds 
Number of asset objects unloaded after import = 3
========================================================================
Received Import Request.
  Time since last request: 0.185159 seconds.
  path: Assets/The Legend of Slim/01 Original/Blue/02.png
  artifactKey: Guid(7f80190987e0f284ea3fd8fe384c42c4) Importer(815301076,1909f56bfc062723c751e8b465ee728b)
Number of updated assets reloaded before import = 0
Start importing Assets/The Legend of Slim/01 Original/Blue/02.png using Guid(7f80190987e0f284ea3fd8fe384c42c4) Importer(815301076,1909f56bfc062723c751e8b465ee728b)  -> (artifact id: '53d03dc1e15f7b500f7cb936d4b36743') in 0.056125 seconds 
Number of asset objects unloaded after import = 3
========================================================================
Received Import Request.
  Time since last request: 0.000015 seconds.
  path: Assets/The Legend of Slim/07 RPG/Cthulhu/02.png
  artifactKey: Guid(0d115cfe157035944ba50a5192d4211f) Importer(815301076,1909f56bfc062723c751e8b465ee728b)
Number of updated assets reloaded before import = 0
Start importing Assets/The Legend of Slim/07 RPG/Cthulhu/02.png using Guid(0d115cfe157035944ba50a5192d4211f) Importer(815301076,1909f56bfc062723c751e8b465ee728b)  -> (artifact id: '284cb959086d07864b84a681b216634f') in 0.052671 seconds 
Number of asset objects unloaded after import = 3
========================================================================
Received Import Request.
  Time since last request: 0.154227 seconds.
  path: Assets/The Legend of Slim/06 Element/Magic/02.png
  artifactKey: Guid(27c0b75baed73974892d5e1383bb4fb8) Importer(815301076,1909f56bfc062723c751e8b465ee728b)
Number of updated assets reloaded before import = 0
Start importing Assets/The Legend of Slim/06 Element/Magic/02.png using Guid(27c0b75baed73974892d5e1383bb4fb8) Importer(815301076,1909f56bfc062723c751e8b465ee728b)  -> (artifact id: 'b4e7932875c7cd7fa846e2217892948c') in 0.053342 seconds 
Number of asset objects unloaded after import = 3
========================================================================
Received Import Request.
  Time since last request: 0.000013 seconds.
  path: Assets/The Legend of Slim/02 The Forest/Mushroom/02.png
  artifactKey: Guid(745fed36a038a0040a4d2dc67e242d30) Importer(815301076,1909f56bfc062723c751e8b465ee728b)
Number of updated assets reloaded before import = 0
Start importing Assets/The Legend of Slim/02 The Forest/Mushroom/02.png using Guid(745fed36a038a0040a4d2dc67e242d30) Importer(815301076,1909f56bfc062723c751e8b465ee728b)  -> (artifact id: '849fc5bde149a379f0da0bb03c5d865e') in 0.055745 seconds 
Number of asset objects unloaded after import = 3
========================================================================
Received Import Request.
  Time since last request: 0.000038 seconds.
  path: Assets/The Legend of Slim/08 NPC/Angel/03.png
  artifactKey: Guid(e2edc7adf7ab0f949bd52c79c1e0ac7d) Importer(815301076,1909f56bfc062723c751e8b465ee728b)
Number of updated assets reloaded before import = 0
Start importing Assets/The Legend of Slim/08 NPC/Angel/03.png using Guid(e2edc7adf7ab0f949bd52c79c1e0ac7d) Importer(815301076,1909f56bfc062723c751e8b465ee728b)  -> (artifact id: 'bdd6f23d854acc2d607cc4e4ed69b1fb') in 0.050616 seconds 
Number of asset objects unloaded after import = 3
========================================================================
Received Import Request.
  Time since last request: 1.229584 seconds.
  path: Assets/Prefabs/Enemies/Normal.prefab
  artifactKey: Guid(98d950611318b53469ee86a0dc171c73) Importer(815301076,1909f56bfc062723c751e8b465ee728b)
Number of updated assets reloaded before import = 0
Start importing Assets/Prefabs/Enemies/Normal.prefab using Guid(98d950611318b53469ee86a0dc171c73) Importer(815301076,1909f56bfc062723c751e8b465ee728b)  -> (artifact id: 'c26ec0c17ed9b606dff218d1ee50981f') in 0.010350 seconds 
Number of asset objects unloaded after import = 14
========================================================================
Received Import Request.
  Time since last request: 6.925561 seconds.
  path: Assets/Prefabs/Enemies/Normal.prefab
  artifactKey: Guid(98d950611318b53469ee86a0dc171c73) Importer(815301076,1909f56bfc062723c751e8b465ee728b)
Number of updated assets reloaded before import = 0
Start importing Assets/Prefabs/Enemies/Normal.prefab using Guid(98d950611318b53469ee86a0dc171c73) Importer(815301076,1909f56bfc062723c751e8b465ee728b)  -> (artifact id: '8f1829fed2f46532d585d8c5e5d33470') in 0.038299 seconds 
Number of asset objects unloaded after import = 14
========================================================================
Received Import Request.
  Time since last request: 2.982131 seconds.
  path: Assets/Prefabs/Enemies/Normal.prefab
  artifactKey: Guid(98d950611318b53469ee86a0dc171c73) Importer(815301076,1909f56bfc062723c751e8b465ee728b)
Number of updated assets reloaded before import = 0
Start importing Assets/Prefabs/Enemies/Normal.prefab using Guid(98d950611318b53469ee86a0dc171c73) Importer(815301076,1909f56bfc062723c751e8b465ee728b)  -> (artifact id: '2965f9793e71b9b455144434c6b34eb5') in 0.013270 seconds 
Number of asset objects unloaded after import = 14
========================================================================
Received Import Request.
  Time since last request: 9.360851 seconds.
  path: Assets/Prefabs/Enemies/Normal.prefab
  artifactKey: Guid(98d950611318b53469ee86a0dc171c73) Importer(815301076,1909f56bfc062723c751e8b465ee728b)
Number of updated assets reloaded before import = 0
Start importing Assets/Prefabs/Enemies/Normal.prefab using Guid(98d950611318b53469ee86a0dc171c73) Importer(815301076,1909f56bfc062723c751e8b465ee728b)  -> (artifact id: '9a8b1c52c0f6a2962ede46d86f77cfb9') in 0.008306 seconds 
Number of asset objects unloaded after import = 14
========================================================================
Received Import Request.
  Time since last request: 2.014467 seconds.
  path: Assets/Prefabs/Enemies/Normal.prefab
  artifactKey: Guid(98d950611318b53469ee86a0dc171c73) Importer(815301076,1909f56bfc062723c751e8b465ee728b)
Number of updated assets reloaded before import = 0
Start importing Assets/Prefabs/Enemies/Normal.prefab using Guid(98d950611318b53469ee86a0dc171c73) Importer(815301076,1909f56bfc062723c751e8b465ee728b)  -> (artifact id: 'f84efc98d62d4fe2b49cc38c6f3f537f') in 0.012959 seconds 
Number of asset objects unloaded after import = 14
========================================================================
Received Import Request.
  Time since last request: 15.581074 seconds.
  path: Assets/Prefabs/Enemies/Normal.prefab
  artifactKey: Guid(98d950611318b53469ee86a0dc171c73) Importer(815301076,1909f56bfc062723c751e8b465ee728b)
Number of updated assets reloaded before import = 0
Start importing Assets/Prefabs/Enemies/Normal.prefab using Guid(98d950611318b53469ee86a0dc171c73) Importer(815301076,1909f56bfc062723c751e8b465ee728b)  -> (artifact id: '2277d04ecb1a39c8aa3fabfbafad039e') in 0.037241 seconds 
Number of asset objects unloaded after import = 14
========================================================================
Received Import Request.
  Time since last request: 7.109871 seconds.
  path: Assets/Prefabs/Enemies/Normal.prefab
  artifactKey: Guid(98d950611318b53469ee86a0dc171c73) Importer(815301076,1909f56bfc062723c751e8b465ee728b)
Number of updated assets reloaded before import = 0
Start importing Assets/Prefabs/Enemies/Normal.prefab using Guid(98d950611318b53469ee86a0dc171c73) Importer(815301076,1909f56bfc062723c751e8b465ee728b)  -> (artifact id: '34a42c66160d0b3ba95562d6f6889730') in 0.039034 seconds 
Number of asset objects unloaded after import = 16
========================================================================
Received Import Request.
  Time since last request: 1.968753 seconds.
  path: Assets/Prefabs/Enemies/Normal.prefab
  artifactKey: Guid(98d950611318b53469ee86a0dc171c73) Importer(815301076,1909f56bfc062723c751e8b465ee728b)
Number of updated assets reloaded before import = 0
Start importing Assets/Prefabs/Enemies/Normal.prefab using Guid(98d950611318b53469ee86a0dc171c73) Importer(815301076,1909f56bfc062723c751e8b465ee728b)  -> (artifact id: '3f77626e6b243b373ce55db246fa9a22') in 0.006446 seconds 
Number of asset objects unloaded after import = 16
========================================================================
Received Import Request.
  Time since last request: 10.171207 seconds.
  path: Assets/Prefabs/Enemies/Normal.prefab
  artifactKey: Guid(98d950611318b53469ee86a0dc171c73) Importer(815301076,1909f56bfc062723c751e8b465ee728b)
Number of updated assets reloaded before import = 0
Start importing Assets/Prefabs/Enemies/Normal.prefab using Guid(98d950611318b53469ee86a0dc171c73) Importer(815301076,1909f56bfc062723c751e8b465ee728b)  -> (artifact id: '0ab4f70153772bda5b72195ed08a6390') in 0.014531 seconds 
Number of asset objects unloaded after import = 16
========================================================================
Received Import Request.
  Time since last request: 6.658406 seconds.
  path: Assets/Prefabs/Enemies/Normal.prefab
  artifactKey: Guid(98d950611318b53469ee86a0dc171c73) Importer(815301076,1909f56bfc062723c751e8b465ee728b)
Number of updated assets reloaded before import = 0
Start importing Assets/Prefabs/Enemies/Normal.prefab using Guid(98d950611318b53469ee86a0dc171c73) Importer(815301076,1909f56bfc062723c751e8b465ee728b)  -> (artifact id: '102235e79fa963dc578143dc6247d9f3') in 0.002832 seconds 
Number of asset objects unloaded after import = 13
========================================================================
Received Import Request.
  Time since last request: 27.031523 seconds.
  path: Assets/The Legend of Slim/02 The Forest/Vine/01.png
  artifactKey: Guid(0e00cd01aeebb3a46980ecba6074d2bb) Importer(815301076,1909f56bfc062723c751e8b465ee728b)
Number of updated assets reloaded before import = 0
Start importing Assets/The Legend of Slim/02 The Forest/Vine/01.png using Guid(0e00cd01aeebb3a46980ecba6074d2bb) Importer(815301076,1909f56bfc062723c751e8b465ee728b)  -> (artifact id: '4baf4e32fb2c6eadaef6246b829dea84') in 0.149153 seconds 
Number of asset objects unloaded after import = 3
========================================================================
Received Import Request.
  Time since last request: 0.000018 seconds.
  path: Assets/The Legend of Slim/02 The Forest/Mushroom/01.png
  artifactKey: Guid(113acccba3571d740b68a997c5c85387) Importer(815301076,1909f56bfc062723c751e8b465ee728b)
Number of updated assets reloaded before import = 0
Start importing Assets/The Legend of Slim/02 The Forest/Mushroom/01.png using Guid(113acccba3571d740b68a997c5c85387) Importer(815301076,1909f56bfc062723c751e8b465ee728b)  -> (artifact id: '7c7335cdbdfb710fe8e177af073e9757') in 0.066507 seconds 
Number of asset objects unloaded after import = 3
========================================================================
Received Import Request.
  Time since last request: 0.000020 seconds.
  path: Assets/The Legend of Slim/07 RPG/Cthulhu/01.png
  artifactKey: Guid(014de57d3ba2dde47a22122df3dc64eb) Importer(815301076,1909f56bfc062723c751e8b465ee728b)
Number of updated assets reloaded before import = 0
Start importing Assets/The Legend of Slim/07 RPG/Cthulhu/01.png using Guid(014de57d3ba2dde47a22122df3dc64eb) Importer(815301076,1909f56bfc062723c751e8b465ee728b)  -> (artifact id: '8a5378021ca2d1d4dea2e59250febb4d') in 0.052675 seconds 
Number of asset objects unloaded after import = 3
Editor requested this worker to shutdown with reason: Scaling down because of idle timeout
AssetImportWorker is now disconnected from the server
Process exiting
Exiting without the bug reporter. Application will terminate with return code 0