Using pre-set license
Built from '2021.3/staging' branch; Version is '2021.3.30f1 (b4360d7cdac4) revision 11810317'; Using compiler version '192829333'; Build Type 'Release'
OS: 'Windows 10  (10.0.19045) 64bit Core' Language: 'en' Physical Memory: 32683 MB
BatchMode: 1, IsHumanControllingUs: 0, StartBugReporterOnCrash: 0, Is64bit: 1, IsPro: 1

COMMAND LINE ARGUMENTS:
C:\Program Files\Unity\Hub\Editor\2021.3.30f1\Editor\Unity.exe
-adb2
-batchMode
-noUpm
-name
AssetImportWorker5
-projectPath
D:/Projects/Defense/TDefense
-logFile
Logs/AssetImportWorker5.log
-srvPort
59976
Successfully changed project path to: D:/Projects/Defense/TDefense
D:/Projects/Defense/TDefense
[UnityMemory] Configuration Parameters - Can be set up in boot.config
    "memorysetup-bucket-allocator-granularity=16"
    "memorysetup-bucket-allocator-bucket-count=8"
    "memorysetup-bucket-allocator-block-size=33554432"
    "memorysetup-bucket-allocator-block-count=8"
    "memorysetup-main-allocator-block-size=16777216"
    "memorysetup-thread-allocator-block-size=16777216"
    "memorysetup-gfx-main-allocator-block-size=16777216"
    "memorysetup-gfx-thread-allocator-block-size=16777216"
    "memorysetup-cache-allocator-block-size=4194304"
    "memorysetup-typetree-allocator-block-size=2097152"
    "memorysetup-profiler-bucket-allocator-granularity=16"
    "memorysetup-profiler-bucket-allocator-bucket-count=8"
    "memorysetup-profiler-bucket-allocator-block-size=33554432"
    "memorysetup-profiler-bucket-allocator-block-count=8"
    "memorysetup-profiler-allocator-block-size=16777216"
    "memorysetup-profiler-editor-allocator-block-size=1048576"
    "memorysetup-temp-allocator-size-main=16777216"
    "memorysetup-job-temp-allocator-block-size=2097152"
    "memorysetup-job-temp-allocator-block-size-background=1048576"
    "memorysetup-job-temp-allocator-reduction-small-platforms=262144"
    "memorysetup-temp-allocator-size-background-worker=32768"
    "memorysetup-temp-allocator-size-job-worker=262144"
    "memorysetup-temp-allocator-size-preload-manager=33554432"
    "memorysetup-temp-allocator-size-nav-mesh-worker=65536"
    "memorysetup-temp-allocator-size-audio-worker=65536"
    "memorysetup-temp-allocator-size-cloud-worker=32768"
    "memorysetup-temp-allocator-size-gi-baking-worker=262144"
    "memorysetup-temp-allocator-size-gfx=262144"
Player connection [21708] Host "[IP] 192.168.1.38 [Port] 0 [Flags] 2 [Guid] 3477611436 [EditorId] 3477611436 [Version] 1048832 [Id] WindowsEditor(7,DESKTOP-VK2T73L) [Debug] 1 [PackageName] WindowsEditor [ProjectName] Editor" joined multi-casting on [225.0.0.222:54997]...

Player connection [21708] Host "[IP] 192.168.1.38 [Port] 0 [Flags] 2 [Guid] 3477611436 [EditorId] 3477611436 [Version] 1048832 [Id] WindowsEditor(7,DESKTOP-VK2T73L) [Debug] 1 [PackageName] WindowsEditor [ProjectName] Editor" joined alternative multi-casting on [225.0.0.222:34997]...

[Physics::Module] Initialized MultithreadedJobDispatcher with {0} workers.
Refreshing native plugins compatible for Editor in 115.37 ms, found 4 plugins.
Preloading 0 native plugins for Editor in 0.00 ms.
Initialize engine version: 2021.3.30f1 (b4360d7cdac4)
[Subsystems] Discovering subsystems at path C:/Program Files/Unity/Hub/Editor/2021.3.30f1/Editor/Data/Resources/UnitySubsystems
[Subsystems] Discovering subsystems at path D:/Projects/Defense/TDefense/Assets
GfxDevice: creating device client; threaded=0; jobified=0
Direct3D:
    Version:  Direct3D 11.0 [level 11.1]
    Renderer: NVIDIA GeForce RTX 3080 (ID=0x2206)
    Vendor:   NVIDIA
    VRAM:     10067 MB
    Driver:   31.0.15.3713
Initialize mono
Mono path[0] = 'C:/Program Files/Unity/Hub/Editor/2021.3.30f1/Editor/Data/Managed'
Mono path[1] = 'C:/Program Files/Unity/Hub/Editor/2021.3.30f1/Editor/Data/MonoBleedingEdge/lib/mono/unityjit-win32'
Mono config path = 'C:/Program Files/Unity/Hub/Editor/2021.3.30f1/Editor/Data/MonoBleedingEdge/etc'
Using monoOptions --debugger-agent=transport=dt_socket,embedding=1,server=y,suspend=n,address=127.0.0.1:56428
Begin MonoManager ReloadAssembly
Registering precompiled unity dll's ...
Register platform support module: C:/Program Files/Unity/Hub/Editor/2021.3.30f1/Editor/Data/PlaybackEngines/AndroidPlayer/UnityEditor.Android.Extensions.dll
Register platform support module: C:/Program Files/Unity/Hub/Editor/2021.3.30f1/Editor/Data/PlaybackEngines/WindowsStandaloneSupport/UnityEditor.WindowsStandalone.Extensions.dll
Registered in 0.009195 seconds.
Native extension for WindowsStandalone target not found
Native extension for Android target not found
Android Extension - Scanning For ADB Devices 205 ms
Refreshing native plugins compatible for Editor in 102.23 ms, found 4 plugins.
Preloading 0 native plugins for Editor in 0.00 ms.
Mono: successfully reloaded assembly
- Completed reload, in  0.876 seconds
Domain Reload Profiling:
	ReloadAssembly (876ms)
		BeginReloadAssembly (104ms)
			ExecutionOrderSort (0ms)
			DisableScriptedObjects (0ms)
			BackupInstance (0ms)
			ReleaseScriptingObjects (0ms)
			CreateAndSetChildDomain (1ms)
		EndReloadAssembly (676ms)
			LoadAssemblies (101ms)
			RebuildTransferFunctionScriptingTraits (0ms)
			SetupTypeCache (98ms)
			ReleaseScriptCaches (0ms)
			RebuildScriptCaches (24ms)
			SetupLoadedEditorAssemblies (515ms)
				LogAssemblyErrors (0ms)
				InitializePlatformSupportModulesInManaged (300ms)
				SetLoadedEditorAssemblies (0ms)
				RefreshPlugins (102ms)
				BeforeProcessingInitializeOnLoad (1ms)
				ProcessInitializeOnLoadAttributes (73ms)
				ProcessInitializeOnLoadMethodAttributes (39ms)
				AfterProcessingInitializeOnLoad (0ms)
				EditorAssembliesLoaded (0ms)
			ExecutionOrderSort2 (0ms)
			AwakeInstancesAfterBackupRestoration (0ms)
Platform modules already initialized, skipping
Registering precompiled user dll's ...
Registered in 0.004388 seconds.
Begin MonoManager ReloadAssembly
Native extension for WindowsStandalone target not found
Native extension for Android target not found
Refreshing native plugins compatible for Editor in 103.94 ms, found 4 plugins.
Preloading 0 native plugins for Editor in 0.00 ms.
Package Manager log level set to [2]
[Package Manager] Server::EnsureServerProcessIsRunning -- launch failed, reason: Unity was launched with the -noUpm command-line argument
[Package Manager] Cannot connect to Unity Package Manager local server
Mono: successfully reloaded assembly
- Completed reload, in  1.467 seconds
Domain Reload Profiling:
	ReloadAssembly (1468ms)
		BeginReloadAssembly (119ms)
			ExecutionOrderSort (0ms)
			DisableScriptedObjects (6ms)
			BackupInstance (0ms)
			ReleaseScriptingObjects (0ms)
			CreateAndSetChildDomain (17ms)
		EndReloadAssembly (1250ms)
			LoadAssemblies (95ms)
			RebuildTransferFunctionScriptingTraits (0ms)
			SetupTypeCache (230ms)
			ReleaseScriptCaches (1ms)
			RebuildScriptCaches (52ms)
			SetupLoadedEditorAssemblies (838ms)
				LogAssemblyErrors (0ms)
				InitializePlatformSupportModulesInManaged (19ms)
				SetLoadedEditorAssemblies (0ms)
				RefreshPlugins (104ms)
				BeforeProcessingInitializeOnLoad (109ms)
				ProcessInitializeOnLoadAttributes (553ms)
				ProcessInitializeOnLoadMethodAttributes (44ms)
				AfterProcessingInitializeOnLoad (9ms)
				EditorAssembliesLoaded (0ms)
			ExecutionOrderSort2 (0ms)
			AwakeInstancesAfterBackupRestoration (6ms)
Platform modules already initialized, skipping
========================================================================
Worker process is ready to serve import requests
Launched and connected shader compiler UnityShaderCompiler.exe after 0.04 seconds
Refreshing native plugins compatible for Editor in 0.77 ms, found 4 plugins.
Preloading 0 native plugins for Editor in 0.00 ms.
Unloading 4136 Unused Serialized files (Serialized files now loaded: 0)
Unloading 64 unused Assets / (47.4 KB). Loaded Objects now: 4573.
Memory consumption went from 161.6 MB to 161.6 MB.
Total: 2.766900 ms (FindLiveObjects: 0.287300 ms CreateObjectMapping: 0.259500 ms MarkObjects: 2.150300 ms  DeleteObjects: 0.069300 ms)

AssetImportParameters requested are different than current active one (requested -> active):
  custom:video-decoder-ogg-theora: a1e56fd34408186e4bbccfd4996cb3dc -> 
  custom:container-muxer-webm: aa71ff27fc2769a1b78a27578f13a17b -> 
  custom:container-demuxer-webm: 4f35f7cbe854078d1ac9338744f61a02 -> 
  custom:video-encoder-webm-vp8: eb34c28f22e8b96e1ab97ce403110664 -> 
  custom:CustomObjectIndexerAttribute: bc11b3a6c3213fcdd17b65e7da85e133 -> 
  custom:audio-encoder-webm-vorbis: bf7c407c2cedff20999df2af8eb42d56 -> 
  custom:framework-win-MediaFoundation: 216162199b28c13a410421893ffa2e32 -> 
  custom:SearchIndexIgnoredProperties: e643bd26f0fe6173181afceb89e7c659 -> 
  custom:container-demuxer-ogg: 62fdf1f143b41e24485cea50d1cbac27 -> 
  custom:video-decoder-webm-vp8: 9c59270c3fd7afecdb556c50c9e8de78 -> 
  custom:audio-decoder-ogg-vorbis: bf7c407c2cedff20999df2af8eb42d56 -> 
========================================================================
Received Import Request.
  Time since last request: 101516.662225 seconds.
  path: Assets/The Legend of Slim/09 The Special/Sword/01.png
  artifactKey: Guid(460ca39a888d97046992fce8cf7eb94f) Importer(815301076,1909f56bfc062723c751e8b465ee728b)
Number of updated assets reloaded before import = 0
Start importing Assets/The Legend of Slim/09 The Special/Sword/01.png using Guid(460ca39a888d97046992fce8cf7eb94f) Importer(815301076,1909f56bfc062723c751e8b465ee728b)  -> (artifact id: '797c60dd3f4a9f8952f923e2aecf55c3') in 0.148598 seconds 
Number of asset objects unloaded after import = 3
========================================================================
Received Import Request.
  Time since last request: 0.481860 seconds.
  path: Assets/The Legend of Slim/08 NPC/Merchant/01.png
  artifactKey: Guid(9ec93304e7f19194bbf63ada52dae282) Importer(815301076,1909f56bfc062723c751e8b465ee728b)
Number of updated assets reloaded before import = 0
Start importing Assets/The Legend of Slim/08 NPC/Merchant/01.png using Guid(9ec93304e7f19194bbf63ada52dae282) Importer(815301076,1909f56bfc062723c751e8b465ee728b)  -> (artifact id: '4e7cfae5171f9c80a92c3bf2bae25c7e') in 0.067022 seconds 
Number of asset objects unloaded after import = 3
========================================================================
Received Import Request.
  Time since last request: 0.568059 seconds.
  path: Assets/The Legend of Slim/04 Desret and Ice/Snow/02.png
  artifactKey: Guid(d99d02fca84676a43882bb6385ac51af) Importer(815301076,1909f56bfc062723c751e8b465ee728b)
Number of updated assets reloaded before import = 0
Start importing Assets/The Legend of Slim/04 Desret and Ice/Snow/02.png using Guid(d99d02fca84676a43882bb6385ac51af) Importer(815301076,1909f56bfc062723c751e8b465ee728b)  -> (artifact id: 'a75fa10865c6c8a7016b22008e611907') in 0.052730 seconds 
Number of asset objects unloaded after import = 3
========================================================================
Received Import Request.
  Time since last request: 2.554390 seconds.
  path: Assets/The Legend of Slim/05 The Ocean/Tiger shark/02.png
  artifactKey: Guid(4ed45c286a2925744a5e3d1ccb73be48) Importer(815301076,1909f56bfc062723c751e8b465ee728b)
Number of updated assets reloaded before import = 0
Start importing Assets/The Legend of Slim/05 The Ocean/Tiger shark/02.png using Guid(4ed45c286a2925744a5e3d1ccb73be48) Importer(815301076,1909f56bfc062723c751e8b465ee728b)  -> (artifact id: 'acee6ee48df0c46c46ae630e3a46d3d0') in 0.052680 seconds 
Number of asset objects unloaded after import = 3
========================================================================
Received Import Request.
  Time since last request: 0.265163 seconds.
  path: Assets/The Legend of Slim/09 The Special/Bottle/02.png
  artifactKey: Guid(de9f03cae024d6d498ffb831f8219160) Importer(815301076,1909f56bfc062723c751e8b465ee728b)
Number of updated assets reloaded before import = 0
Start importing Assets/The Legend of Slim/09 The Special/Bottle/02.png using Guid(de9f03cae024d6d498ffb831f8219160) Importer(815301076,1909f56bfc062723c751e8b465ee728b)  -> (artifact id: '5ad6c6989370a9a1dd70e7ecb76c9278') in 0.060543 seconds 
Number of asset objects unloaded after import = 3
========================================================================
Received Import Request.
  Time since last request: 0.349233 seconds.
  path: Assets/The Legend of Slim/05 The Ocean/Coral/02.png
  artifactKey: Guid(bca2b3e62a11bf64e9da7b5e8c3857da) Importer(815301076,1909f56bfc062723c751e8b465ee728b)
Number of updated assets reloaded before import = 0
Start importing Assets/The Legend of Slim/05 The Ocean/Coral/02.png using Guid(bca2b3e62a11bf64e9da7b5e8c3857da) Importer(815301076,1909f56bfc062723c751e8b465ee728b)  -> (artifact id: 'a5c92da12ad390c6540779be8bb14ad2') in 0.056462 seconds 
Number of asset objects unloaded after import = 3
========================================================================
Received Import Request.
  Time since last request: 0.209662 seconds.
  path: Assets/The Legend of Slim/07 RPG/King/02.png
  artifactKey: Guid(ee9eeeb453bff524283628c023cdc76f) Importer(815301076,1909f56bfc062723c751e8b465ee728b)
Number of updated assets reloaded before import = 0
Start importing Assets/The Legend of Slim/07 RPG/King/02.png using Guid(ee9eeeb453bff524283628c023cdc76f) Importer(815301076,1909f56bfc062723c751e8b465ee728b)  -> (artifact id: '1c162b660348d29f502a6752f93a4710') in 0.061818 seconds 
Number of asset objects unloaded after import = 3
========================================================================
Received Import Request.
  Time since last request: 0.201972 seconds.
  path: Assets/The Legend of Slim/09 The Special/Coin/02.png
  artifactKey: Guid(f1e37fd64b93b8f44b4a2ec38e64989b) Importer(815301076,1909f56bfc062723c751e8b465ee728b)
Number of updated assets reloaded before import = 0
Start importing Assets/The Legend of Slim/09 The Special/Coin/02.png using Guid(f1e37fd64b93b8f44b4a2ec38e64989b) Importer(815301076,1909f56bfc062723c751e8b465ee728b)  -> (artifact id: '2723dadf0e77bde578ccbba51f296340') in 0.064289 seconds 
Number of asset objects unloaded after import = 3
========================================================================
Received Import Request.
  Time since last request: 0.000022 seconds.
  path: Assets/The Legend of Slim/07 RPG/King/03.png
  artifactKey: Guid(fda1d2939289ceb4894bfbfab4727a44) Importer(815301076,1909f56bfc062723c751e8b465ee728b)
Number of updated assets reloaded before import = 0
Start importing Assets/The Legend of Slim/07 RPG/King/03.png using Guid(fda1d2939289ceb4894bfbfab4727a44) Importer(815301076,1909f56bfc062723c751e8b465ee728b)  -> (artifact id: '4e7cef723b84714fb16b807caae651c1') in 0.067034 seconds 
Number of asset objects unloaded after import = 3
========================================================================
Received Import Request.
  Time since last request: 91.237251 seconds.
  path: Assets/The Legend of Slim/02 The Forest/Tree/01.png
  artifactKey: Guid(56c6aa6bae3260e44986dc7cb56597d8) Importer(815301076,1909f56bfc062723c751e8b465ee728b)
Number of updated assets reloaded before import = 0
Start importing Assets/The Legend of Slim/02 The Forest/Tree/01.png using Guid(56c6aa6bae3260e44986dc7cb56597d8) Importer(815301076,1909f56bfc062723c751e8b465ee728b)  -> (artifact id: 'fbb449cc8966d0ab9f2656a81ffb059e') in 0.164110 seconds 
Number of asset objects unloaded after import = 3
========================================================================
Received Import Request.
  Time since last request: 0.000018 seconds.
  path: Assets/The Legend of Slim/02 The Forest/Flower/01.png
  artifactKey: Guid(20806bcda2342d0458201b5f5a78e183) Importer(815301076,1909f56bfc062723c751e8b465ee728b)
Number of updated assets reloaded before import = 0
Start importing Assets/The Legend of Slim/02 The Forest/Flower/01.png using Guid(20806bcda2342d0458201b5f5a78e183) Importer(815301076,1909f56bfc062723c751e8b465ee728b)  -> (artifact id: '0344851904e1b7df4df4b1a2f2a8f97b') in 0.073777 seconds 
Number of asset objects unloaded after import = 3
========================================================================
Received Import Request.
  Time since last request: 0.000020 seconds.
  path: Assets/The Legend of Slim/06 Element/Magic/01.png
  artifactKey: Guid(7e84ad18ee0ba6f408407c60460e5e4d) Importer(815301076,1909f56bfc062723c751e8b465ee728b)
Number of updated assets reloaded before import = 0
Start importing Assets/The Legend of Slim/06 Element/Magic/01.png using Guid(7e84ad18ee0ba6f408407c60460e5e4d) Importer(815301076,1909f56bfc062723c751e8b465ee728b)  -> (artifact id: '94b511b9263a5dff00e9b69d013d791b') in 0.055346 seconds 
Number of asset objects unloaded after import = 3
========================================================================
Received Prepare
Registering precompiled user dll's ...
Registered in 0.005393 seconds.
Begin MonoManager ReloadAssembly
Native extension for WindowsStandalone target not found
Native extension for Android target not found
Refreshing native plugins compatible for Editor in 0.82 ms, found 4 plugins.
Preloading 0 native plugins for Editor in 0.00 ms.
[Package Manager] Server::EnsureServerProcessIsRunning -- launch failed, reason: Unity was launched with the -noUpm command-line argument
[Package Manager] Cannot connect to Unity Package Manager local server
[Package Manager] Server::EnsureServerProcessIsRunning -- launch failed, reason: Unity was launched with the -noUpm command-line argument
[Package Manager] Cannot connect to Unity Package Manager local server
[Package Manager] Server::EnsureServerProcessIsRunning -- launch failed, reason: Unity was launched with the -noUpm command-line argument
[Package Manager] Cannot connect to Unity Package Manager local server
Mono: successfully reloaded assembly
- Completed reload, in  1.378 seconds
Domain Reload Profiling:
	ReloadAssembly (1379ms)
		BeginReloadAssembly (148ms)
			ExecutionOrderSort (0ms)
			DisableScriptedObjects (7ms)
			BackupInstance (0ms)
			ReleaseScriptingObjects (0ms)
			CreateAndSetChildDomain (34ms)
		EndReloadAssembly (1136ms)
			LoadAssemblies (103ms)
			RebuildTransferFunctionScriptingTraits (0ms)
			SetupTypeCache (262ms)
			ReleaseScriptCaches (1ms)
			RebuildScriptCaches (45ms)
			SetupLoadedEditorAssemblies (683ms)
				LogAssemblyErrors (0ms)
				InitializePlatformSupportModulesInManaged (21ms)
				SetLoadedEditorAssemblies (0ms)
				RefreshPlugins (1ms)
				BeforeProcessingInitializeOnLoad (75ms)
				ProcessInitializeOnLoadAttributes (534ms)
				ProcessInitializeOnLoadMethodAttributes (42ms)
				AfterProcessingInitializeOnLoad (10ms)
				EditorAssembliesLoaded (0ms)
			ExecutionOrderSort2 (0ms)
			AwakeInstancesAfterBackupRestoration (6ms)
Platform modules already initialized, skipping
Refreshing native plugins compatible for Editor in 0.82 ms, found 4 plugins.
Preloading 0 native plugins for Editor in 0.00 ms.
Unloading 4110 Unused Serialized files (Serialized files now loaded: 0)
Unloading 53 unused Assets / (22.9 KB). Loaded Objects now: 4582.
Memory consumption went from 159.0 MB to 159.0 MB.
Total: 2.741100 ms (FindLiveObjects: 0.276400 ms CreateObjectMapping: 0.247400 ms MarkObjects: 2.186400 ms  DeleteObjects: 0.030200 ms)

AssetImportParameters requested are different than current active one (requested -> active):
  custom:video-decoder-ogg-theora: a1e56fd34408186e4bbccfd4996cb3dc -> 
  custom:container-muxer-webm: aa71ff27fc2769a1b78a27578f13a17b -> 
  custom:container-demuxer-webm: 4f35f7cbe854078d1ac9338744f61a02 -> 
  custom:video-encoder-webm-vp8: eb34c28f22e8b96e1ab97ce403110664 -> 
  custom:CustomObjectIndexerAttribute: bc11b3a6c3213fcdd17b65e7da85e133 -> 
  custom:audio-encoder-webm-vorbis: bf7c407c2cedff20999df2af8eb42d56 -> 
  custom:framework-win-MediaFoundation: 216162199b28c13a410421893ffa2e32 -> 
  custom:SearchIndexIgnoredProperties: e643bd26f0fe6173181afceb89e7c659 -> 
  custom:container-demuxer-ogg: 62fdf1f143b41e24485cea50d1cbac27 -> 
  custom:video-decoder-webm-vp8: 9c59270c3fd7afecdb556c50c9e8de78 -> 
  custom:audio-decoder-ogg-vorbis: bf7c407c2cedff20999df2af8eb42d56 -> 
========================================================================
Received Prepare
Registering precompiled user dll's ...
Registered in 0.003895 seconds.
Begin MonoManager ReloadAssembly
Native extension for WindowsStandalone target not found
Native extension for Android target not found
Refreshing native plugins compatible for Editor in 0.77 ms, found 4 plugins.
Preloading 0 native plugins for Editor in 0.00 ms.
[Package Manager] Server::EnsureServerProcessIsRunning -- launch failed, reason: Unity was launched with the -noUpm command-line argument
[Package Manager] Cannot connect to Unity Package Manager local server
[Package Manager] Server::EnsureServerProcessIsRunning -- launch failed, reason: Unity was launched with the -noUpm command-line argument
[Package Manager] Cannot connect to Unity Package Manager local server
Mono: successfully reloaded assembly
- Completed reload, in  1.260 seconds
Domain Reload Profiling:
	ReloadAssembly (1260ms)
		BeginReloadAssembly (143ms)
			ExecutionOrderSort (0ms)
			DisableScriptedObjects (8ms)
			BackupInstance (0ms)
			ReleaseScriptingObjects (0ms)
			CreateAndSetChildDomain (31ms)
		EndReloadAssembly (1032ms)
			LoadAssemblies (97ms)
			RebuildTransferFunctionScriptingTraits (0ms)
			SetupTypeCache (213ms)
			ReleaseScriptCaches (1ms)
			RebuildScriptCaches (38ms)
			SetupLoadedEditorAssemblies (647ms)
				LogAssemblyErrors (0ms)
				InitializePlatformSupportModulesInManaged (19ms)
				SetLoadedEditorAssemblies (0ms)
				RefreshPlugins (1ms)
				BeforeProcessingInitializeOnLoad (66ms)
				ProcessInitializeOnLoadAttributes (516ms)
				ProcessInitializeOnLoadMethodAttributes (36ms)
				AfterProcessingInitializeOnLoad (9ms)
				EditorAssembliesLoaded (0ms)
			ExecutionOrderSort2 (0ms)
			AwakeInstancesAfterBackupRestoration (6ms)
Platform modules already initialized, skipping
Refreshing native plugins compatible for Editor in 0.81 ms, found 4 plugins.
Preloading 0 native plugins for Editor in 0.00 ms.
Unloading 4104 Unused Serialized files (Serialized files now loaded: 0)
Unloading 59 unused Assets / (23.0 KB). Loaded Objects now: 4579.
Memory consumption went from 158.9 MB to 158.8 MB.
Total: 2.562600 ms (FindLiveObjects: 0.281900 ms CreateObjectMapping: 0.279900 ms MarkObjects: 1.974000 ms  DeleteObjects: 0.026200 ms)

AssetImportParameters requested are different than current active one (requested -> active):
  custom:video-decoder-ogg-theora: a1e56fd34408186e4bbccfd4996cb3dc -> 
  custom:container-muxer-webm: aa71ff27fc2769a1b78a27578f13a17b -> 
  custom:container-demuxer-webm: 4f35f7cbe854078d1ac9338744f61a02 -> 
  custom:video-encoder-webm-vp8: eb34c28f22e8b96e1ab97ce403110664 -> 
  custom:CustomObjectIndexerAttribute: bc11b3a6c3213fcdd17b65e7da85e133 -> 
  custom:audio-encoder-webm-vorbis: bf7c407c2cedff20999df2af8eb42d56 -> 
  custom:framework-win-MediaFoundation: 216162199b28c13a410421893ffa2e32 -> 
  custom:SearchIndexIgnoredProperties: e643bd26f0fe6173181afceb89e7c659 -> 
  custom:container-demuxer-ogg: 62fdf1f143b41e24485cea50d1cbac27 -> 
  custom:video-decoder-webm-vp8: 9c59270c3fd7afecdb556c50c9e8de78 -> 
  custom:audio-decoder-ogg-vorbis: bf7c407c2cedff20999df2af8eb42d56 -> 
========================================================================
Received Import Request.
  Time since last request: 302.070283 seconds.
  path: Assets/Prefabs/Enemies/Spawner.prefab
  artifactKey: Guid(7eb4e8de240a6b74b920ad8310d1d1cd) Importer(815301076,1909f56bfc062723c751e8b465ee728b)
Number of updated assets reloaded before import = 0
Start importing Assets/Prefabs/Enemies/Spawner.prefab using Guid(7eb4e8de240a6b74b920ad8310d1d1cd) Importer(815301076,1909f56bfc062723c751e8b465ee728b)  -> (artifact id: '2c4dd8ee2edf2ba416caf76614166033') in 0.060901 seconds 
Number of asset objects unloaded after import = 26
========================================================================
Received Import Request.
  Time since last request: 2.766126 seconds.
  path: Assets/Prefabs/Enemies/Spawner.prefab
  artifactKey: Guid(7eb4e8de240a6b74b920ad8310d1d1cd) Importer(815301076,1909f56bfc062723c751e8b465ee728b)
Number of updated assets reloaded before import = 0
Start importing Assets/Prefabs/Enemies/Spawner.prefab using Guid(7eb4e8de240a6b74b920ad8310d1d1cd) Importer(815301076,1909f56bfc062723c751e8b465ee728b)  -> (artifact id: '15cfe1ea65e8a8ae10c8d334ac6b477a') in 0.044500 seconds 
Number of asset objects unloaded after import = 28
========================================================================
Received Import Request.
  Time since last request: 33.376874 seconds.
  path: Assets/Prefabs/Enemies/Spawner.prefab
  artifactKey: Guid(7eb4e8de240a6b74b920ad8310d1d1cd) Importer(815301076,1909f56bfc062723c751e8b465ee728b)
Number of updated assets reloaded before import = 0
Start importing Assets/Prefabs/Enemies/Spawner.prefab using Guid(7eb4e8de240a6b74b920ad8310d1d1cd) Importer(815301076,1909f56bfc062723c751e8b465ee728b)  -> (artifact id: 'a701f3026c3e465bfcea12fdd1671b26') in 0.064414 seconds 
Number of asset objects unloaded after import = 29
========================================================================
Received Import Request.
  Time since last request: 27.143118 seconds.
  path: Assets/Prefabs/Enemies/Spawner.prefab
  artifactKey: Guid(7eb4e8de240a6b74b920ad8310d1d1cd) Importer(815301076,1909f56bfc062723c751e8b465ee728b)
Number of updated assets reloaded before import = 0
Start importing Assets/Prefabs/Enemies/Spawner.prefab using Guid(7eb4e8de240a6b74b920ad8310d1d1cd) Importer(815301076,1909f56bfc062723c751e8b465ee728b)  -> (artifact id: '70ab602c392c0f5f0b5dc64925bd350d') in 0.007894 seconds 
Number of asset objects unloaded after import = 28
========================================================================
Received Import Request.
  Time since last request: 28.483767 seconds.
  path: Assets/Prefabs/Enemies/Spawner.prefab
  artifactKey: Guid(7eb4e8de240a6b74b920ad8310d1d1cd) Importer(815301076,1909f56bfc062723c751e8b465ee728b)
Number of updated assets reloaded before import = 0
Start importing Assets/Prefabs/Enemies/Spawner.prefab using Guid(7eb4e8de240a6b74b920ad8310d1d1cd) Importer(815301076,1909f56bfc062723c751e8b465ee728b)  -> (artifact id: '3c10cef23e230ab8257f5c3c9b07da3d') in 0.015262 seconds 
Number of asset objects unloaded after import = 30
========================================================================
Received Import Request.
  Time since last request: 2.609570 seconds.
  path: Assets/Prefabs/Enemies/Spawner.prefab
  artifactKey: Guid(7eb4e8de240a6b74b920ad8310d1d1cd) Importer(815301076,1909f56bfc062723c751e8b465ee728b)
Number of updated assets reloaded before import = 0
Start importing Assets/Prefabs/Enemies/Spawner.prefab using Guid(7eb4e8de240a6b74b920ad8310d1d1cd) Importer(815301076,1909f56bfc062723c751e8b465ee728b)  -> (artifact id: 'c1703d77b6e38093cd376af73c883624') in 0.082460 seconds 
Number of asset objects unloaded after import = 30
========================================================================
Received Import Request.
  Time since last request: 2.338551 seconds.
  path: Assets/Prefabs/Enemies/Spawner.prefab
  artifactKey: Guid(7eb4e8de240a6b74b920ad8310d1d1cd) Importer(815301076,1909f56bfc062723c751e8b465ee728b)
Number of updated assets reloaded before import = 0
Start importing Assets/Prefabs/Enemies/Spawner.prefab using Guid(7eb4e8de240a6b74b920ad8310d1d1cd) Importer(815301076,1909f56bfc062723c751e8b465ee728b)  -> (artifact id: '1e2c7dcd5e1054d8a36b63d4c1990955') in 0.047667 seconds 
Number of asset objects unloaded after import = 30
========================================================================
Received Import Request.
  Time since last request: 1.362772 seconds.
  path: Assets/Prefabs/Enemies/Spawner.prefab
  artifactKey: Guid(7eb4e8de240a6b74b920ad8310d1d1cd) Importer(815301076,1909f56bfc062723c751e8b465ee728b)
Number of updated assets reloaded before import = 0
Start importing Assets/Prefabs/Enemies/Spawner.prefab using Guid(7eb4e8de240a6b74b920ad8310d1d1cd) Importer(815301076,1909f56bfc062723c751e8b465ee728b)  -> (artifact id: 'eb231f99cb55f919ddbb99708c831d4a') in 0.008269 seconds 
Number of asset objects unloaded after import = 30
========================================================================
Received Import Request.
  Time since last request: 6.266893 seconds.
  path: Assets/Prefabs/Enemies/Spawner.prefab
  artifactKey: Guid(7eb4e8de240a6b74b920ad8310d1d1cd) Importer(815301076,1909f56bfc062723c751e8b465ee728b)
Number of updated assets reloaded before import = 0
Start importing Assets/Prefabs/Enemies/Spawner.prefab using Guid(7eb4e8de240a6b74b920ad8310d1d1cd) Importer(815301076,1909f56bfc062723c751e8b465ee728b)  -> (artifact id: '2962132031d88a8feeb7ed49d3f753e8') in 0.014133 seconds 
Number of asset objects unloaded after import = 30
========================================================================
Received Import Request.
  Time since last request: 1.595050 seconds.
  path: Assets/Prefabs/Enemies/Spawner.prefab
  artifactKey: Guid(7eb4e8de240a6b74b920ad8310d1d1cd) Importer(815301076,1909f56bfc062723c751e8b465ee728b)
Number of updated assets reloaded before import = 0
Start importing Assets/Prefabs/Enemies/Spawner.prefab using Guid(7eb4e8de240a6b74b920ad8310d1d1cd) Importer(815301076,1909f56bfc062723c751e8b465ee728b)  -> (artifact id: '5ce0d58a6a6d9924cb0c927b162e7f0d') in 0.010491 seconds 
Number of asset objects unloaded after import = 30
========================================================================
Received Import Request.
  Time since last request: 2.413841 seconds.
  path: Assets/Prefabs/Enemies/Spawner.prefab
  artifactKey: Guid(7eb4e8de240a6b74b920ad8310d1d1cd) Importer(815301076,1909f56bfc062723c751e8b465ee728b)
Number of updated assets reloaded before import = 0
Start importing Assets/Prefabs/Enemies/Spawner.prefab using Guid(7eb4e8de240a6b74b920ad8310d1d1cd) Importer(815301076,1909f56bfc062723c751e8b465ee728b)  -> (artifact id: 'd3695fd6a8f745d61973273cd9ac467a') in 0.009015 seconds 
Number of asset objects unloaded after import = 30
========================================================================
Received Import Request.
  Time since last request: 27.530670 seconds.
  path: Assets/Prefabs/Enemies/Spawner.prefab
  artifactKey: Guid(7eb4e8de240a6b74b920ad8310d1d1cd) Importer(815301076,1909f56bfc062723c751e8b465ee728b)
Number of updated assets reloaded before import = 0
Start importing Assets/Prefabs/Enemies/Spawner.prefab using Guid(7eb4e8de240a6b74b920ad8310d1d1cd) Importer(815301076,1909f56bfc062723c751e8b465ee728b)  -> (artifact id: '3e979606a50adb0439f0f2fb25a39258') in 0.038933 seconds 
Number of asset objects unloaded after import = 30
========================================================================
Received Import Request.
  Time since last request: 16.763088 seconds.
  path: Assets/Prefabs/Enemies/Spawner.prefab
  artifactKey: Guid(7eb4e8de240a6b74b920ad8310d1d1cd) Importer(815301076,1909f56bfc062723c751e8b465ee728b)
Number of updated assets reloaded before import = 0
Start importing Assets/Prefabs/Enemies/Spawner.prefab using Guid(7eb4e8de240a6b74b920ad8310d1d1cd) Importer(815301076,1909f56bfc062723c751e8b465ee728b)  -> (artifact id: 'c126c3b88bd5c66d532156c5a1f141d8') in 0.021596 seconds 
Number of asset objects unloaded after import = 30
========================================================================
Received Import Request.
  Time since last request: 36.344294 seconds.
  path: Assets/Prefabs/Enemies/Spawner.prefab
  artifactKey: Guid(7eb4e8de240a6b74b920ad8310d1d1cd) Importer(815301076,1909f56bfc062723c751e8b465ee728b)
Number of updated assets reloaded before import = 0
Start importing Assets/Prefabs/Enemies/Spawner.prefab using Guid(7eb4e8de240a6b74b920ad8310d1d1cd) Importer(815301076,1909f56bfc062723c751e8b465ee728b)  -> (artifact id: '74654a94db748fd1c6ab09391c122858') in 0.021397 seconds 
Number of asset objects unloaded after import = 30
========================================================================
Received Import Request.
  Time since last request: 7.235409 seconds.
  path: Assets/Prefabs/Enemies/Spawner.prefab
  artifactKey: Guid(7eb4e8de240a6b74b920ad8310d1d1cd) Importer(815301076,1909f56bfc062723c751e8b465ee728b)
Number of updated assets reloaded before import = 0
Start importing Assets/Prefabs/Enemies/Spawner.prefab using Guid(7eb4e8de240a6b74b920ad8310d1d1cd) Importer(815301076,1909f56bfc062723c751e8b465ee728b)  -> (artifact id: '53bc2921f57ce8de35c13b22a2075bf9') in 0.020743 seconds 
Number of asset objects unloaded after import = 30
========================================================================
Received Import Request.
  Time since last request: 4.127147 seconds.
  path: Assets/Prefabs/Enemies/Spawner.prefab
  artifactKey: Guid(7eb4e8de240a6b74b920ad8310d1d1cd) Importer(815301076,1909f56bfc062723c751e8b465ee728b)
Number of updated assets reloaded before import = 0
Start importing Assets/Prefabs/Enemies/Spawner.prefab using Guid(7eb4e8de240a6b74b920ad8310d1d1cd) Importer(815301076,1909f56bfc062723c751e8b465ee728b)  -> (artifact id: '69400000f7b27c05dfd6141f787975bb') in 0.008588 seconds 
Number of asset objects unloaded after import = 29
========================================================================
Received Import Request.
  Time since last request: 7.863631 seconds.
  path: Assets/Prefabs/Enemies/Spawner.prefab
  artifactKey: Guid(7eb4e8de240a6b74b920ad8310d1d1cd) Importer(815301076,1909f56bfc062723c751e8b465ee728b)
Number of updated assets reloaded before import = 0
Start importing Assets/Prefabs/Enemies/Spawner.prefab using Guid(7eb4e8de240a6b74b920ad8310d1d1cd) Importer(815301076,1909f56bfc062723c751e8b465ee728b)  -> (artifact id: 'd575dabce8a0d55cf8d92f676d377f7c') in 0.011967 seconds 
Number of asset objects unloaded after import = 30
========================================================================
Received Import Request.
  Time since last request: 1.796391 seconds.
  path: Assets/Prefabs/Enemies/Spawner.prefab
  artifactKey: Guid(7eb4e8de240a6b74b920ad8310d1d1cd) Importer(815301076,1909f56bfc062723c751e8b465ee728b)
Number of updated assets reloaded before import = 0
Start importing Assets/Prefabs/Enemies/Spawner.prefab using Guid(7eb4e8de240a6b74b920ad8310d1d1cd) Importer(815301076,1909f56bfc062723c751e8b465ee728b)  -> (artifact id: '4caa6810239bcd2a4178f6cbcb40bd24') in 0.008650 seconds 
Number of asset objects unloaded after import = 30
========================================================================
Received Import Request.
  Time since last request: 4.426546 seconds.
  path: Assets/Prefabs/Enemies/Spawner.prefab
  artifactKey: Guid(7eb4e8de240a6b74b920ad8310d1d1cd) Importer(815301076,1909f56bfc062723c751e8b465ee728b)
Number of updated assets reloaded before import = 0
Start importing Assets/Prefabs/Enemies/Spawner.prefab using Guid(7eb4e8de240a6b74b920ad8310d1d1cd) Importer(815301076,1909f56bfc062723c751e8b465ee728b)  -> (artifact id: 'ed0f71d1fc75bba399cf9ffc332ca798') in 0.014043 seconds 
Number of asset objects unloaded after import = 30
========================================================================
Received Import Request.
  Time since last request: 9.298690 seconds.
  path: Assets/Prefabs/Enemies/Spawner.prefab
  artifactKey: Guid(7eb4e8de240a6b74b920ad8310d1d1cd) Importer(815301076,1909f56bfc062723c751e8b465ee728b)
Number of updated assets reloaded before import = 0
Start importing Assets/Prefabs/Enemies/Spawner.prefab using Guid(7eb4e8de240a6b74b920ad8310d1d1cd) Importer(815301076,1909f56bfc062723c751e8b465ee728b)  -> (artifact id: '59adb21e8376a799e8b87ffa9afcdbed') in 0.045045 seconds 
Number of asset objects unloaded after import = 30
========================================================================
Received Import Request.
  Time since last request: 7.423422 seconds.
  path: Assets/Prefabs/Enemies/Spawner.prefab
  artifactKey: Guid(7eb4e8de240a6b74b920ad8310d1d1cd) Importer(815301076,1909f56bfc062723c751e8b465ee728b)
Number of updated assets reloaded before import = 0
Start importing Assets/Prefabs/Enemies/Spawner.prefab using Guid(7eb4e8de240a6b74b920ad8310d1d1cd) Importer(815301076,1909f56bfc062723c751e8b465ee728b)  -> (artifact id: '1a4a7cc1f5792b9cc6d7dcff69d84501') in 0.014172 seconds 
Number of asset objects unloaded after import = 30
========================================================================
Received Import Request.
  Time since last request: 20.598717 seconds.
  path: Assets/Prefabs/Enemies/Spawner.prefab
  artifactKey: Guid(7eb4e8de240a6b74b920ad8310d1d1cd) Importer(815301076,1909f56bfc062723c751e8b465ee728b)
Number of updated assets reloaded before import = 0
Start importing Assets/Prefabs/Enemies/Spawner.prefab using Guid(7eb4e8de240a6b74b920ad8310d1d1cd) Importer(815301076,1909f56bfc062723c751e8b465ee728b)  -> (artifact id: '352dec89a63afe7d933bfb9938833f89') in 0.033888 seconds 
Number of asset objects unloaded after import = 30
========================================================================
Received Import Request.
  Time since last request: 566.353098 seconds.
  path: Assets/The Legend of Slim/07 RPG/Sky/03.png
  artifactKey: Guid(ff4a6f96dcb3d2d45a396b88236a0e17) Importer(815301076,1909f56bfc062723c751e8b465ee728b)
Number of updated assets reloaded before import = 0
Start importing Assets/The Legend of Slim/07 RPG/Sky/03.png using Guid(ff4a6f96dcb3d2d45a396b88236a0e17) Importer(815301076,1909f56bfc062723c751e8b465ee728b)  -> (artifact id: '4bf67f3e7fdfe2a50dcffc8a9ae8fed0') in 0.069025 seconds 
Number of asset objects unloaded after import = 3
========================================================================
Received Import Request.
  Time since last request: 0.417050 seconds.
  path: Assets/The Legend of Slim/05 The Ocean/Crab/03.png
  artifactKey: Guid(348c0074a04867843b52b61797e5b6dd) Importer(815301076,1909f56bfc062723c751e8b465ee728b)
Number of updated assets reloaded before import = 0
Start importing Assets/The Legend of Slim/05 The Ocean/Crab/03.png using Guid(348c0074a04867843b52b61797e5b6dd) Importer(815301076,1909f56bfc062723c751e8b465ee728b)  -> (artifact id: 'b2b40dffcf92493d0d506a2742d483e4') in 0.057492 seconds 
Number of asset objects unloaded after import = 3
========================================================================
Received Import Request.
  Time since last request: 0.000020 seconds.
  path: Assets/The Legend of Slim/09 The Special/Bow/03.png
  artifactKey: Guid(5ad11999684ea344ba1232f4bc7b8f06) Importer(815301076,1909f56bfc062723c751e8b465ee728b)
Number of updated assets reloaded before import = 0
Start importing Assets/The Legend of Slim/09 The Special/Bow/03.png using Guid(5ad11999684ea344ba1232f4bc7b8f06) Importer(815301076,1909f56bfc062723c751e8b465ee728b)  -> (artifact id: '85853f5efc7af68f841d302a36782657') in 0.075118 seconds 
Number of asset objects unloaded after import = 3
========================================================================
Received Import Request.
  Time since last request: 0.000026 seconds.
  path: Assets/The Legend of Slim/05 The Ocean/Tiger shark/03.png
  artifactKey: Guid(90e262789e8ee7b46ba31ccb01279c2f) Importer(815301076,1909f56bfc062723c751e8b465ee728b)
Number of updated assets reloaded before import = 0
Start importing Assets/The Legend of Slim/05 The Ocean/Tiger shark/03.png using Guid(90e262789e8ee7b46ba31ccb01279c2f) Importer(815301076,1909f56bfc062723c751e8b465ee728b)  -> (artifact id: '5bce96f99ab5f39da706b8f80112fa65') in 0.053663 seconds 
Number of asset objects unloaded after import = 3
========================================================================
Received Import Request.
  Time since last request: 0.027954 seconds.
  path: Assets/The Legend of Slim/09 The Special/Coin/03.png
  artifactKey: Guid(3ba19fc73826cab47936482b1d224794) Importer(815301076,1909f56bfc062723c751e8b465ee728b)
Number of updated assets reloaded before import = 0
Start importing Assets/The Legend of Slim/09 The Special/Coin/03.png using Guid(3ba19fc73826cab47936482b1d224794) Importer(815301076,1909f56bfc062723c751e8b465ee728b)  -> (artifact id: 'e09ad32c235e504fbf68443371685cfc') in 0.061794 seconds 
Number of asset objects unloaded after import = 3
========================================================================
Received Import Request.
  Time since last request: 0.000016 seconds.
  path: Assets/The Legend of Slim/06 Element/Magic/03.png
  artifactKey: Guid(e17a897db2c942b489eb741d7b19fd59) Importer(815301076,1909f56bfc062723c751e8b465ee728b)
Number of updated assets reloaded before import = 0
Start importing Assets/The Legend of Slim/06 Element/Magic/03.png using Guid(e17a897db2c942b489eb741d7b19fd59) Importer(815301076,1909f56bfc062723c751e8b465ee728b)  -> (artifact id: '6fff9f6e40c371dbc495ac3cfa7ee8da') in 0.065364 seconds 
Number of asset objects unloaded after import = 3
========================================================================
Received Import Request.
  Time since last request: 0.059091 seconds.
  path: Assets/The Legend of Slim/06 Element/Darkness/03.png
  artifactKey: Guid(5471907536ce0b54fb0e3f12ed62bcde) Importer(815301076,1909f56bfc062723c751e8b465ee728b)
Number of updated assets reloaded before import = 0
Start importing Assets/The Legend of Slim/06 Element/Darkness/03.png using Guid(5471907536ce0b54fb0e3f12ed62bcde) Importer(815301076,1909f56bfc062723c751e8b465ee728b)  -> (artifact id: 'cf29eab6a5feb94ee504988993069848') in 0.079306 seconds 
Number of asset objects unloaded after import = 3
========================================================================
Received Import Request.
  Time since last request: 0.000015 seconds.
  path: Assets/The Legend of Slim/08 NPC/Nurse/03.png
  artifactKey: Guid(183623e6f1dfe354c9d63f96f14e6353) Importer(815301076,1909f56bfc062723c751e8b465ee728b)
Number of updated assets reloaded before import = 0
Start importing Assets/The Legend of Slim/08 NPC/Nurse/03.png using Guid(183623e6f1dfe354c9d63f96f14e6353) Importer(815301076,1909f56bfc062723c751e8b465ee728b)  -> (artifact id: '5d3595c19bd62e7b7cb3c9627220e567') in 0.059571 seconds 
Number of asset objects unloaded after import = 3
========================================================================
Received Import Request.
  Time since last request: 0.000021 seconds.
  path: Assets/The Legend of Slim/05 The Ocean/Water/03.png
  artifactKey: Guid(c472b2b839f90164eb92d1b74a8a14a9) Importer(815301076,1909f56bfc062723c751e8b465ee728b)
Number of updated assets reloaded before import = 0
Start importing Assets/The Legend of Slim/05 The Ocean/Water/03.png using Guid(c472b2b839f90164eb92d1b74a8a14a9) Importer(815301076,1909f56bfc062723c751e8b465ee728b)  -> (artifact id: 'c290332aa6e8248b7547fb4a5dfc0c80') in 0.051606 seconds 
Number of asset objects unloaded after import = 3
========================================================================
Received Import Request.
  Time since last request: 0.029277 seconds.
  path: Assets/The Legend of Slim/09 The Special/Bottle/03.png
  artifactKey: Guid(005ecf7fdf1965e4c803dc3fd39121e1) Importer(815301076,1909f56bfc062723c751e8b465ee728b)
Number of updated assets reloaded before import = 0
Start importing Assets/The Legend of Slim/09 The Special/Bottle/03.png using Guid(005ecf7fdf1965e4c803dc3fd39121e1) Importer(815301076,1909f56bfc062723c751e8b465ee728b)  -> (artifact id: '639d4e4cdf746b507826a102e83467b8') in 0.060261 seconds 
Number of asset objects unloaded after import = 3
========================================================================
Received Import Request.
  Time since last request: 0.175750 seconds.
  path: Assets/The Legend of Slim/01 Original/Yellow/03.png
  artifactKey: Guid(d1e2152391cd5b84a9264131dc61fafe) Importer(815301076,1909f56bfc062723c751e8b465ee728b)
Number of updated assets reloaded before import = 0
Start importing Assets/The Legend of Slim/01 Original/Yellow/03.png using Guid(d1e2152391cd5b84a9264131dc61fafe) Importer(815301076,1909f56bfc062723c751e8b465ee728b)  -> (artifact id: 'de50ad0927602922af63bd0999f1f889') in 0.051569 seconds 
Number of asset objects unloaded after import = 3
========================================================================
Received Import Request.
  Time since last request: 0.000014 seconds.
  path: Assets/The Legend of Slim/03 The Cave/Diamond/03.png
  artifactKey: Guid(85675376e51e22b49861b367a049daff) Importer(815301076,1909f56bfc062723c751e8b465ee728b)
Number of updated assets reloaded before import = 0
Start importing Assets/The Legend of Slim/03 The Cave/Diamond/03.png using Guid(85675376e51e22b49861b367a049daff) Importer(815301076,1909f56bfc062723c751e8b465ee728b)  -> (artifact id: '7d64e2a6f8bbf6732b58fdea28b2e355') in 0.053159 seconds 
Number of asset objects unloaded after import = 3
========================================================================
Received Import Request.
  Time since last request: 0.075388 seconds.
  path: Assets/The Legend of Slim/01 Original/Blue/03.png
  artifactKey: Guid(8c24cf91b58c9254d81b0bcc36ed8d4e) Importer(815301076,1909f56bfc062723c751e8b465ee728b)
Number of updated assets reloaded before import = 0
Start importing Assets/The Legend of Slim/01 Original/Blue/03.png using Guid(8c24cf91b58c9254d81b0bcc36ed8d4e) Importer(815301076,1909f56bfc062723c751e8b465ee728b)  -> (artifact id: 'f486d7b0ed581eb3459ac13026bfdd53') in 0.057557 seconds 
Number of asset objects unloaded after import = 3
========================================================================
Received Import Request.
  Time since last request: 0.000021 seconds.
  path: Assets/The Legend of Slim/02 The Forest/Mushroom/03.png
  artifactKey: Guid(fc8ad4c073a1ba44cb3b19d1e2a986e8) Importer(815301076,1909f56bfc062723c751e8b465ee728b)
Number of updated assets reloaded before import = 0
Start importing Assets/The Legend of Slim/02 The Forest/Mushroom/03.png using Guid(fc8ad4c073a1ba44cb3b19d1e2a986e8) Importer(815301076,1909f56bfc062723c751e8b465ee728b)  -> (artifact id: 'b44ba5416591b580994e8c6cfbcaced5') in 0.060072 seconds 
Number of asset objects unloaded after import = 3
========================================================================
Received Import Request.
  Time since last request: 0.000019 seconds.
  path: Assets/The Legend of Slim/09 The Special/Bow/04.png
  artifactKey: Guid(e872b5ffdbc0a7440943370c1b3e6fd9) Importer(815301076,1909f56bfc062723c751e8b465ee728b)
Number of updated assets reloaded before import = 0
Start importing Assets/The Legend of Slim/09 The Special/Bow/04.png using Guid(e872b5ffdbc0a7440943370c1b3e6fd9) Importer(815301076,1909f56bfc062723c751e8b465ee728b)  -> (artifact id: '32ffe796d5f39bae6b890aa35da996c0') in 0.058270 seconds 
Number of asset objects unloaded after import = 3
========================================================================
Received Import Request.
  Time since last request: 0.023651 seconds.
  path: Assets/The Legend of Slim/02 The Forest/Wildman/03.png
  artifactKey: Guid(006d2f7245dad4c46aae007c16c6b0bc) Importer(815301076,1909f56bfc062723c751e8b465ee728b)
Number of updated assets reloaded before import = 0
Start importing Assets/The Legend of Slim/02 The Forest/Wildman/03.png using Guid(006d2f7245dad4c46aae007c16c6b0bc) Importer(815301076,1909f56bfc062723c751e8b465ee728b)  -> (artifact id: 'da005a0f45cd30aeb687f0a7c678979f') in 0.065146 seconds 
Number of asset objects unloaded after import = 3
========================================================================
Received Import Request.
  Time since last request: 0.000021 seconds.
  path: Assets/The Legend of Slim/04 Desret and Ice/Snow/04.png
  artifactKey: Guid(8990ca79e541e244d80f41f99b8863e8) Importer(815301076,1909f56bfc062723c751e8b465ee728b)
Number of updated assets reloaded before import = 0
Start importing Assets/The Legend of Slim/04 Desret and Ice/Snow/04.png using Guid(8990ca79e541e244d80f41f99b8863e8) Importer(815301076,1909f56bfc062723c751e8b465ee728b)  -> (artifact id: 'ef2b11561b6b71b64513359b0ec7d039') in 0.062368 seconds 
Number of asset objects unloaded after import = 3
========================================================================
Received Import Request.
  Time since last request: 0.078299 seconds.
  path: Assets/The Legend of Slim/03 The Cave/obsidian/03.png
  artifactKey: Guid(ad2e763c9b2328c428de2fe2d0f228ed) Importer(815301076,1909f56bfc062723c751e8b465ee728b)
Number of updated assets reloaded before import = 0
Start importing Assets/The Legend of Slim/03 The Cave/obsidian/03.png using Guid(ad2e763c9b2328c428de2fe2d0f228ed) Importer(815301076,1909f56bfc062723c751e8b465ee728b)  -> (artifact id: 'a5dc2f1d0d9d63c3a9ebdff90d80aee5') in 0.059106 seconds 
Number of asset objects unloaded after import = 3
========================================================================
Received Import Request.
  Time since last request: 0.000018 seconds.
  path: Assets/The Legend of Slim/03 The Cave/Stone/03.png
  artifactKey: Guid(a0ca9153825981c4b8ca9114ec813082) Importer(815301076,1909f56bfc062723c751e8b465ee728b)
Number of updated assets reloaded before import = 0
Start importing Assets/The Legend of Slim/03 The Cave/Stone/03.png using Guid(a0ca9153825981c4b8ca9114ec813082) Importer(815301076,1909f56bfc062723c751e8b465ee728b)  -> (artifact id: '9c3b24cccfd14ed3cc59e4fd9c121ffd') in 0.060590 seconds 
Number of asset objects unloaded after import = 3
========================================================================
Received Import Request.
  Time since last request: 0.000016 seconds.
  path: Assets/The Legend of Slim/09 The Special/Key/04.png
  artifactKey: Guid(3fb2ecc63fec64546adcce37a2171435) Importer(815301076,1909f56bfc062723c751e8b465ee728b)
Number of updated assets reloaded before import = 0
Start importing Assets/The Legend of Slim/09 The Special/Key/04.png using Guid(3fb2ecc63fec64546adcce37a2171435) Importer(815301076,1909f56bfc062723c751e8b465ee728b)  -> (artifact id: '82724b20fb767ca9383b3476846d4e93') in 0.049438 seconds 
Number of asset objects unloaded after import = 3
========================================================================
Received Import Request.
  Time since last request: 0.031603 seconds.
  path: Assets/The Legend of Slim/07 RPG/Demon/04.png
  artifactKey: Guid(610806035350b664b8e2aa1eef43581b) Importer(815301076,1909f56bfc062723c751e8b465ee728b)
Number of updated assets reloaded before import = 0
Start importing Assets/The Legend of Slim/07 RPG/Demon/04.png using Guid(610806035350b664b8e2aa1eef43581b) Importer(815301076,1909f56bfc062723c751e8b465ee728b)  -> (artifact id: 'b51ace73931c7f0e758d98bd07e8b7b0') in 0.054101 seconds 
Number of asset objects unloaded after import = 3
========================================================================
Received Import Request.
  Time since last request: 0.000013 seconds.
  path: Assets/The Legend of Slim/08 NPC/Merchant/04.png
  artifactKey: Guid(10d4dea2147aa814a81b82e19c7b5709) Importer(815301076,1909f56bfc062723c751e8b465ee728b)
Number of updated assets reloaded before import = 0
Start importing Assets/The Legend of Slim/08 NPC/Merchant/04.png using Guid(10d4dea2147aa814a81b82e19c7b5709) Importer(815301076,1909f56bfc062723c751e8b465ee728b)  -> (artifact id: '3bdb06e67ac510a342d32f6e4556aeac') in 0.100270 seconds 
Number of asset objects unloaded after import = 3
========================================================================
Received Import Request.
  Time since last request: 0.069573 seconds.
  path: Assets/The Legend of Slim/07 RPG/King/04.png
  artifactKey: Guid(7f59105f3bb333a47aa089a83314ae60) Importer(815301076,1909f56bfc062723c751e8b465ee728b)
Number of updated assets reloaded before import = 0
Start importing Assets/The Legend of Slim/07 RPG/King/04.png using Guid(7f59105f3bb333a47aa089a83314ae60) Importer(815301076,1909f56bfc062723c751e8b465ee728b)  -> (artifact id: 'ce2d3d86cdbcd22c3d5b2cbd43aeefc1') in 0.055850 seconds 
Number of asset objects unloaded after import = 3
========================================================================
Received Import Request.
  Time since last request: 0.000013 seconds.
  path: Assets/The Legend of Slim/05 The Ocean/Crab/04.png
  artifactKey: Guid(71b11233f346449458edee1a4568d32f) Importer(815301076,1909f56bfc062723c751e8b465ee728b)
Number of updated assets reloaded before import = 0
Start importing Assets/The Legend of Slim/05 The Ocean/Crab/04.png using Guid(71b11233f346449458edee1a4568d32f) Importer(815301076,1909f56bfc062723c751e8b465ee728b)  -> (artifact id: 'a88d9442f928a966d1de7a02bda8af57') in 0.060169 seconds 
Number of asset objects unloaded after import = 3
========================================================================
Received Import Request.
  Time since last request: 0.000019 seconds.
  path: Assets/The Legend of Slim/03 The Cave/Diamond/04.png
  artifactKey: Guid(cfdd6164499f0c644b4ab1de95b392d6) Importer(815301076,1909f56bfc062723c751e8b465ee728b)
Number of updated assets reloaded before import = 0
Start importing Assets/The Legend of Slim/03 The Cave/Diamond/04.png using Guid(cfdd6164499f0c644b4ab1de95b392d6) Importer(815301076,1909f56bfc062723c751e8b465ee728b)  -> (artifact id: 'aaf109944a0660cf3417cc9ed144d5eb') in 0.050560 seconds 
Number of asset objects unloaded after import = 3
========================================================================
Received Import Request.
  Time since last request: 0.026323 seconds.
  path: Assets/The Legend of Slim/08 NPC/Angel/04.png
  artifactKey: Guid(14a50af46fe04d54babd4964104b4dd5) Importer(815301076,1909f56bfc062723c751e8b465ee728b)
Number of updated assets reloaded before import = 0
Start importing Assets/The Legend of Slim/08 NPC/Angel/04.png using Guid(14a50af46fe04d54babd4964104b4dd5) Importer(815301076,1909f56bfc062723c751e8b465ee728b)  -> (artifact id: '52665404fa110ec54e3639e6e35c9942') in 0.056536 seconds 
Number of asset objects unloaded after import = 3
========================================================================
Received Import Request.
  Time since last request: 0.000014 seconds.
  path: Assets/The Legend of Slim/05 The Ocean/Lanternfish/04.png
  artifactKey: Guid(0c71e31dc2ddbb2468b5c2fe468e7867) Importer(815301076,1909f56bfc062723c751e8b465ee728b)
Number of updated assets reloaded before import = 0
Start importing Assets/The Legend of Slim/05 The Ocean/Lanternfish/04.png using Guid(0c71e31dc2ddbb2468b5c2fe468e7867) Importer(815301076,1909f56bfc062723c751e8b465ee728b)  -> (artifact id: '945f16b3f3fc31d1054d00464203fa88') in 0.051285 seconds 
Number of asset objects unloaded after import = 3
========================================================================
Received Import Request.
  Time since last request: 0.000013 seconds.
  path: Assets/The Legend of Slim/03 The Cave/Stone/04.png
  artifactKey: Guid(0a170222d9713594f9a783ed9d46768f) Importer(815301076,1909f56bfc062723c751e8b465ee728b)
Number of updated assets reloaded before import = 0
Start importing Assets/The Legend of Slim/03 The Cave/Stone/04.png using Guid(0a170222d9713594f9a783ed9d46768f) Importer(815301076,1909f56bfc062723c751e8b465ee728b)  -> (artifact id: 'c352b5bdd57691f7849592540a07d140') in 0.053416 seconds 
Number of asset objects unloaded after import = 3
========================================================================
Received Import Request.
  Time since last request: 0.000013 seconds.
  path: Assets/The Legend of Slim/06 Element/Lightning/04.png
  artifactKey: Guid(310ebc10c3f98704aacb6024b9cdd8da) Importer(815301076,1909f56bfc062723c751e8b465ee728b)
Number of updated assets reloaded before import = 0
Start importing Assets/The Legend of Slim/06 Element/Lightning/04.png using Guid(310ebc10c3f98704aacb6024b9cdd8da) Importer(815301076,1909f56bfc062723c751e8b465ee728b)  -> (artifact id: 'd93da440c99f38e695d4829e31ba0aaa') in 0.053749 seconds 
Number of asset objects unloaded after import = 3
========================================================================
Received Import Request.
  Time since last request: 0.000027 seconds.
  path: Assets/The Legend of Slim/07 RPG/Sky/04.png
  artifactKey: Guid(36272fb388c3ae94fa07c6b5c7cc12db) Importer(815301076,1909f56bfc062723c751e8b465ee728b)
Number of updated assets reloaded before import = 0
Start importing Assets/The Legend of Slim/07 RPG/Sky/04.png using Guid(36272fb388c3ae94fa07c6b5c7cc12db) Importer(815301076,1909f56bfc062723c751e8b465ee728b)  -> (artifact id: 'c0b2f87fcda1b2d91a068fd7b1ccb821') in 0.049466 seconds 
Number of asset objects unloaded after import = 3
========================================================================
Received Import Request.
  Time since last request: 0.000019 seconds.
  path: Assets/The Legend of Slim/09 The Special/Bottle/04.png
  artifactKey: Guid(6f1aca9d335be9e428c55b5594739fd8) Importer(815301076,1909f56bfc062723c751e8b465ee728b)
Number of updated assets reloaded before import = 0
Start importing Assets/The Legend of Slim/09 The Special/Bottle/04.png using Guid(6f1aca9d335be9e428c55b5594739fd8) Importer(815301076,1909f56bfc062723c751e8b465ee728b)  -> (artifact id: 'a26d02d228ae9931653e8f07de514f6d') in 0.059577 seconds 
Number of asset objects unloaded after import = 3
========================================================================
Received Import Request.
  Time since last request: 0.060382 seconds.
  path: Assets/The Legend of Slim/08 NPC/Cook/04.png
  artifactKey: Guid(93e867a8f94ac6e4a95a2d5d0beb38de) Importer(815301076,1909f56bfc062723c751e8b465ee728b)
Number of updated assets reloaded before import = 0
Start importing Assets/The Legend of Slim/08 NPC/Cook/04.png using Guid(93e867a8f94ac6e4a95a2d5d0beb38de) Importer(815301076,1909f56bfc062723c751e8b465ee728b)  -> (artifact id: '22b38ec88c52fdec1fff190b79905547') in 0.063532 seconds 
Number of asset objects unloaded after import = 3
========================================================================
Received Import Request.
  Time since last request: 0.000015 seconds.
  path: Assets/The Legend of Slim/05 The Ocean/Coral/04.png
  artifactKey: Guid(0060da9c414b1544d85263b6e8d74f3e) Importer(815301076,1909f56bfc062723c751e8b465ee728b)
Number of updated assets reloaded before import = 0
Start importing Assets/The Legend of Slim/05 The Ocean/Coral/04.png using Guid(0060da9c414b1544d85263b6e8d74f3e) Importer(815301076,1909f56bfc062723c751e8b465ee728b)  -> (artifact id: '38a589f96be6502ff5d92d8bf218438e') in 0.054560 seconds 
Number of asset objects unloaded after import = 3
========================================================================
Received Import Request.
  Time since last request: 0.000019 seconds.
  path: Assets/The Legend of Slim/03 The Cave/obsidian/04.png
  artifactKey: Guid(f9016bb644b00634f8a2e1fb5faccc3e) Importer(815301076,1909f56bfc062723c751e8b465ee728b)
Number of updated assets reloaded before import = 0
Start importing Assets/The Legend of Slim/03 The Cave/obsidian/04.png using Guid(f9016bb644b00634f8a2e1fb5faccc3e) Importer(815301076,1909f56bfc062723c751e8b465ee728b)  -> (artifact id: '0c3fb1af4dd5bb6249b2ac5072cff5c5') in 0.065867 seconds 
Number of asset objects unloaded after import = 3
========================================================================
Received Import Request.
  Time since last request: 0.000034 seconds.
  path: Assets/The Legend of Slim/02 The Forest/Mushroom/04.png
  artifactKey: Guid(470a1c80f4e526247845cfe7c15d9a8b) Importer(815301076,1909f56bfc062723c751e8b465ee728b)
Number of updated assets reloaded before import = 0
Start importing Assets/The Legend of Slim/02 The Forest/Mushroom/04.png using Guid(470a1c80f4e526247845cfe7c15d9a8b) Importer(815301076,1909f56bfc062723c751e8b465ee728b)  -> (artifact id: '74998a82e9e33a3f707c957c60b6845a') in 0.058926 seconds 
Number of asset objects unloaded after import = 3
========================================================================
Received Import Request.
  Time since last request: 0.000014 seconds.
  path: Assets/The Legend of Slim/04 Desret and Ice/Ice/04.png
  artifactKey: Guid(1addf1c275c583646badde8d5ae5fc85) Importer(815301076,1909f56bfc062723c751e8b465ee728b)
Number of updated assets reloaded before import = 0
Start importing Assets/The Legend of Slim/04 Desret and Ice/Ice/04.png using Guid(1addf1c275c583646badde8d5ae5fc85) Importer(815301076,1909f56bfc062723c751e8b465ee728b)  -> (artifact id: 'cc0150ce6421182514d2b61586df74b6') in 0.056037 seconds 
Number of asset objects unloaded after import = 3
========================================================================
Received Import Request.
  Time since last request: 0.000015 seconds.
  path: Assets/The Legend of Slim/02 The Forest/Wildman/04.png
  artifactKey: Guid(b67746383ac0b9d4e87377ce132ccbe9) Importer(815301076,1909f56bfc062723c751e8b465ee728b)
Number of updated assets reloaded before import = 0
Start importing Assets/The Legend of Slim/02 The Forest/Wildman/04.png using Guid(b67746383ac0b9d4e87377ce132ccbe9) Importer(815301076,1909f56bfc062723c751e8b465ee728b)  -> (artifact id: '5daa9f42daaebc886d1630f154f884fd') in 0.061403 seconds 
Number of asset objects unloaded after import = 3
========================================================================
Received Import Request.
  Time since last request: 0.000013 seconds.
  path: Assets/The Legend of Slim/06 Element/Darkness/04.png
  artifactKey: Guid(217b7c55fa9f6d0458448459343c8c50) Importer(815301076,1909f56bfc062723c751e8b465ee728b)
Number of updated assets reloaded before import = 0
Start importing Assets/The Legend of Slim/06 Element/Darkness/04.png using Guid(217b7c55fa9f6d0458448459343c8c50) Importer(815301076,1909f56bfc062723c751e8b465ee728b)  -> (artifact id: '400c36ca08de2d1b3d308ebfa27a7cd2') in 0.059451 seconds 
Number of asset objects unloaded after import = 3
========================================================================
Received Import Request.
  Time since last request: 0.030163 seconds.
  path: Assets/The Legend of Slim/01 Original/Red/04.png
  artifactKey: Guid(b4cdb762a19cd024f9a0aa06e8601759) Importer(815301076,1909f56bfc062723c751e8b465ee728b)
Number of updated assets reloaded before import = 0
Start importing Assets/The Legend of Slim/01 Original/Red/04.png using Guid(b4cdb762a19cd024f9a0aa06e8601759) Importer(815301076,1909f56bfc062723c751e8b465ee728b)  -> (artifact id: '76d79e20c5bf1107180b7eb4252f9aec') in 0.063819 seconds 
Number of asset objects unloaded after import = 3
Editor requested this worker to shutdown with reason: Scaling down because of idle timeout
AssetImportWorker is now disconnected from the server
Process exiting
Exiting without the bug reporter. Application will terminate with return code 0