Using pre-set license
Built from '2021.3/staging' branch; Version is '2021.3.30f1 (b4360d7cdac4) revision 11810317'; Using compiler version '192829333'; Build Type 'Release'
OS: 'Windows 10  (10.0.19045) 64bit Core' Language: 'en' Physical Memory: 32683 MB
BatchMode: 1, IsHumanControllingUs: 0, StartBugReporterOnCrash: 0, Is64bit: 1, IsPro: 1

COMMAND LINE ARGUMENTS:
C:\Program Files\Unity\Hub\Editor\2021.3.30f1\Editor\Unity.exe
-adb2
-batchMode
-noUpm
-name
AssetImportWorker7
-projectPath
D:/Projects/Defense/TDefense
-logFile
Logs/AssetImportWorker7.log
-srvPort
59098
Successfully changed project path to: D:/Projects/Defense/TDefense
D:/Projects/Defense/TDefense
[UnityMemory] Configuration Parameters - Can be set up in boot.config
    "memorysetup-bucket-allocator-granularity=16"
    "memorysetup-bucket-allocator-bucket-count=8"
    "memorysetup-bucket-allocator-block-size=33554432"
    "memorysetup-bucket-allocator-block-count=8"
    "memorysetup-main-allocator-block-size=16777216"
    "memorysetup-thread-allocator-block-size=16777216"
    "memorysetup-gfx-main-allocator-block-size=16777216"
    "memorysetup-gfx-thread-allocator-block-size=16777216"
    "memorysetup-cache-allocator-block-size=4194304"
    "memorysetup-typetree-allocator-block-size=2097152"
    "memorysetup-profiler-bucket-allocator-granularity=16"
    "memorysetup-profiler-bucket-allocator-bucket-count=8"
    "memorysetup-profiler-bucket-allocator-block-size=33554432"
    "memorysetup-profiler-bucket-allocator-block-count=8"
    "memorysetup-profiler-allocator-block-size=16777216"
    "memorysetup-profiler-editor-allocator-block-size=1048576"
    "memorysetup-temp-allocator-size-main=16777216"
    "memorysetup-job-temp-allocator-block-size=2097152"
    "memorysetup-job-temp-allocator-block-size-background=1048576"
    "memorysetup-job-temp-allocator-reduction-small-platforms=262144"
    "memorysetup-temp-allocator-size-background-worker=32768"
    "memorysetup-temp-allocator-size-job-worker=262144"
    "memorysetup-temp-allocator-size-preload-manager=33554432"
    "memorysetup-temp-allocator-size-nav-mesh-worker=65536"
    "memorysetup-temp-allocator-size-audio-worker=65536"
    "memorysetup-temp-allocator-size-cloud-worker=32768"
    "memorysetup-temp-allocator-size-gi-baking-worker=262144"
    "memorysetup-temp-allocator-size-gfx=262144"
Player connection [43048] Host "[IP] 192.168.1.38 [Port] 0 [Flags] 2 [Guid] 2049175368 [EditorId] 2049175368 [Version] 1048832 [Id] WindowsEditor(7,DESKTOP-VK2T73L) [Debug] 1 [PackageName] WindowsEditor [ProjectName] Editor" joined multi-casting on [225.0.0.222:54997]...

Player connection [43048] Host "[IP] 192.168.1.38 [Port] 0 [Flags] 2 [Guid] 2049175368 [EditorId] 2049175368 [Version] 1048832 [Id] WindowsEditor(7,DESKTOP-VK2T73L) [Debug] 1 [PackageName] WindowsEditor [ProjectName] Editor" joined alternative multi-casting on [225.0.0.222:34997]...

[Physics::Module] Initialized MultithreadedJobDispatcher with {0} workers.
Refreshing native plugins compatible for Editor in 113.61 ms, found 4 plugins.
Preloading 0 native plugins for Editor in 0.00 ms.
Initialize engine version: 2021.3.30f1 (b4360d7cdac4)
[Subsystems] Discovering subsystems at path C:/Program Files/Unity/Hub/Editor/2021.3.30f1/Editor/Data/Resources/UnitySubsystems
[Subsystems] Discovering subsystems at path D:/Projects/Defense/TDefense/Assets
GfxDevice: creating device client; threaded=0; jobified=0
Direct3D:
    Version:  Direct3D 11.0 [level 11.1]
    Renderer: NVIDIA GeForce RTX 3080 (ID=0x2206)
    Vendor:   NVIDIA
    VRAM:     10067 MB
    Driver:   31.0.15.3713
Initialize mono
Mono path[0] = 'C:/Program Files/Unity/Hub/Editor/2021.3.30f1/Editor/Data/Managed'
Mono path[1] = 'C:/Program Files/Unity/Hub/Editor/2021.3.30f1/Editor/Data/MonoBleedingEdge/lib/mono/unityjit-win32'
Mono config path = 'C:/Program Files/Unity/Hub/Editor/2021.3.30f1/Editor/Data/MonoBleedingEdge/etc'
Using monoOptions --debugger-agent=transport=dt_socket,embedding=1,server=y,suspend=n,address=127.0.0.1:56448
Begin MonoManager ReloadAssembly
Registering precompiled unity dll's ...
Register platform support module: C:/Program Files/Unity/Hub/Editor/2021.3.30f1/Editor/Data/PlaybackEngines/AndroidPlayer/UnityEditor.Android.Extensions.dll
Register platform support module: C:/Program Files/Unity/Hub/Editor/2021.3.30f1/Editor/Data/PlaybackEngines/WindowsStandaloneSupport/UnityEditor.WindowsStandalone.Extensions.dll
Registered in 0.009728 seconds.
Native extension for WindowsStandalone target not found
Native extension for Android target not found
Android Extension - Scanning For ADB Devices 221 ms
Refreshing native plugins compatible for Editor in 123.57 ms, found 4 plugins.
Preloading 0 native plugins for Editor in 0.00 ms.
Mono: successfully reloaded assembly
- Completed reload, in  0.936 seconds
Domain Reload Profiling:
	ReloadAssembly (936ms)
		BeginReloadAssembly (93ms)
			ExecutionOrderSort (0ms)
			DisableScriptedObjects (0ms)
			BackupInstance (0ms)
			ReleaseScriptingObjects (0ms)
			CreateAndSetChildDomain (1ms)
		EndReloadAssembly (748ms)
			LoadAssemblies (90ms)
			RebuildTransferFunctionScriptingTraits (0ms)
			SetupTypeCache (116ms)
			ReleaseScriptCaches (0ms)
			RebuildScriptCaches (25ms)
			SetupLoadedEditorAssemblies (563ms)
				LogAssemblyErrors (0ms)
				InitializePlatformSupportModulesInManaged (317ms)
				SetLoadedEditorAssemblies (0ms)
				RefreshPlugins (124ms)
				BeforeProcessingInitializeOnLoad (1ms)
				ProcessInitializeOnLoadAttributes (82ms)
				ProcessInitializeOnLoadMethodAttributes (39ms)
				AfterProcessingInitializeOnLoad (0ms)
				EditorAssembliesLoaded (0ms)
			ExecutionOrderSort2 (0ms)
			AwakeInstancesAfterBackupRestoration (0ms)
Platform modules already initialized, skipping
Registering precompiled user dll's ...
Registered in 0.005203 seconds.
Begin MonoManager ReloadAssembly
Native extension for WindowsStandalone target not found
Native extension for Android target not found
Refreshing native plugins compatible for Editor in 109.24 ms, found 4 plugins.
Preloading 0 native plugins for Editor in 0.00 ms.
Package Manager log level set to [2]
[Package Manager] Server::EnsureServerProcessIsRunning -- launch failed, reason: Unity was launched with the -noUpm command-line argument
[Package Manager] Cannot connect to Unity Package Manager local server
Mono: successfully reloaded assembly
- Completed reload, in  1.484 seconds
Domain Reload Profiling:
	ReloadAssembly (1485ms)
		BeginReloadAssembly (129ms)
			ExecutionOrderSort (0ms)
			DisableScriptedObjects (5ms)
			BackupInstance (0ms)
			ReleaseScriptingObjects (0ms)
			CreateAndSetChildDomain (18ms)
		EndReloadAssembly (1258ms)
			LoadAssemblies (107ms)
			RebuildTransferFunctionScriptingTraits (0ms)
			SetupTypeCache (231ms)
			ReleaseScriptCaches (1ms)
			RebuildScriptCaches (54ms)
			SetupLoadedEditorAssemblies (841ms)
				LogAssemblyErrors (0ms)
				InitializePlatformSupportModulesInManaged (19ms)
				SetLoadedEditorAssemblies (0ms)
				RefreshPlugins (109ms)
				BeforeProcessingInitializeOnLoad (109ms)
				ProcessInitializeOnLoadAttributes (557ms)
				ProcessInitializeOnLoadMethodAttributes (39ms)
				AfterProcessingInitializeOnLoad (9ms)
				EditorAssembliesLoaded (0ms)
			ExecutionOrderSort2 (0ms)
			AwakeInstancesAfterBackupRestoration (5ms)
Platform modules already initialized, skipping
========================================================================
Worker process is ready to serve import requests
Launched and connected shader compiler UnityShaderCompiler.exe after 0.03 seconds
Refreshing native plugins compatible for Editor in 0.91 ms, found 4 plugins.
Preloading 0 native plugins for Editor in 0.00 ms.
Unloading 4243 Unused Serialized files (Serialized files now loaded: 0)
Unloading 83 unused Assets / (47.5 KB). Loaded Objects now: 4666.
Memory consumption went from 164.3 MB to 164.3 MB.
Total: 2.765100 ms (FindLiveObjects: 0.270300 ms CreateObjectMapping: 0.224900 ms MarkObjects: 2.177700 ms  DeleteObjects: 0.090900 ms)

AssetImportParameters requested are different than current active one (requested -> active):
  custom:video-decoder-ogg-theora: a1e56fd34408186e4bbccfd4996cb3dc -> 
  custom:container-muxer-webm: aa71ff27fc2769a1b78a27578f13a17b -> 
  custom:container-demuxer-webm: 4f35f7cbe854078d1ac9338744f61a02 -> 
  custom:video-encoder-webm-vp8: eb34c28f22e8b96e1ab97ce403110664 -> 
  custom:CustomObjectIndexerAttribute: bc11b3a6c3213fcdd17b65e7da85e133 -> 
  custom:audio-encoder-webm-vorbis: bf7c407c2cedff20999df2af8eb42d56 -> 
  custom:framework-win-MediaFoundation: 216162199b28c13a410421893ffa2e32 -> 
  custom:SearchIndexIgnoredProperties: e643bd26f0fe6173181afceb89e7c659 -> 
  custom:container-demuxer-ogg: 62fdf1f143b41e24485cea50d1cbac27 -> 
  custom:video-decoder-webm-vp8: 9c59270c3fd7afecdb556c50c9e8de78 -> 
  custom:audio-decoder-ogg-vorbis: bf7c407c2cedff20999df2af8eb42d56 -> 
========================================================================
Received Import Request.
  Time since last request: 43466.839822 seconds.
  path: Assets/Simple Buttons/Icons/Icon_05.gif
  artifactKey: Guid(f7a5b108e9a5745418541eaf28d8f690) Importer(815301076,1909f56bfc062723c751e8b465ee728b)
Number of updated assets reloaded before import = 0
Start importing Assets/Simple Buttons/Icons/Icon_05.gif using Guid(f7a5b108e9a5745418541eaf28d8f690) Importer(815301076,1909f56bfc062723c751e8b465ee728b)  -> (artifact id: '505ca804088f24a953f599b06b86998f') in 0.106382 seconds 
Number of asset objects unloaded after import = 3
========================================================================
Received Import Request.
  Time since last request: 0.000038 seconds.
  path: Assets/Simple Buttons/Icons/Icon_21.gif
  artifactKey: Guid(59758a65618a2574783f9d038aa1f5b2) Importer(815301076,1909f56bfc062723c751e8b465ee728b)
Number of updated assets reloaded before import = 0
Start importing Assets/Simple Buttons/Icons/Icon_21.gif using Guid(59758a65618a2574783f9d038aa1f5b2) Importer(815301076,1909f56bfc062723c751e8b465ee728b)  -> (artifact id: 'ded86735f56b5f42f11e8b72e8220390') in 0.058998 seconds 
Number of asset objects unloaded after import = 3
========================================================================
Received Import Request.
  Time since last request: 0.000027 seconds.
  path: Assets/Simple Buttons/Icons/Icon_19.gif
  artifactKey: Guid(67a528e9229d50945adcf133dc374584) Importer(815301076,1909f56bfc062723c751e8b465ee728b)
Number of updated assets reloaded before import = 0
Start importing Assets/Simple Buttons/Icons/Icon_19.gif using Guid(67a528e9229d50945adcf133dc374584) Importer(815301076,1909f56bfc062723c751e8b465ee728b)  -> (artifact id: 'bf4f32cea2463a47102c4579a47607bd') in 0.036728 seconds 
Number of asset objects unloaded after import = 3
========================================================================
Received Import Request.
  Time since last request: 0.000023 seconds.
  path: Assets/Simple Buttons/Icons/Icon_20.gif
  artifactKey: Guid(971a0bb560b7a6a4390594a07bc34767) Importer(815301076,1909f56bfc062723c751e8b465ee728b)
Number of updated assets reloaded before import = 0
Start importing Assets/Simple Buttons/Icons/Icon_20.gif using Guid(971a0bb560b7a6a4390594a07bc34767) Importer(815301076,1909f56bfc062723c751e8b465ee728b)  -> (artifact id: '23571afda05c74cb78c75787512f5738') in 0.045718 seconds 
Number of asset objects unloaded after import = 3
========================================================================
Received Import Request.
  Time since last request: 0.000022 seconds.
  path: Assets/Simple Buttons/Icons/Icon_15.gif
  artifactKey: Guid(f0b7651b660ee9f408c308c780f61938) Importer(815301076,1909f56bfc062723c751e8b465ee728b)
Number of updated assets reloaded before import = 0
Start importing Assets/Simple Buttons/Icons/Icon_15.gif using Guid(f0b7651b660ee9f408c308c780f61938) Importer(815301076,1909f56bfc062723c751e8b465ee728b)  -> (artifact id: '0fd2f4e3bc215d3c7d103f5681c9af3b') in 0.031391 seconds 
Number of asset objects unloaded after import = 3
========================================================================
Received Import Request.
  Time since last request: 344.880704 seconds.
  path: Assets/JellyIcons/512x512/UI/GreenBox.png
  artifactKey: Guid(a7ee33a80f9abe54e9b1d1cd8679ba16) Importer(815301076,1909f56bfc062723c751e8b465ee728b)
Number of updated assets reloaded before import = 0
Start importing Assets/JellyIcons/512x512/UI/GreenBox.png using Guid(a7ee33a80f9abe54e9b1d1cd8679ba16) Importer(815301076,1909f56bfc062723c751e8b465ee728b)  -> (artifact id: 'b7a87a63a9b5118b8b15749737a6a3d9') in 0.042675 seconds 
Number of asset objects unloaded after import = 3
========================================================================
Received Import Request.
  Time since last request: 0.000019 seconds.
  path: Assets/JellyIcons/512x512/UI/RedBox.png
  artifactKey: Guid(094970141cb4b894fb30f1796e0c2cc2) Importer(815301076,1909f56bfc062723c751e8b465ee728b)
Number of updated assets reloaded before import = 0
Start importing Assets/JellyIcons/512x512/UI/RedBox.png using Guid(094970141cb4b894fb30f1796e0c2cc2) Importer(815301076,1909f56bfc062723c751e8b465ee728b)  -> (artifact id: '0de73715c2f80782e65e6d19081d9d8f') in 0.033694 seconds 
Number of asset objects unloaded after import = 3
========================================================================
Received Import Request.
  Time since last request: 0.000018 seconds.
  path: Assets/JellyIcons/512x512/UI/VioletBox.png
  artifactKey: Guid(a23ac27704b9af94b8f35c028b92010e) Importer(815301076,1909f56bfc062723c751e8b465ee728b)
Number of updated assets reloaded before import = 0
Start importing Assets/JellyIcons/512x512/UI/VioletBox.png using Guid(a23ac27704b9af94b8f35c028b92010e) Importer(815301076,1909f56bfc062723c751e8b465ee728b)  -> (artifact id: 'b1df3f9684327d6d982c3b08296695db') in 0.037593 seconds 
Number of asset objects unloaded after import = 3
========================================================================
Received Import Request.
  Time since last request: 2.316597 seconds.
  path: Assets/JellyIcons/512x512/Icons/BasicIcons/ArrowLeft.png
  artifactKey: Guid(fcfeddd3bd491bc46b8f26c1e20cdc84) Importer(815301076,1909f56bfc062723c751e8b465ee728b)
Number of updated assets reloaded before import = 0
Start importing Assets/JellyIcons/512x512/Icons/BasicIcons/ArrowLeft.png using Guid(fcfeddd3bd491bc46b8f26c1e20cdc84) Importer(815301076,1909f56bfc062723c751e8b465ee728b)  -> (artifact id: 'db1cd97f391b30f48d4ba553b48318bd') in 0.033777 seconds 
Number of asset objects unloaded after import = 3
========================================================================
Received Import Request.
  Time since last request: 0.000020 seconds.
  path: Assets/JellyIcons/512x512/Icons/BasicIcons/Plus.png
  artifactKey: Guid(2607af8c6fe594649a26fe3d15faf780) Importer(815301076,1909f56bfc062723c751e8b465ee728b)
Number of updated assets reloaded before import = 0
Start importing Assets/JellyIcons/512x512/Icons/BasicIcons/Plus.png using Guid(2607af8c6fe594649a26fe3d15faf780) Importer(815301076,1909f56bfc062723c751e8b465ee728b)  -> (artifact id: 'f48968e4b93a52b471efdfa687e526f7') in 0.030290 seconds 
Number of asset objects unloaded after import = 3
========================================================================
Received Import Request.
  Time since last request: 0.000021 seconds.
  path: Assets/JellyIcons/512x512/Icons/BasicIcons/Star.png
  artifactKey: Guid(8f70219a5bf1560458ff67c4cbc4023b) Importer(815301076,1909f56bfc062723c751e8b465ee728b)
Number of updated assets reloaded before import = 0
Start importing Assets/JellyIcons/512x512/Icons/BasicIcons/Star.png using Guid(8f70219a5bf1560458ff67c4cbc4023b) Importer(815301076,1909f56bfc062723c751e8b465ee728b)  -> (artifact id: 'ef1f4016f9034bfb2e72d815e814dd0d') in 0.028647 seconds 
Number of asset objects unloaded after import = 3
========================================================================
Received Import Request.
  Time since last request: 0.000021 seconds.
  path: Assets/JellyIcons/512x512/Icons/BasicIcons/Lock.png
  artifactKey: Guid(106c74a7716f4a948bedd7556da6ee93) Importer(815301076,1909f56bfc062723c751e8b465ee728b)
Number of updated assets reloaded before import = 0
Start importing Assets/JellyIcons/512x512/Icons/BasicIcons/Lock.png using Guid(106c74a7716f4a948bedd7556da6ee93) Importer(815301076,1909f56bfc062723c751e8b465ee728b)  -> (artifact id: 'c09c664b80190ee70ec7aef76debbef5') in 0.030141 seconds 
Number of asset objects unloaded after import = 3
========================================================================
Received Import Request.
  Time since last request: 0.000022 seconds.
  path: Assets/JellyIcons/512x512/Icons/BasicIcons/ArrowRight.png
  artifactKey: Guid(870f83379d6c75d4ea19c56626ef8a74) Importer(815301076,1909f56bfc062723c751e8b465ee728b)
Number of updated assets reloaded before import = 0
Start importing Assets/JellyIcons/512x512/Icons/BasicIcons/ArrowRight.png using Guid(870f83379d6c75d4ea19c56626ef8a74) Importer(815301076,1909f56bfc062723c751e8b465ee728b)  -> (artifact id: 'da34fe95a1baf07228d938dbc5d4413c') in 0.029853 seconds 
Number of asset objects unloaded after import = 3
========================================================================
Received Import Request.
  Time since last request: 0.000036 seconds.
  path: Assets/JellyIcons/512x512/Icons/BasicIcons/QuestionMark.png
  artifactKey: Guid(d0f104a0c3991d8489226090d284d05e) Importer(815301076,1909f56bfc062723c751e8b465ee728b)
Number of updated assets reloaded before import = 0
Start importing Assets/JellyIcons/512x512/Icons/BasicIcons/QuestionMark.png using Guid(d0f104a0c3991d8489226090d284d05e) Importer(815301076,1909f56bfc062723c751e8b465ee728b)  -> (artifact id: '33d8e836b9f413a0793b6b85ef308796') in 0.031368 seconds 
Number of asset objects unloaded after import = 3
========================================================================
Received Import Request.
  Time since last request: 0.000032 seconds.
  path: Assets/JellyIcons/512x512/Icons/BasicIcons/DoubleArrow.png
  artifactKey: Guid(825dc1be24e9fe747970af1eb29e7749) Importer(815301076,1909f56bfc062723c751e8b465ee728b)
Number of updated assets reloaded before import = 0
Start importing Assets/JellyIcons/512x512/Icons/BasicIcons/DoubleArrow.png using Guid(825dc1be24e9fe747970af1eb29e7749) Importer(815301076,1909f56bfc062723c751e8b465ee728b)  -> (artifact id: '3c50a704a5bbecee140bdc27958e2e11') in 0.030396 seconds 
Number of asset objects unloaded after import = 3
========================================================================
Received Import Request.
  Time since last request: 0.000017 seconds.
  path: Assets/JellyIcons/512x512/Icons/BasicIcons/ArrowTop.png
  artifactKey: Guid(e532764893336d942a94e4b98223b201) Importer(815301076,1909f56bfc062723c751e8b465ee728b)
Number of updated assets reloaded before import = 0
Start importing Assets/JellyIcons/512x512/Icons/BasicIcons/ArrowTop.png using Guid(e532764893336d942a94e4b98223b201) Importer(815301076,1909f56bfc062723c751e8b465ee728b)  -> (artifact id: 'ecc52f29a90298a0c6ecd4be338a30db') in 0.030934 seconds 
Number of asset objects unloaded after import = 3
========================================================================
Received Import Request.
  Time since last request: 0.000025 seconds.
  path: Assets/JellyIcons/512x512/Icons/BasicIcons/PlayLeft.png
  artifactKey: Guid(15e8c19aa5c796347ad28c1637b83b67) Importer(815301076,1909f56bfc062723c751e8b465ee728b)
Number of updated assets reloaded before import = 0
Start importing Assets/JellyIcons/512x512/Icons/BasicIcons/PlayLeft.png using Guid(15e8c19aa5c796347ad28c1637b83b67) Importer(815301076,1909f56bfc062723c751e8b465ee728b)  -> (artifact id: '07502f0829304d26ca394063763cdb35') in 0.032747 seconds 
Number of asset objects unloaded after import = 3
========================================================================
Received Import Request.
  Time since last request: 0.000029 seconds.
  path: Assets/JellyIcons/512x512/Icons/BasicIcons/Minus.png
  artifactKey: Guid(de2a1ff3b2d1f194b9392d2327f4b8cf) Importer(815301076,1909f56bfc062723c751e8b465ee728b)
Number of updated assets reloaded before import = 0
Start importing Assets/JellyIcons/512x512/Icons/BasicIcons/Minus.png using Guid(de2a1ff3b2d1f194b9392d2327f4b8cf) Importer(815301076,1909f56bfc062723c751e8b465ee728b)  -> (artifact id: 'a38fd00f6339a4f6a28631714ad71bc1') in 0.036188 seconds 
Number of asset objects unloaded after import = 3
========================================================================
Received Import Request.
  Time since last request: 0.000022 seconds.
  path: Assets/JellyIcons/512x512/Icons/BasicIcons/Home.png
  artifactKey: Guid(610ce4e565794ad44b0278fcb7da1a70) Importer(815301076,1909f56bfc062723c751e8b465ee728b)
Number of updated assets reloaded before import = 0
Start importing Assets/JellyIcons/512x512/Icons/BasicIcons/Home.png using Guid(610ce4e565794ad44b0278fcb7da1a70) Importer(815301076,1909f56bfc062723c751e8b465ee728b)  -> (artifact id: 'a8a8295fd5601f9a79897018f156996f') in 0.032729 seconds 
Number of asset objects unloaded after import = 3
========================================================================
Received Import Request.
  Time since last request: 0.000031 seconds.
  path: Assets/JellyIcons/512x512/Icons/BasicIcons/Rewind.png
  artifactKey: Guid(4444ee0ab3af52d4387966c896fbf7e9) Importer(815301076,1909f56bfc062723c751e8b465ee728b)
Number of updated assets reloaded before import = 0
Start importing Assets/JellyIcons/512x512/Icons/BasicIcons/Rewind.png using Guid(4444ee0ab3af52d4387966c896fbf7e9) Importer(815301076,1909f56bfc062723c751e8b465ee728b)  -> (artifact id: '60a370143f31ddf2a96f6b6e1168638e') in 0.032078 seconds 
Number of asset objects unloaded after import = 3
========================================================================
Received Import Request.
  Time since last request: 0.000021 seconds.
  path: Assets/JellyIcons/512x512/Icons/BasicIcons/Download.png
  artifactKey: Guid(f6e587c0687894346985f9018c51f412) Importer(815301076,1909f56bfc062723c751e8b465ee728b)
Number of updated assets reloaded before import = 0
Start importing Assets/JellyIcons/512x512/Icons/BasicIcons/Download.png using Guid(f6e587c0687894346985f9018c51f412) Importer(815301076,1909f56bfc062723c751e8b465ee728b)  -> (artifact id: '8733646bcf379014ce7a0d357e067421') in 0.030118 seconds 
Number of asset objects unloaded after import = 3
========================================================================
Received Import Request.
  Time since last request: 0.000029 seconds.
  path: Assets/JellyIcons/512x512/Icons/BasicIcons/Confirm.png
  artifactKey: Guid(5e3cebff74115b541924621e3e34f500) Importer(815301076,1909f56bfc062723c751e8b465ee728b)
Number of updated assets reloaded before import = 0
Start importing Assets/JellyIcons/512x512/Icons/BasicIcons/Confirm.png using Guid(5e3cebff74115b541924621e3e34f500) Importer(815301076,1909f56bfc062723c751e8b465ee728b)  -> (artifact id: '6120985909c560a7752fc250fe6cbeb1') in 0.033465 seconds 
Number of asset objects unloaded after import = 3
========================================================================
Received Import Request.
  Time since last request: 0.000028 seconds.
  path: Assets/JellyIcons/512x512/Icons/BasicIcons/Upload.png
  artifactKey: Guid(f20399594b32dee4ea4969007f115247) Importer(815301076,1909f56bfc062723c751e8b465ee728b)
Number of updated assets reloaded before import = 0
Start importing Assets/JellyIcons/512x512/Icons/BasicIcons/Upload.png using Guid(f20399594b32dee4ea4969007f115247) Importer(815301076,1909f56bfc062723c751e8b465ee728b)  -> (artifact id: '64d8aa5289a8c159e535780282c89815') in 0.033245 seconds 
Number of asset objects unloaded after import = 3
========================================================================
Received Import Request.
  Time since last request: 0.000027 seconds.
  path: Assets/JellyIcons/512x512/Icons/BasicIcons/Stars.png
  artifactKey: Guid(078a2ef809dbf944c8caeabca8ad6e54) Importer(815301076,1909f56bfc062723c751e8b465ee728b)
Number of updated assets reloaded before import = 0
Start importing Assets/JellyIcons/512x512/Icons/BasicIcons/Stars.png using Guid(078a2ef809dbf944c8caeabca8ad6e54) Importer(815301076,1909f56bfc062723c751e8b465ee728b)  -> (artifact id: 'b35f278235f64627fefb74c2a7a754da') in 0.035511 seconds 
Number of asset objects unloaded after import = 3
========================================================================
Received Import Request.
  Time since last request: 0.000017 seconds.
  path: Assets/JellyIcons/512x512/Icons/BasicIcons/SoundOff.png
  artifactKey: Guid(8e42ad76cb744914b987fb2d59431482) Importer(815301076,1909f56bfc062723c751e8b465ee728b)
Number of updated assets reloaded before import = 0
Start importing Assets/JellyIcons/512x512/Icons/BasicIcons/SoundOff.png using Guid(8e42ad76cb744914b987fb2d59431482) Importer(815301076,1909f56bfc062723c751e8b465ee728b)  -> (artifact id: 'dfd7ce937af9a88b81a53e1843eec404') in 0.031732 seconds 
Number of asset objects unloaded after import = 3
========================================================================
Received Import Request.
  Time since last request: 0.000026 seconds.
  path: Assets/JellyIcons/512x512/Icons/BasicIcons/DownloadRight.png
  artifactKey: Guid(ad577fa2961a42045a99cece7c0fbc1c) Importer(815301076,1909f56bfc062723c751e8b465ee728b)
Number of updated assets reloaded before import = 0
Start importing Assets/JellyIcons/512x512/Icons/BasicIcons/DownloadRight.png using Guid(ad577fa2961a42045a99cece7c0fbc1c) Importer(815301076,1909f56bfc062723c751e8b465ee728b)  -> (artifact id: '8316d5f29b865327fc90db904af81523') in 0.029215 seconds 
Number of asset objects unloaded after import = 3
========================================================================
Received Import Request.
  Time since last request: 0.000018 seconds.
  path: Assets/JellyIcons/512x512/Icons/BasicIcons/Info.png
  artifactKey: Guid(db03a8fab7c68fe4cae02e7e13712714) Importer(815301076,1909f56bfc062723c751e8b465ee728b)
Number of updated assets reloaded before import = 0
Start importing Assets/JellyIcons/512x512/Icons/BasicIcons/Info.png using Guid(db03a8fab7c68fe4cae02e7e13712714) Importer(815301076,1909f56bfc062723c751e8b465ee728b)  -> (artifact id: 'ae3e5c81149fa7f7bcd95e4e6c966df2') in 0.034119 seconds 
Number of asset objects unloaded after import = 3
========================================================================
Received Import Request.
  Time since last request: 0.000024 seconds.
  path: Assets/JellyIcons/512x512/Icons/BasicIcons/Pause.png
  artifactKey: Guid(765e597feac11da419dcf3797d865577) Importer(815301076,1909f56bfc062723c751e8b465ee728b)
Number of updated assets reloaded before import = 0
Start importing Assets/JellyIcons/512x512/Icons/BasicIcons/Pause.png using Guid(765e597feac11da419dcf3797d865577) Importer(815301076,1909f56bfc062723c751e8b465ee728b)  -> (artifact id: '56e84a89f47afdb678f722472f47efbb') in 0.031485 seconds 
Number of asset objects unloaded after import = 3
========================================================================
Received Import Request.
  Time since last request: 0.000025 seconds.
  path: Assets/JellyIcons/512x512/Icons/BasicIcons/Videocamera.png
  artifactKey: Guid(45cb472580394ab4ba4a6036461f15ec) Importer(815301076,1909f56bfc062723c751e8b465ee728b)
Number of updated assets reloaded before import = 0
Start importing Assets/JellyIcons/512x512/Icons/BasicIcons/Videocamera.png using Guid(45cb472580394ab4ba4a6036461f15ec) Importer(815301076,1909f56bfc062723c751e8b465ee728b)  -> (artifact id: '4f2f95e56fd93b49c7c20557a694f37d') in 0.031600 seconds 
Number of asset objects unloaded after import = 3
========================================================================
Received Import Request.
  Time since last request: 0.000017 seconds.
  path: Assets/JellyIcons/512x512/Icons/BasicIcons/DownloadLeft.png
  artifactKey: Guid(09fcbc0d3f8a5a64d83bed0ece2cb18d) Importer(815301076,1909f56bfc062723c751e8b465ee728b)
Number of updated assets reloaded before import = 0
Start importing Assets/JellyIcons/512x512/Icons/BasicIcons/DownloadLeft.png using Guid(09fcbc0d3f8a5a64d83bed0ece2cb18d) Importer(815301076,1909f56bfc062723c751e8b465ee728b)  -> (artifact id: '99834d4937b685a093f676445b7f0a6a') in 0.037999 seconds 
Number of asset objects unloaded after import = 3
========================================================================
Received Import Request.
  Time since last request: 0.000017 seconds.
  path: Assets/JellyIcons/512x512/Icons/BasicIcons/Quit.png
  artifactKey: Guid(41b5a001bf417544da04bd2e44878780) Importer(815301076,1909f56bfc062723c751e8b465ee728b)
Number of updated assets reloaded before import = 0
Start importing Assets/JellyIcons/512x512/Icons/BasicIcons/Quit.png using Guid(41b5a001bf417544da04bd2e44878780) Importer(815301076,1909f56bfc062723c751e8b465ee728b)  -> (artifact id: 'ba8bd3fcceb462cc473f543fa0643f11') in 0.037545 seconds 
Number of asset objects unloaded after import = 3
========================================================================
Received Import Request.
  Time since last request: 0.000015 seconds.
  path: Assets/JellyIcons/512x512/Icons/BasicIcons/Share.png
  artifactKey: Guid(125012963111ac847bd2ce9f040d3e10) Importer(815301076,1909f56bfc062723c751e8b465ee728b)
Number of updated assets reloaded before import = 0
Start importing Assets/JellyIcons/512x512/Icons/BasicIcons/Share.png using Guid(125012963111ac847bd2ce9f040d3e10) Importer(815301076,1909f56bfc062723c751e8b465ee728b)  -> (artifact id: 'dc0f36d6d06db9050484170fc53e8e07') in 0.031991 seconds 
Number of asset objects unloaded after import = 3
========================================================================
Received Import Request.
  Time since last request: 0.000017 seconds.
  path: Assets/JellyIcons/512x512/Icons/BasicIcons/Shop.png
  artifactKey: Guid(8c2ce2f10e11156439e67dc452208684) Importer(815301076,1909f56bfc062723c751e8b465ee728b)
Number of updated assets reloaded before import = 0
Start importing Assets/JellyIcons/512x512/Icons/BasicIcons/Shop.png using Guid(8c2ce2f10e11156439e67dc452208684) Importer(815301076,1909f56bfc062723c751e8b465ee728b)  -> (artifact id: '7a2270ad1662774491f84444b7b69180') in 0.028179 seconds 
Number of asset objects unloaded after import = 3
========================================================================
Received Import Request.
  Time since last request: 0.550914 seconds.
  path: Assets/JellyIcons/512x512/Icons/BlueCircles/BlueCircleArrowDown.png
  artifactKey: Guid(ad1e98d0e5d151343abe994b9e6b885d) Importer(815301076,1909f56bfc062723c751e8b465ee728b)
Number of updated assets reloaded before import = 0
Start importing Assets/JellyIcons/512x512/Icons/BlueCircles/BlueCircleArrowDown.png using Guid(ad1e98d0e5d151343abe994b9e6b885d) Importer(815301076,1909f56bfc062723c751e8b465ee728b)  -> (artifact id: '5139356c05b6962a4ff7a6f01d7e7f34') in 0.032915 seconds 
Number of asset objects unloaded after import = 3
========================================================================
Received Import Request.
  Time since last request: 0.000020 seconds.
  path: Assets/JellyIcons/512x512/Icons/BlueCircles/BlueCircleArrowLeft.png
  artifactKey: Guid(eb83be41b6d5c544898d60305e95baa7) Importer(815301076,1909f56bfc062723c751e8b465ee728b)
Number of updated assets reloaded before import = 0
Start importing Assets/JellyIcons/512x512/Icons/BlueCircles/BlueCircleArrowLeft.png using Guid(eb83be41b6d5c544898d60305e95baa7) Importer(815301076,1909f56bfc062723c751e8b465ee728b)  -> (artifact id: '5240779aab96b57dbcad568d37ea6cf5') in 0.034970 seconds 
Number of asset objects unloaded after import = 3
========================================================================
Received Import Request.
  Time since last request: 0.000021 seconds.
  path: Assets/JellyIcons/512x512/Icons/BlueCircles/BlueCircleInfo.png
  artifactKey: Guid(7bbd8e2ce35148b47b9a42724dd35eb9) Importer(815301076,1909f56bfc062723c751e8b465ee728b)
Number of updated assets reloaded before import = 0
Start importing Assets/JellyIcons/512x512/Icons/BlueCircles/BlueCircleInfo.png using Guid(7bbd8e2ce35148b47b9a42724dd35eb9) Importer(815301076,1909f56bfc062723c751e8b465ee728b)  -> (artifact id: '07879b9fec059398f2c5cb915c27dab5') in 0.031873 seconds 
Number of asset objects unloaded after import = 3
========================================================================
Received Import Request.
  Time since last request: 0.000020 seconds.
  path: Assets/JellyIcons/512x512/Icons/BlueCircles/BlueCircleCross.png
  artifactKey: Guid(de5dede8048cf484a8b1565e7035bcf3) Importer(815301076,1909f56bfc062723c751e8b465ee728b)
Number of updated assets reloaded before import = 0
Start importing Assets/JellyIcons/512x512/Icons/BlueCircles/BlueCircleCross.png using Guid(de5dede8048cf484a8b1565e7035bcf3) Importer(815301076,1909f56bfc062723c751e8b465ee728b)  -> (artifact id: '4c6bfd56116743d551557c7ea31326d6') in 0.035682 seconds 
Number of asset objects unloaded after import = 3
========================================================================
Received Import Request.
  Time since last request: 0.000023 seconds.
  path: Assets/JellyIcons/512x512/Icons/BlueCircles/BlueCircleQuit.png
  artifactKey: Guid(0b1856214862f2d47a75d6bcc0c26576) Importer(815301076,1909f56bfc062723c751e8b465ee728b)
Number of updated assets reloaded before import = 0
Start importing Assets/JellyIcons/512x512/Icons/BlueCircles/BlueCircleQuit.png using Guid(0b1856214862f2d47a75d6bcc0c26576) Importer(815301076,1909f56bfc062723c751e8b465ee728b)  -> (artifact id: 'a2a9e3b6f03605768ba24ed982ac7f7c') in 0.031648 seconds 
Number of asset objects unloaded after import = 3
========================================================================
Received Import Request.
  Time since last request: 0.000024 seconds.
  path: Assets/JellyIcons/512x512/Icons/BlueCircles/BlueCircleDoubleArrow.png
  artifactKey: Guid(620e9750177d2c743b7428821861ca54) Importer(815301076,1909f56bfc062723c751e8b465ee728b)
Number of updated assets reloaded before import = 0
Start importing Assets/JellyIcons/512x512/Icons/BlueCircles/BlueCircleDoubleArrow.png using Guid(620e9750177d2c743b7428821861ca54) Importer(815301076,1909f56bfc062723c751e8b465ee728b)  -> (artifact id: 'ef2a86ffcd6c932bae8435e0a8b7e785') in 0.040127 seconds 
Number of asset objects unloaded after import = 3
========================================================================
Received Import Request.
  Time since last request: 0.000022 seconds.
  path: Assets/JellyIcons/512x512/Icons/BlueCircles/BlueCircleMusicOff.png
  artifactKey: Guid(722504d5076c7d443b2d39eccd4ab8b4) Importer(815301076,1909f56bfc062723c751e8b465ee728b)
Number of updated assets reloaded before import = 0
Start importing Assets/JellyIcons/512x512/Icons/BlueCircles/BlueCircleMusicOff.png using Guid(722504d5076c7d443b2d39eccd4ab8b4) Importer(815301076,1909f56bfc062723c751e8b465ee728b)  -> (artifact id: '9d788775a7335e80746aceb3480d0d9c') in 0.033439 seconds 
Number of asset objects unloaded after import = 3
========================================================================
Received Import Request.
  Time since last request: 0.000027 seconds.
  path: Assets/JellyIcons/512x512/Icons/BlueCircles/BlueCircleConfirm.png
  artifactKey: Guid(328a80ccb34474a49a1fbf73da9f8780) Importer(815301076,1909f56bfc062723c751e8b465ee728b)
Number of updated assets reloaded before import = 0
Start importing Assets/JellyIcons/512x512/Icons/BlueCircles/BlueCircleConfirm.png using Guid(328a80ccb34474a49a1fbf73da9f8780) Importer(815301076,1909f56bfc062723c751e8b465ee728b)  -> (artifact id: 'a19364cb7f2756fdc0bbfd7fada270af') in 0.030632 seconds 
Number of asset objects unloaded after import = 3
========================================================================
Received Import Request.
  Time since last request: 0.000013 seconds.
  path: Assets/JellyIcons/512x512/Icons/BlueCircles/BlueCircleMenu2.png
  artifactKey: Guid(1e9b84354481d5f4781ba9aa00113391) Importer(815301076,1909f56bfc062723c751e8b465ee728b)
Number of updated assets reloaded before import = 0
Start importing Assets/JellyIcons/512x512/Icons/BlueCircles/BlueCircleMenu2.png using Guid(1e9b84354481d5f4781ba9aa00113391) Importer(815301076,1909f56bfc062723c751e8b465ee728b)  -> (artifact id: '55c186029415b29957996e4a39c087b1') in 0.030278 seconds 
Number of asset objects unloaded after import = 3
========================================================================
Received Import Request.
  Time since last request: 0.000017 seconds.
  path: Assets/JellyIcons/512x512/Icons/BlueCircles/BlueCircleVibration.png
  artifactKey: Guid(6607f85add111c64fa5d45502e8816e7) Importer(815301076,1909f56bfc062723c751e8b465ee728b)
Number of updated assets reloaded before import = 0
Start importing Assets/JellyIcons/512x512/Icons/BlueCircles/BlueCircleVibration.png using Guid(6607f85add111c64fa5d45502e8816e7) Importer(815301076,1909f56bfc062723c751e8b465ee728b)  -> (artifact id: 'd509beae4f9b7ca524706cb8edce58b1') in 0.030157 seconds 
Number of asset objects unloaded after import = 3
========================================================================
Received Import Request.
  Time since last request: 0.000018 seconds.
  path: Assets/JellyIcons/512x512/Icons/BlueCircles/BlueCircleArrowTop.png
  artifactKey: Guid(a0561dd2ce352ae44a330cc62fa6de6c) Importer(815301076,1909f56bfc062723c751e8b465ee728b)
Number of updated assets reloaded before import = 0
Start importing Assets/JellyIcons/512x512/Icons/BlueCircles/BlueCircleArrowTop.png using Guid(a0561dd2ce352ae44a330cc62fa6de6c) Importer(815301076,1909f56bfc062723c751e8b465ee728b)  -> (artifact id: '2454278368b141aab02bf7b43a88653d') in 0.032865 seconds 
Number of asset objects unloaded after import = 3
========================================================================
Received Import Request.
  Time since last request: 0.000989 seconds.
  path: Assets/JellyIcons/512x512/Icons/BlueCircles/BlueCircleArrowRight.png
  artifactKey: Guid(6ece1c406e35713478cb100fa9d6fc8a) Importer(815301076,1909f56bfc062723c751e8b465ee728b)
Number of updated assets reloaded before import = 0
Start importing Assets/JellyIcons/512x512/Icons/BlueCircles/BlueCircleArrowRight.png using Guid(6ece1c406e35713478cb100fa9d6fc8a) Importer(815301076,1909f56bfc062723c751e8b465ee728b)  -> (artifact id: '1be8154ab2521ed2beb4e3a641e744a9') in 0.036164 seconds 
Number of asset objects unloaded after import = 3
========================================================================
Received Import Request.
  Time since last request: 0.000013 seconds.
  path: Assets/JellyIcons/512x512/Icons/BlueCircles/BlueCircleStar.png
  artifactKey: Guid(a05a200c06229d447bdb09324b009568) Importer(815301076,1909f56bfc062723c751e8b465ee728b)
Number of updated assets reloaded before import = 0
Start importing Assets/JellyIcons/512x512/Icons/BlueCircles/BlueCircleStar.png using Guid(a05a200c06229d447bdb09324b009568) Importer(815301076,1909f56bfc062723c751e8b465ee728b)  -> (artifact id: '70cc5322ba7ffc4695880e8cd580ce6f') in 0.034466 seconds 
Number of asset objects unloaded after import = 3
========================================================================
Received Import Request.
  Time since last request: 0.000017 seconds.
  path: Assets/JellyIcons/512x512/Icons/BlueCircles/BlueCirclePlayLeft.png
  artifactKey: Guid(7241984ecdbaaf34f89104f56d0d7f96) Importer(815301076,1909f56bfc062723c751e8b465ee728b)
Number of updated assets reloaded before import = 0
Start importing Assets/JellyIcons/512x512/Icons/BlueCircles/BlueCirclePlayLeft.png using Guid(7241984ecdbaaf34f89104f56d0d7f96) Importer(815301076,1909f56bfc062723c751e8b465ee728b)  -> (artifact id: '6554174f5d38eedda46df70f0cc22107') in 0.037139 seconds 
Number of asset objects unloaded after import = 3
========================================================================
Received Import Request.
  Time since last request: 0.000024 seconds.
  path: Assets/JellyIcons/512x512/Icons/BlueCircles/BlueCircleCup2.png
  artifactKey: Guid(4be81fdfe0bf35a45a41dc9c70848a26) Importer(815301076,1909f56bfc062723c751e8b465ee728b)
Number of updated assets reloaded before import = 0
Start importing Assets/JellyIcons/512x512/Icons/BlueCircles/BlueCircleCup2.png using Guid(4be81fdfe0bf35a45a41dc9c70848a26) Importer(815301076,1909f56bfc062723c751e8b465ee728b)  -> (artifact id: '41d509741adafb3ff69722d06b7a0e0b') in 0.038318 seconds 
Number of asset objects unloaded after import = 3
========================================================================
Received Import Request.
  Time since last request: 0.000019 seconds.
  path: Assets/JellyIcons/512x512/Icons/BlueCircles/BlueCircleFacebook.png
  artifactKey: Guid(39d883d9dd042e347be9a64019a78c3f) Importer(815301076,1909f56bfc062723c751e8b465ee728b)
Number of updated assets reloaded before import = 0
Start importing Assets/JellyIcons/512x512/Icons/BlueCircles/BlueCircleFacebook.png using Guid(39d883d9dd042e347be9a64019a78c3f) Importer(815301076,1909f56bfc062723c751e8b465ee728b)  -> (artifact id: 'b3662ef13471cf02d675dcfd18a99bff') in 0.034693 seconds 
Number of asset objects unloaded after import = 3
========================================================================
Received Import Request.
  Time since last request: 0.000014 seconds.
  path: Assets/JellyIcons/512x512/Icons/BlueCircles/BlueCircleCloud.png
  artifactKey: Guid(7674436db41328f47adc01afaff3d17c) Importer(815301076,1909f56bfc062723c751e8b465ee728b)
Number of updated assets reloaded before import = 0
Start importing Assets/JellyIcons/512x512/Icons/BlueCircles/BlueCircleCloud.png using Guid(7674436db41328f47adc01afaff3d17c) Importer(815301076,1909f56bfc062723c751e8b465ee728b)  -> (artifact id: '2f57625337d25d8f7726f613fe6ee302') in 0.029347 seconds 
Number of asset objects unloaded after import = 3
========================================================================
Received Import Request.
  Time since last request: 0.000030 seconds.
  path: Assets/JellyIcons/512x512/Icons/BlueCircles/BlueCircleDownload.png
  artifactKey: Guid(5478b6a80ae4c684e972b097244bce31) Importer(815301076,1909f56bfc062723c751e8b465ee728b)
Number of updated assets reloaded before import = 0
Start importing Assets/JellyIcons/512x512/Icons/BlueCircles/BlueCircleDownload.png using Guid(5478b6a80ae4c684e972b097244bce31) Importer(815301076,1909f56bfc062723c751e8b465ee728b)  -> (artifact id: '4b74cdb8132292d434072d645a8c3edf') in 0.034314 seconds 
Number of asset objects unloaded after import = 3
========================================================================
Received Import Request.
  Time since last request: 0.000027 seconds.
  path: Assets/JellyIcons/512x512/Icons/BlueCircles/BlueCircleShare.png
  artifactKey: Guid(9897d06b2c435d34cbb5205a1ab67f56) Importer(815301076,1909f56bfc062723c751e8b465ee728b)
Number of updated assets reloaded before import = 0
Start importing Assets/JellyIcons/512x512/Icons/BlueCircles/BlueCircleShare.png using Guid(9897d06b2c435d34cbb5205a1ab67f56) Importer(815301076,1909f56bfc062723c751e8b465ee728b)  -> (artifact id: 'e3ac07bba6849184638672b09b1680ce') in 0.031997 seconds 
Number of asset objects unloaded after import = 3
========================================================================
Received Import Request.
  Time since last request: 0.000021 seconds.
  path: Assets/JellyIcons/512x512/Icons/BlueCircles/BlueCircleStat.png
  artifactKey: Guid(921f4774bc3ac8643aca4be2fa2764d0) Importer(815301076,1909f56bfc062723c751e8b465ee728b)
Number of updated assets reloaded before import = 0
Start importing Assets/JellyIcons/512x512/Icons/BlueCircles/BlueCircleStat.png using Guid(921f4774bc3ac8643aca4be2fa2764d0) Importer(815301076,1909f56bfc062723c751e8b465ee728b)  -> (artifact id: 'bb125ab3340c3aabf84ca7533d4cab2f') in 0.032358 seconds 
Number of asset objects unloaded after import = 3
========================================================================
Received Import Request.
  Time since last request: 0.000017 seconds.
  path: Assets/JellyIcons/512x512/Icons/BlueCircles/BlueCircleMinus.png
  artifactKey: Guid(e3e43e86ecfd6c443a6bbc9eb027a242) Importer(815301076,1909f56bfc062723c751e8b465ee728b)
Number of updated assets reloaded before import = 0
Start importing Assets/JellyIcons/512x512/Icons/BlueCircles/BlueCircleMinus.png using Guid(e3e43e86ecfd6c443a6bbc9eb027a242) Importer(815301076,1909f56bfc062723c751e8b465ee728b)  -> (artifact id: '2ed788daccc7f84c71e8d1162c57eb89') in 0.031441 seconds 
Number of asset objects unloaded after import = 3
========================================================================
Received Import Request.
  Time since last request: 0.000020 seconds.
  path: Assets/JellyIcons/512x512/Icons/BlueCircles/BlueCircleDownloadLeft.png
  artifactKey: Guid(5963d41508a4cd84bab30f34c8fd6b52) Importer(815301076,1909f56bfc062723c751e8b465ee728b)
Number of updated assets reloaded before import = 0
Start importing Assets/JellyIcons/512x512/Icons/BlueCircles/BlueCircleDownloadLeft.png using Guid(5963d41508a4cd84bab30f34c8fd6b52) Importer(815301076,1909f56bfc062723c751e8b465ee728b)  -> (artifact id: 'cbd8d970f3579c21ee6467ee84e64db2') in 0.034675 seconds 
Number of asset objects unloaded after import = 3
========================================================================
Received Import Request.
  Time since last request: 0.000019 seconds.
  path: Assets/JellyIcons/512x512/Icons/BlueCircles/BlueCirclePlayRight.png
  artifactKey: Guid(068fc75d1177fcc4abd504cf9ae0e8af) Importer(815301076,1909f56bfc062723c751e8b465ee728b)
Number of updated assets reloaded before import = 0
Start importing Assets/JellyIcons/512x512/Icons/BlueCircles/BlueCirclePlayRight.png using Guid(068fc75d1177fcc4abd504cf9ae0e8af) Importer(815301076,1909f56bfc062723c751e8b465ee728b)  -> (artifact id: 'a757a219c53cf17c2169307264d24337') in 0.031282 seconds 
Number of asset objects unloaded after import = 3
Editor requested this worker to shutdown with reason: Scaling down because of idle timeout
AssetImportWorker is now disconnected from the server
Process exiting
Exiting without the bug reporter. Application will terminate with return code 0