Using pre-set license
Built from '2021.3/staging' branch; Version is '2021.3.30f1 (b4360d7cdac4) revision 11810317'; Using compiler version '192829333'; Build Type 'Release'
OS: 'Windows 10  (10.0.19045) 64bit Core' Language: 'en' Physical Memory: 32683 MB
BatchMode: 1, IsHumanControllingUs: 0, StartBugReporterOnCrash: 0, Is64bit: 1, IsPro: 1

COMMAND LINE ARGUMENTS:
C:\Program Files\Unity\Hub\Editor\2021.3.30f1\Editor\Unity.exe
-adb2
-batchMode
-noUpm
-name
AssetImportWorker11
-projectPath
D:/Projects/Defense/TDefense
-logFile
Logs/AssetImportWorker11.log
-srvPort
59098
Successfully changed project path to: D:/Projects/Defense/TDefense
D:/Projects/Defense/TDefense
[UnityMemory] Configuration Parameters - Can be set up in boot.config
    "memorysetup-bucket-allocator-granularity=16"
    "memorysetup-bucket-allocator-bucket-count=8"
    "memorysetup-bucket-allocator-block-size=33554432"
    "memorysetup-bucket-allocator-block-count=8"
    "memorysetup-main-allocator-block-size=16777216"
    "memorysetup-thread-allocator-block-size=16777216"
    "memorysetup-gfx-main-allocator-block-size=16777216"
    "memorysetup-gfx-thread-allocator-block-size=16777216"
    "memorysetup-cache-allocator-block-size=4194304"
    "memorysetup-typetree-allocator-block-size=2097152"
    "memorysetup-profiler-bucket-allocator-granularity=16"
    "memorysetup-profiler-bucket-allocator-bucket-count=8"
    "memorysetup-profiler-bucket-allocator-block-size=33554432"
    "memorysetup-profiler-bucket-allocator-block-count=8"
    "memorysetup-profiler-allocator-block-size=16777216"
    "memorysetup-profiler-editor-allocator-block-size=1048576"
    "memorysetup-temp-allocator-size-main=16777216"
    "memorysetup-job-temp-allocator-block-size=2097152"
    "memorysetup-job-temp-allocator-block-size-background=1048576"
    "memorysetup-job-temp-allocator-reduction-small-platforms=262144"
    "memorysetup-temp-allocator-size-background-worker=32768"
    "memorysetup-temp-allocator-size-job-worker=262144"
    "memorysetup-temp-allocator-size-preload-manager=33554432"
    "memorysetup-temp-allocator-size-nav-mesh-worker=65536"
    "memorysetup-temp-allocator-size-audio-worker=65536"
    "memorysetup-temp-allocator-size-cloud-worker=32768"
    "memorysetup-temp-allocator-size-gi-baking-worker=262144"
    "memorysetup-temp-allocator-size-gfx=262144"
Player connection [31108] Host "[IP] 192.168.1.38 [Port] 0 [Flags] 2 [Guid] 881715815 [EditorId] 881715815 [Version] 1048832 [Id] WindowsEditor(7,DESKTOP-VK2T73L) [Debug] 1 [PackageName] WindowsEditor [ProjectName] Editor" joined multi-casting on [225.0.0.222:54997]...

Player connection [31108] Host "[IP] 192.168.1.38 [Port] 0 [Flags] 2 [Guid] 881715815 [EditorId] 881715815 [Version] 1048832 [Id] WindowsEditor(7,DESKTOP-VK2T73L) [Debug] 1 [PackageName] WindowsEditor [ProjectName] Editor" joined alternative multi-casting on [225.0.0.222:34997]...

[Physics::Module] Initialized MultithreadedJobDispatcher with {0} workers.
Refreshing native plugins compatible for Editor in 133.61 ms, found 4 plugins.
Preloading 0 native plugins for Editor in 0.00 ms.
Initialize engine version: 2021.3.30f1 (b4360d7cdac4)
[Subsystems] Discovering subsystems at path C:/Program Files/Unity/Hub/Editor/2021.3.30f1/Editor/Data/Resources/UnitySubsystems
[Subsystems] Discovering subsystems at path D:/Projects/Defense/TDefense/Assets
GfxDevice: creating device client; threaded=0; jobified=0
Direct3D:
    Version:  Direct3D 11.0 [level 11.1]
    Renderer: NVIDIA GeForce RTX 3080 (ID=0x2206)
    Vendor:   NVIDIA
    VRAM:     10067 MB
    Driver:   31.0.15.3713
Initialize mono
Mono path[0] = 'C:/Program Files/Unity/Hub/Editor/2021.3.30f1/Editor/Data/Managed'
Mono path[1] = 'C:/Program Files/Unity/Hub/Editor/2021.3.30f1/Editor/Data/MonoBleedingEdge/lib/mono/unityjit-win32'
Mono config path = 'C:/Program Files/Unity/Hub/Editor/2021.3.30f1/Editor/Data/MonoBleedingEdge/etc'
Using monoOptions --debugger-agent=transport=dt_socket,embedding=1,server=y,suspend=n,address=127.0.0.1:56936
Begin MonoManager ReloadAssembly
Registering precompiled unity dll's ...
Register platform support module: C:/Program Files/Unity/Hub/Editor/2021.3.30f1/Editor/Data/PlaybackEngines/AndroidPlayer/UnityEditor.Android.Extensions.dll
Register platform support module: C:/Program Files/Unity/Hub/Editor/2021.3.30f1/Editor/Data/PlaybackEngines/WindowsStandaloneSupport/UnityEditor.WindowsStandalone.Extensions.dll
Registered in 0.010228 seconds.
Native extension for WindowsStandalone target not found
Native extension for Android target not found
Android Extension - Scanning For ADB Devices 247 ms
Refreshing native plugins compatible for Editor in 127.30 ms, found 4 plugins.
Preloading 0 native plugins for Editor in 0.00 ms.
Mono: successfully reloaded assembly
- Completed reload, in  1.051 seconds
Domain Reload Profiling:
	ReloadAssembly (1051ms)
		BeginReloadAssembly (110ms)
			ExecutionOrderSort (0ms)
			DisableScriptedObjects (0ms)
			BackupInstance (0ms)
			ReleaseScriptingObjects (0ms)
			CreateAndSetChildDomain (1ms)
		EndReloadAssembly (821ms)
			LoadAssemblies (107ms)
			RebuildTransferFunctionScriptingTraits (0ms)
			SetupTypeCache (147ms)
			ReleaseScriptCaches (0ms)
			RebuildScriptCaches (26ms)
			SetupLoadedEditorAssemblies (604ms)
				LogAssemblyErrors (0ms)
				InitializePlatformSupportModulesInManaged (350ms)
				SetLoadedEditorAssemblies (0ms)
				RefreshPlugins (127ms)
				BeforeProcessingInitializeOnLoad (1ms)
				ProcessInitializeOnLoadAttributes (80ms)
				ProcessInitializeOnLoadMethodAttributes (45ms)
				AfterProcessingInitializeOnLoad (0ms)
				EditorAssembliesLoaded (0ms)
			ExecutionOrderSort2 (0ms)
			AwakeInstancesAfterBackupRestoration (0ms)
Platform modules already initialized, skipping
Registering precompiled user dll's ...
Registered in 0.005680 seconds.
Begin MonoManager ReloadAssembly
Native extension for WindowsStandalone target not found
Native extension for Android target not found
Refreshing native plugins compatible for Editor in 120.65 ms, found 4 plugins.
Preloading 0 native plugins for Editor in 0.00 ms.
Package Manager log level set to [2]
[Package Manager] Server::EnsureServerProcessIsRunning -- launch failed, reason: Unity was launched with the -noUpm command-line argument
[Package Manager] Cannot connect to Unity Package Manager local server
Mono: successfully reloaded assembly
- Completed reload, in  1.537 seconds
Domain Reload Profiling:
	ReloadAssembly (1537ms)
		BeginReloadAssembly (120ms)
			ExecutionOrderSort (0ms)
			DisableScriptedObjects (5ms)
			BackupInstance (0ms)
			ReleaseScriptingObjects (0ms)
			CreateAndSetChildDomain (18ms)
		EndReloadAssembly (1320ms)
			LoadAssemblies (98ms)
			RebuildTransferFunctionScriptingTraits (0ms)
			SetupTypeCache (226ms)
			ReleaseScriptCaches (1ms)
			RebuildScriptCaches (55ms)
			SetupLoadedEditorAssemblies (907ms)
				LogAssemblyErrors (0ms)
				InitializePlatformSupportModulesInManaged (19ms)
				SetLoadedEditorAssemblies (0ms)
				RefreshPlugins (121ms)
				BeforeProcessingInitializeOnLoad (131ms)
				ProcessInitializeOnLoadAttributes (565ms)
				ProcessInitializeOnLoadMethodAttributes (58ms)
				AfterProcessingInitializeOnLoad (13ms)
				EditorAssembliesLoaded (0ms)
			ExecutionOrderSort2 (0ms)
			AwakeInstancesAfterBackupRestoration (5ms)
Platform modules already initialized, skipping
========================================================================
Worker process is ready to serve import requests
Launched and connected shader compiler UnityShaderCompiler.exe after 0.04 seconds
Refreshing native plugins compatible for Editor in 1.02 ms, found 4 plugins.
Preloading 0 native plugins for Editor in 0.00 ms.
Unloading 4243 Unused Serialized files (Serialized files now loaded: 0)
Unloading 83 unused Assets / (47.5 KB). Loaded Objects now: 4666.
Memory consumption went from 164.6 MB to 164.5 MB.
Total: 2.990400 ms (FindLiveObjects: 0.287500 ms CreateObjectMapping: 0.251800 ms MarkObjects: 2.364000 ms  DeleteObjects: 0.086200 ms)

AssetImportParameters requested are different than current active one (requested -> active):
  custom:video-decoder-ogg-theora: a1e56fd34408186e4bbccfd4996cb3dc -> 
  custom:container-muxer-webm: aa71ff27fc2769a1b78a27578f13a17b -> 
  custom:container-demuxer-webm: 4f35f7cbe854078d1ac9338744f61a02 -> 
  custom:video-encoder-webm-vp8: eb34c28f22e8b96e1ab97ce403110664 -> 
  custom:CustomObjectIndexerAttribute: bc11b3a6c3213fcdd17b65e7da85e133 -> 
  custom:audio-encoder-webm-vorbis: bf7c407c2cedff20999df2af8eb42d56 -> 
  custom:framework-win-MediaFoundation: 216162199b28c13a410421893ffa2e32 -> 
  custom:SearchIndexIgnoredProperties: e643bd26f0fe6173181afceb89e7c659 -> 
  custom:container-demuxer-ogg: 62fdf1f143b41e24485cea50d1cbac27 -> 
  custom:video-decoder-webm-vp8: 9c59270c3fd7afecdb556c50c9e8de78 -> 
  custom:audio-decoder-ogg-vorbis: bf7c407c2cedff20999df2af8eb42d56 -> 
========================================================================
Received Import Request.
  Time since last request: 44050.056077 seconds.
  path: Assets/JellyIcons/Demo
  artifactKey: Guid(ddf3037331dd04944af6c3dffe6f2bc4) Importer(815301076,1909f56bfc062723c751e8b465ee728b)
Number of updated assets reloaded before import = 0
Start importing Assets/JellyIcons/Demo using Guid(ddf3037331dd04944af6c3dffe6f2bc4) Importer(815301076,1909f56bfc062723c751e8b465ee728b)  -> (artifact id: 'c7f52ef5d64134e97cfa734eaf46285c') in 0.015165 seconds 
Number of asset objects unloaded after import = 0
========================================================================
Received Import Request.
  Time since last request: 86.860855 seconds.
  path: Assets/Scenes/MainMenu.unity
  artifactKey: Guid(376dd9d4910f46c4fab00e5898d3ba84) Importer(815301076,1909f56bfc062723c751e8b465ee728b)
Number of updated assets reloaded before import = 0
Start importing Assets/Scenes/MainMenu.unity using Guid(376dd9d4910f46c4fab00e5898d3ba84) Importer(815301076,1909f56bfc062723c751e8b465ee728b)  -> (artifact id: '935081ff231822cf522d5a4d39872068') in 0.006353 seconds 
Number of asset objects unloaded after import = 0
========================================================================
Received Import Request.
  Time since last request: 0.928812 seconds.
  path: Assets/Scenes/Gameplay.unity
  artifactKey: Guid(bdacd541075cefd4db87ff265c128535) Importer(815301076,1909f56bfc062723c751e8b465ee728b)
Number of updated assets reloaded before import = 0
Start importing Assets/Scenes/Gameplay.unity using Guid(bdacd541075cefd4db87ff265c128535) Importer(815301076,1909f56bfc062723c751e8b465ee728b)  -> (artifact id: 'b5d63a01a2ee2e330316cfc4e8157e39') in 0.001375 seconds 
Number of asset objects unloaded after import = 0
========================================================================
Received Import Request.
  Time since last request: 492.621159 seconds.
  path: Assets/Scenes/Gameplay.unity
  artifactKey: Guid(bdacd541075cefd4db87ff265c128535) Importer(815301076,1909f56bfc062723c751e8b465ee728b)
Number of updated assets reloaded before import = 0
Start importing Assets/Scenes/Gameplay.unity using Guid(bdacd541075cefd4db87ff265c128535) Importer(815301076,1909f56bfc062723c751e8b465ee728b)  -> (artifact id: '9a650046829fd5057bd8c341a5e78f6c') in 0.001620 seconds 
Number of asset objects unloaded after import = 0
========================================================================
Received Import Request.
  Time since last request: 241.120295 seconds.
  path: Assets/Font/DynaPuff-VariableFont_wdth,wght SDF_TMP.asset
  artifactKey: Guid(096e5a60d6256a6488e6258b7c26341a) Importer(815301076,1909f56bfc062723c751e8b465ee728b)
Number of updated assets reloaded before import = 0
Start importing Assets/Font/DynaPuff-VariableFont_wdth,wght SDF_TMP.asset using Guid(096e5a60d6256a6488e6258b7c26341a) Importer(815301076,1909f56bfc062723c751e8b465ee728b)  -> (artifact id: '7902ea0f3e76428f6433506bbd48f95d') in 0.131360 seconds 
Number of asset objects unloaded after import = 6
========================================================================
Received Import Request.
  Time since last request: 0.000036 seconds.
  path: Assets/TextMesh Pro/Resources/Fonts & Materials/LiberationSans SDF - Fallback.asset
  artifactKey: Guid(2e498d1c8094910479dc3e1b768306a4) Importer(815301076,1909f56bfc062723c751e8b465ee728b)
Number of updated assets reloaded before import = 0
Start importing Assets/TextMesh Pro/Resources/Fonts & Materials/LiberationSans SDF - Fallback.asset using Guid(2e498d1c8094910479dc3e1b768306a4) Importer(815301076,1909f56bfc062723c751e8b465ee728b)  -> (artifact id: '2346cebafc3d5690b45a64b2a88994ac') in 0.018616 seconds 
Number of asset objects unloaded after import = 6
========================================================================
Received Prepare
Registering precompiled user dll's ...
Registered in 0.004924 seconds.
Begin MonoManager ReloadAssembly
Native extension for WindowsStandalone target not found
Native extension for Android target not found
Refreshing native plugins compatible for Editor in 1.13 ms, found 4 plugins.
Preloading 0 native plugins for Editor in 0.00 ms.
[Package Manager] Server::EnsureServerProcessIsRunning -- launch failed, reason: Unity was launched with the -noUpm command-line argument
[Package Manager] Cannot connect to Unity Package Manager local server
[Package Manager] Server::EnsureServerProcessIsRunning -- launch failed, reason: Unity was launched with the -noUpm command-line argument
[Package Manager] Cannot connect to Unity Package Manager local server
[Package Manager] Server::EnsureServerProcessIsRunning -- launch failed, reason: Unity was launched with the -noUpm command-line argument
[Package Manager] Cannot connect to Unity Package Manager local server
Mono: successfully reloaded assembly
- Completed reload, in  1.374 seconds
Domain Reload Profiling:
	ReloadAssembly (1375ms)
		BeginReloadAssembly (148ms)
			ExecutionOrderSort (0ms)
			DisableScriptedObjects (7ms)
			BackupInstance (0ms)
			ReleaseScriptingObjects (0ms)
			CreateAndSetChildDomain (43ms)
		EndReloadAssembly (1129ms)
			LoadAssemblies (98ms)
			RebuildTransferFunctionScriptingTraits (0ms)
			SetupTypeCache (246ms)
			ReleaseScriptCaches (2ms)
			RebuildScriptCaches (46ms)
			SetupLoadedEditorAssemblies (702ms)
				LogAssemblyErrors (0ms)
				InitializePlatformSupportModulesInManaged (21ms)
				SetLoadedEditorAssemblies (0ms)
				RefreshPlugins (1ms)
				BeforeProcessingInitializeOnLoad (74ms)
				ProcessInitializeOnLoadAttributes (553ms)
				ProcessInitializeOnLoadMethodAttributes (42ms)
				AfterProcessingInitializeOnLoad (10ms)
				EditorAssembliesLoaded (0ms)
			ExecutionOrderSort2 (0ms)
			AwakeInstancesAfterBackupRestoration (6ms)
Platform modules already initialized, skipping
Refreshing native plugins compatible for Editor in 1.03 ms, found 4 plugins.
Preloading 0 native plugins for Editor in 0.00 ms.
Unloading 4218 Unused Serialized files (Serialized files now loaded: 0)
Unloading 72 unused Assets / (22.9 KB). Loaded Objects now: 4712.
Memory consumption went from 162.0 MB to 162.0 MB.
Total: 3.112500 ms (FindLiveObjects: 0.320900 ms CreateObjectMapping: 0.293100 ms MarkObjects: 2.447800 ms  DeleteObjects: 0.049700 ms)

AssetImportParameters requested are different than current active one (requested -> active):
  custom:video-decoder-ogg-theora: a1e56fd34408186e4bbccfd4996cb3dc -> 
  custom:container-muxer-webm: aa71ff27fc2769a1b78a27578f13a17b -> 
  custom:container-demuxer-webm: 4f35f7cbe854078d1ac9338744f61a02 -> 
  custom:video-encoder-webm-vp8: eb34c28f22e8b96e1ab97ce403110664 -> 
  custom:CustomObjectIndexerAttribute: bc11b3a6c3213fcdd17b65e7da85e133 -> 
  custom:audio-encoder-webm-vorbis: bf7c407c2cedff20999df2af8eb42d56 -> 
  custom:framework-win-MediaFoundation: 216162199b28c13a410421893ffa2e32 -> 
  custom:SearchIndexIgnoredProperties: e643bd26f0fe6173181afceb89e7c659 -> 
  custom:container-demuxer-ogg: 62fdf1f143b41e24485cea50d1cbac27 -> 
  custom:video-decoder-webm-vp8: 9c59270c3fd7afecdb556c50c9e8de78 -> 
  custom:audio-decoder-ogg-vorbis: bf7c407c2cedff20999df2af8eb42d56 -> 
========================================================================
Received Prepare
Registering precompiled user dll's ...
Registered in 0.005137 seconds.
Begin MonoManager ReloadAssembly
Native extension for WindowsStandalone target not found
Native extension for Android target not found
Refreshing native plugins compatible for Editor in 1.52 ms, found 4 plugins.
Preloading 0 native plugins for Editor in 0.00 ms.
[Package Manager] Server::EnsureServerProcessIsRunning -- launch failed, reason: Unity was launched with the -noUpm command-line argument
[Package Manager] Cannot connect to Unity Package Manager local server
[Package Manager] Server::EnsureServerProcessIsRunning -- launch failed, reason: Unity was launched with the -noUpm command-line argument
[Package Manager] Cannot connect to Unity Package Manager local server
Mono: successfully reloaded assembly
- Completed reload, in  1.353 seconds
Domain Reload Profiling:
	ReloadAssembly (1354ms)
		BeginReloadAssembly (144ms)
			ExecutionOrderSort (0ms)
			DisableScriptedObjects (7ms)
			BackupInstance (0ms)
			ReleaseScriptingObjects (0ms)
			CreateAndSetChildDomain (36ms)
		EndReloadAssembly (1116ms)
			LoadAssemblies (100ms)
			RebuildTransferFunctionScriptingTraits (0ms)
			SetupTypeCache (226ms)
			ReleaseScriptCaches (1ms)
			RebuildScriptCaches (40ms)
			SetupLoadedEditorAssemblies (717ms)
				LogAssemblyErrors (0ms)
				InitializePlatformSupportModulesInManaged (23ms)
				SetLoadedEditorAssemblies (1ms)
				RefreshPlugins (2ms)
				BeforeProcessingInitializeOnLoad (81ms)
				ProcessInitializeOnLoadAttributes (560ms)
				ProcessInitializeOnLoadMethodAttributes (42ms)
				AfterProcessingInitializeOnLoad (10ms)
				EditorAssembliesLoaded (0ms)
			ExecutionOrderSort2 (0ms)
			AwakeInstancesAfterBackupRestoration (6ms)
Platform modules already initialized, skipping
Refreshing native plugins compatible for Editor in 0.98 ms, found 4 plugins.
Preloading 0 native plugins for Editor in 0.00 ms.
Unloading 4218 Unused Serialized files (Serialized files now loaded: 0)
Unloading 72 unused Assets / (22.9 KB). Loaded Objects now: 4715.
Memory consumption went from 162.1 MB to 162.1 MB.
Total: 3.260100 ms (FindLiveObjects: 0.345900 ms CreateObjectMapping: 0.332600 ms MarkObjects: 2.546400 ms  DeleteObjects: 0.034300 ms)

AssetImportParameters requested are different than current active one (requested -> active):
  custom:video-decoder-ogg-theora: a1e56fd34408186e4bbccfd4996cb3dc -> 
  custom:container-muxer-webm: aa71ff27fc2769a1b78a27578f13a17b -> 
  custom:container-demuxer-webm: 4f35f7cbe854078d1ac9338744f61a02 -> 
  custom:video-encoder-webm-vp8: eb34c28f22e8b96e1ab97ce403110664 -> 
  custom:CustomObjectIndexerAttribute: bc11b3a6c3213fcdd17b65e7da85e133 -> 
  custom:audio-encoder-webm-vorbis: bf7c407c2cedff20999df2af8eb42d56 -> 
  custom:framework-win-MediaFoundation: 216162199b28c13a410421893ffa2e32 -> 
  custom:SearchIndexIgnoredProperties: e643bd26f0fe6173181afceb89e7c659 -> 
  custom:container-demuxer-ogg: 62fdf1f143b41e24485cea50d1cbac27 -> 
  custom:video-decoder-webm-vp8: 9c59270c3fd7afecdb556c50c9e8de78 -> 
  custom:audio-decoder-ogg-vorbis: bf7c407c2cedff20999df2af8eb42d56 -> 
========================================================================
Received Import Request.
  Time since last request: 610.619541 seconds.
  path: Assets/JellyIcons/256x256
  artifactKey: Guid(7c95e8f2b758e5146899e721e5a2525c) Importer(815301076,1909f56bfc062723c751e8b465ee728b)
Number of updated assets reloaded before import = 0
Start importing Assets/JellyIcons/256x256 using Guid(7c95e8f2b758e5146899e721e5a2525c) Importer(815301076,1909f56bfc062723c751e8b465ee728b)  -> (artifact id: 'c8e26d5beb5dfcbc38ec4f46449c93bd') in 0.014034 seconds 
Number of asset objects unloaded after import = 0
========================================================================
Received Import Request.
  Time since last request: 0.630834 seconds.
  path: Assets/JellyIcons/256x256/UI
  artifactKey: Guid(90711b9b772730343a2a8212de13a492) Importer(815301076,1909f56bfc062723c751e8b465ee728b)
Number of updated assets reloaded before import = 0
Start importing Assets/JellyIcons/256x256/UI using Guid(90711b9b772730343a2a8212de13a492) Importer(815301076,1909f56bfc062723c751e8b465ee728b)  -> (artifact id: 'c92bba4d93698cf9c0327a34fb96bb51') in 0.006289 seconds 
Number of asset objects unloaded after import = 0
========================================================================
Received Import Request.
  Time since last request: 0.060981 seconds.
  path: Assets/JellyIcons/256x256/UI/BlueBox.png
  artifactKey: Guid(af6b0695f4a2d85439d6e19f231f31d5) Importer(815301076,1909f56bfc062723c751e8b465ee728b)
Number of updated assets reloaded before import = 0
Start importing Assets/JellyIcons/256x256/UI/BlueBox.png using Guid(af6b0695f4a2d85439d6e19f231f31d5) Importer(815301076,1909f56bfc062723c751e8b465ee728b)  -> (artifact id: '0743084ab7b07191566187c3ac06d332') in 0.075969 seconds 
Number of asset objects unloaded after import = 3
========================================================================
Received Import Request.
  Time since last request: 0.000019 seconds.
  path: Assets/JellyIcons/256x256/UI/YellowBox.png
  artifactKey: Guid(74414873c652b304f9eb5379f83d216f) Importer(815301076,1909f56bfc062723c751e8b465ee728b)
Number of updated assets reloaded before import = 0
Start importing Assets/JellyIcons/256x256/UI/YellowBox.png using Guid(74414873c652b304f9eb5379f83d216f) Importer(815301076,1909f56bfc062723c751e8b465ee728b)  -> (artifact id: '92669b6d2b2b93d6275694ae2cf982a3') in 0.034364 seconds 
Number of asset objects unloaded after import = 3
========================================================================
Received Import Request.
  Time since last request: 0.000024 seconds.
  path: Assets/JellyIcons/256x256/UI/GreyBox.png
  artifactKey: Guid(f2131284eab45ac47b466ddbcbfa4235) Importer(815301076,1909f56bfc062723c751e8b465ee728b)
Number of updated assets reloaded before import = 0
Start importing Assets/JellyIcons/256x256/UI/GreyBox.png using Guid(f2131284eab45ac47b466ddbcbfa4235) Importer(815301076,1909f56bfc062723c751e8b465ee728b)  -> (artifact id: 'b8d7b916eab52c13de78d983d9d126e5') in 0.033748 seconds 
Number of asset objects unloaded after import = 3
========================================================================
Received Import Request.
  Time since last request: 1.291841 seconds.
  path: Assets/JellyIcons/256x256/Icons
  artifactKey: Guid(4b8df34ed2093794f85a81af8be56ab1) Importer(815301076,1909f56bfc062723c751e8b465ee728b)
Number of updated assets reloaded before import = 0
Start importing Assets/JellyIcons/256x256/Icons using Guid(4b8df34ed2093794f85a81af8be56ab1) Importer(815301076,1909f56bfc062723c751e8b465ee728b)  -> (artifact id: 'f9271ef36e34a5620d1c215368980ece') in 0.006432 seconds 
Number of asset objects unloaded after import = 0
========================================================================
Received Import Request.
  Time since last request: 1.075112 seconds.
  path: Assets/JellyIcons/256x256/Icons/BlueCircles
  artifactKey: Guid(ce9cda4dc7dd0ea429409ff797bcf12d) Importer(815301076,1909f56bfc062723c751e8b465ee728b)
Number of updated assets reloaded before import = 0
Start importing Assets/JellyIcons/256x256/Icons/BlueCircles using Guid(ce9cda4dc7dd0ea429409ff797bcf12d) Importer(815301076,1909f56bfc062723c751e8b465ee728b)  -> (artifact id: '8ccf67ff055e18e359149902b6ce18b7') in 0.001548 seconds 
Number of asset objects unloaded after import = 0
========================================================================
Received Import Request.
  Time since last request: 0.067650 seconds.
  path: Assets/JellyIcons/256x256/Icons/BlueCircles/BlueCircle Cup1.png
  artifactKey: Guid(b568af1a378781b4a89b2e122d7cb783) Importer(815301076,1909f56bfc062723c751e8b465ee728b)
Number of updated assets reloaded before import = 0
Start importing Assets/JellyIcons/256x256/Icons/BlueCircles/BlueCircle Cup1.png using Guid(b568af1a378781b4a89b2e122d7cb783) Importer(815301076,1909f56bfc062723c751e8b465ee728b)  -> (artifact id: '7f1bfbbf662e7612b0eeca10a1c123ee') in 0.027790 seconds 
Number of asset objects unloaded after import = 3
========================================================================
Received Import Request.
  Time since last request: 0.000012 seconds.
  path: Assets/JellyIcons/256x256/Icons/BlueCircles/BlueCircleDoubleArrowTop.png
  artifactKey: Guid(ac7aec1f105b3324aa7b6b95c6e8e513) Importer(815301076,1909f56bfc062723c751e8b465ee728b)
Number of updated assets reloaded before import = 0
Start importing Assets/JellyIcons/256x256/Icons/BlueCircles/BlueCircleDoubleArrowTop.png using Guid(ac7aec1f105b3324aa7b6b95c6e8e513) Importer(815301076,1909f56bfc062723c751e8b465ee728b)  -> (artifact id: '26b78193834b25e87ac6dfb06fc1efd6') in 0.026610 seconds 
Number of asset objects unloaded after import = 3
========================================================================
Received Import Request.
  Time since last request: 0.000022 seconds.
  path: Assets/JellyIcons/256x256/Icons/BlueCircles/BlueCircleFacebook.png
  artifactKey: Guid(767b3483c0451df4b97ef67f651d4eb0) Importer(815301076,1909f56bfc062723c751e8b465ee728b)
Number of updated assets reloaded before import = 0
Start importing Assets/JellyIcons/256x256/Icons/BlueCircles/BlueCircleFacebook.png using Guid(767b3483c0451df4b97ef67f651d4eb0) Importer(815301076,1909f56bfc062723c751e8b465ee728b)  -> (artifact id: '611cc81ecd5550654ba761414a4286f2') in 0.023099 seconds 
Number of asset objects unloaded after import = 3
========================================================================
Received Import Request.
  Time since last request: 0.000013 seconds.
  path: Assets/JellyIcons/256x256/Icons/BlueCircles/BlueCircleMusic.png
  artifactKey: Guid(6bc6eee39798ebb4683780344ec4787d) Importer(815301076,1909f56bfc062723c751e8b465ee728b)
Number of updated assets reloaded before import = 0
Start importing Assets/JellyIcons/256x256/Icons/BlueCircles/BlueCircleMusic.png using Guid(6bc6eee39798ebb4683780344ec4787d) Importer(815301076,1909f56bfc062723c751e8b465ee728b)  -> (artifact id: '8daaef371fd5a81f53f4baa9a9c6afaa') in 0.024771 seconds 
Number of asset objects unloaded after import = 3
========================================================================
Received Import Request.
  Time since last request: 0.000013 seconds.
  path: Assets/JellyIcons/256x256/Icons/BlueCircles/BlueCircleArrowTop.png
  artifactKey: Guid(f791dd064a69a9b43b381d52d8760bc7) Importer(815301076,1909f56bfc062723c751e8b465ee728b)
Number of updated assets reloaded before import = 0
Start importing Assets/JellyIcons/256x256/Icons/BlueCircles/BlueCircleArrowTop.png using Guid(f791dd064a69a9b43b381d52d8760bc7) Importer(815301076,1909f56bfc062723c751e8b465ee728b)  -> (artifact id: '7ea360e5100468fb29102333f6086b95') in 0.022051 seconds 
Number of asset objects unloaded after import = 3
========================================================================
Received Import Request.
  Time since last request: 0.000019 seconds.
  path: Assets/JellyIcons/256x256/Icons/BlueCircles/BlueCircleHome.png
  artifactKey: Guid(e95fe7ee4f95bbf4780aa6a1f08c9aaa) Importer(815301076,1909f56bfc062723c751e8b465ee728b)
Number of updated assets reloaded before import = 0
Start importing Assets/JellyIcons/256x256/Icons/BlueCircles/BlueCircleHome.png using Guid(e95fe7ee4f95bbf4780aa6a1f08c9aaa) Importer(815301076,1909f56bfc062723c751e8b465ee728b)  -> (artifact id: '5eb74cc831069515e59ba553300d4bd5') in 0.026511 seconds 
Number of asset objects unloaded after import = 3
========================================================================
Received Import Request.
  Time since last request: 0.000014 seconds.
  path: Assets/JellyIcons/256x256/Icons/BlueCircles/BlueCircleMenu.png
  artifactKey: Guid(1c3f0b1ff7f388b49bbcf22af6e33246) Importer(815301076,1909f56bfc062723c751e8b465ee728b)
Number of updated assets reloaded before import = 0
Start importing Assets/JellyIcons/256x256/Icons/BlueCircles/BlueCircleMenu.png using Guid(1c3f0b1ff7f388b49bbcf22af6e33246) Importer(815301076,1909f56bfc062723c751e8b465ee728b)  -> (artifact id: 'a85953f32abbba8928dc3fdfe0b83c36') in 0.027129 seconds 
Number of asset objects unloaded after import = 3
========================================================================
Received Import Request.
  Time since last request: 0.000021 seconds.
  path: Assets/JellyIcons/256x256/Icons/BlueCircles/BlueCircleQuit.png
  artifactKey: Guid(14c6777ba6d8500498f8c7a33ecd8fb1) Importer(815301076,1909f56bfc062723c751e8b465ee728b)
Number of updated assets reloaded before import = 0
Start importing Assets/JellyIcons/256x256/Icons/BlueCircles/BlueCircleQuit.png using Guid(14c6777ba6d8500498f8c7a33ecd8fb1) Importer(815301076,1909f56bfc062723c751e8b465ee728b)  -> (artifact id: 'd014cdafaebc1900f902b53fd5de7711') in 0.029562 seconds 
Number of asset objects unloaded after import = 3
========================================================================
Received Import Request.
  Time since last request: 0.000021 seconds.
  path: Assets/JellyIcons/256x256/Icons/BlueCircles/BlueCircleVibration.png
  artifactKey: Guid(f18dfac5631f0614184b1d52ca13f1d4) Importer(815301076,1909f56bfc062723c751e8b465ee728b)
Number of updated assets reloaded before import = 0
Start importing Assets/JellyIcons/256x256/Icons/BlueCircles/BlueCircleVibration.png using Guid(f18dfac5631f0614184b1d52ca13f1d4) Importer(815301076,1909f56bfc062723c751e8b465ee728b)  -> (artifact id: '2b27dd9e436ce722634fd5876eee4d37') in 0.026059 seconds 
Number of asset objects unloaded after import = 3
========================================================================
Received Import Request.
  Time since last request: 0.000019 seconds.
  path: Assets/JellyIcons/256x256/Icons/BlueCircles/BlueCircleArrowRight.png
  artifactKey: Guid(c827f46d589c06141a3ba07cdc2aaaf9) Importer(815301076,1909f56bfc062723c751e8b465ee728b)
Number of updated assets reloaded before import = 0
Start importing Assets/JellyIcons/256x256/Icons/BlueCircles/BlueCircleArrowRight.png using Guid(c827f46d589c06141a3ba07cdc2aaaf9) Importer(815301076,1909f56bfc062723c751e8b465ee728b)  -> (artifact id: 'bb796ed4d4ea6018754042e0abdef0fd') in 0.022686 seconds 
Number of asset objects unloaded after import = 3
========================================================================
Received Import Request.
  Time since last request: 0.000017 seconds.
  path: Assets/JellyIcons/256x256/Icons/BlueCircles/BlueCircleLadder.png
  artifactKey: Guid(6b4b8b5c482883043853ab6a614d6faf) Importer(815301076,1909f56bfc062723c751e8b465ee728b)
Number of updated assets reloaded before import = 0
Start importing Assets/JellyIcons/256x256/Icons/BlueCircles/BlueCircleLadder.png using Guid(6b4b8b5c482883043853ab6a614d6faf) Importer(815301076,1909f56bfc062723c751e8b465ee728b)  -> (artifact id: '8c43f54a224c532d5eab9d96b0c5a1b2') in 0.024458 seconds 
Number of asset objects unloaded after import = 3
========================================================================
Received Import Request.
  Time since last request: 0.000028 seconds.
  path: Assets/JellyIcons/256x256/Icons/BlueCircles/BlueCircleQuestionMark.png
  artifactKey: Guid(9253c6c990378ec4b81ec4d9bd4b7268) Importer(815301076,1909f56bfc062723c751e8b465ee728b)
Number of updated assets reloaded before import = 0
Start importing Assets/JellyIcons/256x256/Icons/BlueCircles/BlueCircleQuestionMark.png using Guid(9253c6c990378ec4b81ec4d9bd4b7268) Importer(815301076,1909f56bfc062723c751e8b465ee728b)  -> (artifact id: '5030079906e43c97c72b38444a8abb55') in 0.025739 seconds 
Number of asset objects unloaded after import = 3
========================================================================
Received Import Request.
  Time since last request: 0.000014 seconds.
  path: Assets/JellyIcons/256x256/Icons/BlueCircles/BlueCircleLock.png
  artifactKey: Guid(1b63af7d59ffa2c4b9ad3babe481b6bd) Importer(815301076,1909f56bfc062723c751e8b465ee728b)
Number of updated assets reloaded before import = 0
Start importing Assets/JellyIcons/256x256/Icons/BlueCircles/BlueCircleLock.png using Guid(1b63af7d59ffa2c4b9ad3babe481b6bd) Importer(815301076,1909f56bfc062723c751e8b465ee728b)  -> (artifact id: '308b9498a8ac1979862da2b69fe0f828') in 0.025199 seconds 
Number of asset objects unloaded after import = 3
========================================================================
Received Import Request.
  Time since last request: 0.000018 seconds.
  path: Assets/JellyIcons/256x256/Icons/BlueCircles/BlueCircleStars.png
  artifactKey: Guid(c16b775d40437df4fae4ea48eb3d9dbe) Importer(815301076,1909f56bfc062723c751e8b465ee728b)
Number of updated assets reloaded before import = 0
Start importing Assets/JellyIcons/256x256/Icons/BlueCircles/BlueCircleStars.png using Guid(c16b775d40437df4fae4ea48eb3d9dbe) Importer(815301076,1909f56bfc062723c751e8b465ee728b)  -> (artifact id: '515f07be77d85449ee128ea326886a42') in 0.023279 seconds 
Number of asset objects unloaded after import = 3
========================================================================
Received Import Request.
  Time since last request: 0.000014 seconds.
  path: Assets/JellyIcons/256x256/Icons/BlueCircles/BlueCircleDoubleArrow.png
  artifactKey: Guid(ee2fd7695de022848a9dda2b1552af29) Importer(815301076,1909f56bfc062723c751e8b465ee728b)
Number of updated assets reloaded before import = 0
Start importing Assets/JellyIcons/256x256/Icons/BlueCircles/BlueCircleDoubleArrow.png using Guid(ee2fd7695de022848a9dda2b1552af29) Importer(815301076,1909f56bfc062723c751e8b465ee728b)  -> (artifact id: '721f6dac52eae86da98cdbd4675ae1b5') in 0.037241 seconds 
Number of asset objects unloaded after import = 3
========================================================================
Received Import Request.
  Time since last request: 0.000015 seconds.
  path: Assets/JellyIcons/256x256/Icons/BlueCircles/BlueCircleMinus.png
  artifactKey: Guid(60ff540343388834fb27fe4f3b20a945) Importer(815301076,1909f56bfc062723c751e8b465ee728b)
Number of updated assets reloaded before import = 0
Start importing Assets/JellyIcons/256x256/Icons/BlueCircles/BlueCircleMinus.png using Guid(60ff540343388834fb27fe4f3b20a945) Importer(815301076,1909f56bfc062723c751e8b465ee728b)  -> (artifact id: 'cf3d608b15b896513c929f322c682cf7') in 0.026392 seconds 
Number of asset objects unloaded after import = 3
========================================================================
Received Import Request.
  Time since last request: 0.000022 seconds.
  path: Assets/JellyIcons/256x256/Icons/BlueCircles/BlueCircleArrowDown.png
  artifactKey: Guid(874a8550de7e5884b9b1f2cd5d6e1e94) Importer(815301076,1909f56bfc062723c751e8b465ee728b)
Number of updated assets reloaded before import = 0
Start importing Assets/JellyIcons/256x256/Icons/BlueCircles/BlueCircleArrowDown.png using Guid(874a8550de7e5884b9b1f2cd5d6e1e94) Importer(815301076,1909f56bfc062723c751e8b465ee728b)  -> (artifact id: '591213ef568bc3eafe7d8e354959b38e') in 0.026436 seconds 
Number of asset objects unloaded after import = 3
========================================================================
Received Import Request.
  Time since last request: 0.000016 seconds.
  path: Assets/JellyIcons/256x256/Icons/BlueCircles/BlueCircleUnlock.png
  artifactKey: Guid(b896bf600e2460a478795cc60da30e14) Importer(815301076,1909f56bfc062723c751e8b465ee728b)
Number of updated assets reloaded before import = 0
Start importing Assets/JellyIcons/256x256/Icons/BlueCircles/BlueCircleUnlock.png using Guid(b896bf600e2460a478795cc60da30e14) Importer(815301076,1909f56bfc062723c751e8b465ee728b)  -> (artifact id: 'dc0880c76e3b3e06858dd38a724aa9cf') in 0.024578 seconds 
Number of asset objects unloaded after import = 3
========================================================================
Received Import Request.
  Time since last request: 0.000025 seconds.
  path: Assets/JellyIcons/256x256/Icons/BlueCircles/BlueCircleUpload.png
  artifactKey: Guid(0877a6144366c3e47ac0f98b5820f696) Importer(815301076,1909f56bfc062723c751e8b465ee728b)
Number of updated assets reloaded before import = 0
Start importing Assets/JellyIcons/256x256/Icons/BlueCircles/BlueCircleUpload.png using Guid(0877a6144366c3e47ac0f98b5820f696) Importer(815301076,1909f56bfc062723c751e8b465ee728b)  -> (artifact id: '069bb1f635df89d5eecac7fbc8c00571') in 0.022796 seconds 
Number of asset objects unloaded after import = 3
========================================================================
Received Import Request.
  Time since last request: 0.000012 seconds.
  path: Assets/JellyIcons/256x256/Icons/BlueCircles/BlueCircleStar.png
  artifactKey: Guid(54143c2a4df1cd049bb198e343fb9fd2) Importer(815301076,1909f56bfc062723c751e8b465ee728b)
Number of updated assets reloaded before import = 0
Start importing Assets/JellyIcons/256x256/Icons/BlueCircles/BlueCircleStar.png using Guid(54143c2a4df1cd049bb198e343fb9fd2) Importer(815301076,1909f56bfc062723c751e8b465ee728b)  -> (artifact id: 'd2e7b2efc803c3c6825944a6c18978dd') in 0.022970 seconds 
Number of asset objects unloaded after import = 3
========================================================================
Received Import Request.
  Time since last request: 0.000019 seconds.
  path: Assets/JellyIcons/256x256/Icons/BlueCircles/BlueCircleCup2.png
  artifactKey: Guid(6111e4f0a7e79a248bc1ed42d29540e2) Importer(815301076,1909f56bfc062723c751e8b465ee728b)
Number of updated assets reloaded before import = 0
Start importing Assets/JellyIcons/256x256/Icons/BlueCircles/BlueCircleCup2.png using Guid(6111e4f0a7e79a248bc1ed42d29540e2) Importer(815301076,1909f56bfc062723c751e8b465ee728b)  -> (artifact id: '009aacf5d8cffd17cd502fd42309ac37') in 0.023831 seconds 
Number of asset objects unloaded after import = 3
========================================================================
Received Import Request.
  Time since last request: 0.000012 seconds.
  path: Assets/JellyIcons/256x256/Icons/BlueCircles/BlueCircleDownloadRight.png
  artifactKey: Guid(3c0b36c14445d3947b5165d3da8c4fbe) Importer(815301076,1909f56bfc062723c751e8b465ee728b)
Number of updated assets reloaded before import = 0
Start importing Assets/JellyIcons/256x256/Icons/BlueCircles/BlueCircleDownloadRight.png using Guid(3c0b36c14445d3947b5165d3da8c4fbe) Importer(815301076,1909f56bfc062723c751e8b465ee728b)  -> (artifact id: '0f72819c9c22870518f5f85e671a9247') in 0.024842 seconds 
Number of asset objects unloaded after import = 3
========================================================================
Received Import Request.
  Time since last request: 0.000017 seconds.
  path: Assets/JellyIcons/256x256/Icons/BlueCircles/BlueCircleConfirm.png
  artifactKey: Guid(41ae570cbb05da04eabcf2306da6822a) Importer(815301076,1909f56bfc062723c751e8b465ee728b)
Number of updated assets reloaded before import = 0
Start importing Assets/JellyIcons/256x256/Icons/BlueCircles/BlueCircleConfirm.png using Guid(41ae570cbb05da04eabcf2306da6822a) Importer(815301076,1909f56bfc062723c751e8b465ee728b)  -> (artifact id: '317918c8cb087edda13304a9da3d029d') in 0.023627 seconds 
Number of asset objects unloaded after import = 3
========================================================================
Received Import Request.
  Time since last request: 0.000014 seconds.
  path: Assets/JellyIcons/256x256/Icons/BlueCircles/BlueCircleCup.png
  artifactKey: Guid(89bc39845b39b6d408722b5a82839172) Importer(815301076,1909f56bfc062723c751e8b465ee728b)
Number of updated assets reloaded before import = 0
Start importing Assets/JellyIcons/256x256/Icons/BlueCircles/BlueCircleCup.png using Guid(89bc39845b39b6d408722b5a82839172) Importer(815301076,1909f56bfc062723c751e8b465ee728b)  -> (artifact id: '08116ab5f8d7c7b3c95cb8a2a8491037') in 0.023827 seconds 
Number of asset objects unloaded after import = 3
========================================================================
Received Import Request.
  Time since last request: 0.000025 seconds.
  path: Assets/JellyIcons/256x256/Icons/BlueCircles/BlueCircleCloud.png
  artifactKey: Guid(ef10abdf5398e804a906206739597632) Importer(815301076,1909f56bfc062723c751e8b465ee728b)
Number of updated assets reloaded before import = 0
Start importing Assets/JellyIcons/256x256/Icons/BlueCircles/BlueCircleCloud.png using Guid(ef10abdf5398e804a906206739597632) Importer(815301076,1909f56bfc062723c751e8b465ee728b)  -> (artifact id: '0ef4a9444a0ac6ce4fa113c62987499f') in 0.030489 seconds 
Number of asset objects unloaded after import = 3
========================================================================
Received Import Request.
  Time since last request: 2.350364 seconds.
  path: Assets/JellyIcons/128x128
  artifactKey: Guid(f28de3e8086894d409377f60bbe4d87e) Importer(815301076,1909f56bfc062723c751e8b465ee728b)
Number of updated assets reloaded before import = 0
Start importing Assets/JellyIcons/128x128 using Guid(f28de3e8086894d409377f60bbe4d87e) Importer(815301076,1909f56bfc062723c751e8b465ee728b)  -> (artifact id: '93e12e083ff59ea2afc9f9bf5571a03d') in 0.006452 seconds 
Number of asset objects unloaded after import = 0
========================================================================
Received Import Request.
  Time since last request: 8.953960 seconds.
  path: Assets/JellyIcons/512x512/Icons/YellowCircles
  artifactKey: Guid(bb144f66339eca34bbdf90a218bf905c) Importer(815301076,1909f56bfc062723c751e8b465ee728b)
Number of updated assets reloaded before import = 0
Start importing Assets/JellyIcons/512x512/Icons/YellowCircles using Guid(bb144f66339eca34bbdf90a218bf905c) Importer(815301076,1909f56bfc062723c751e8b465ee728b)  -> (artifact id: '4a4bb179a79e229456a4270b89dc67de') in 0.006278 seconds 
Number of asset objects unloaded after import = 0
========================================================================
Received Import Request.
  Time since last request: 146.143446 seconds.
  path: Assets/Music Tracks
  artifactKey: Guid(8244e98fd77473847be276d29419ce36) Importer(815301076,1909f56bfc062723c751e8b465ee728b)
Number of updated assets reloaded before import = 0
Start importing Assets/Music Tracks using Guid(8244e98fd77473847be276d29419ce36) Importer(815301076,1909f56bfc062723c751e8b465ee728b)  -> (artifact id: 'bc65d0766d91de8917858cdfb5fd6c1b') in 0.006133 seconds 
Number of asset objects unloaded after import = 0
========================================================================
Received Import Request.
  Time since last request: 1.578467 seconds.
  path: Assets/Music Tracks/Chunky_Monkey.wav
  artifactKey: Guid(956ad2f73332544fd87365087825cc4f) Importer(815301076,1909f56bfc062723c751e8b465ee728b)
Number of updated assets reloaded before import = 0
Start importing Assets/Music Tracks/Chunky_Monkey.wav using Guid(956ad2f73332544fd87365087825cc4f) Importer(815301076,1909f56bfc062723c751e8b465ee728b)  -> (artifact id: '1d8ee84f69f63d4a0f8d7883cc446df1') in 0.067205 seconds 
Number of asset objects unloaded after import = 2
========================================================================
Received Import Request.
  Time since last request: 0.000019 seconds.
  path: Assets/Music Tracks/Potato.wav
  artifactKey: Guid(87890a66193394e3cb7d6284cc6b4344) Importer(815301076,1909f56bfc062723c751e8b465ee728b)
Number of updated assets reloaded before import = 0
Start importing Assets/Music Tracks/Potato.wav using Guid(87890a66193394e3cb7d6284cc6b4344) Importer(815301076,1909f56bfc062723c751e8b465ee728b)  -> (artifact id: '9c3de12d4cb968fb859bf5b50bfb78cb') in 0.016824 seconds 
Number of asset objects unloaded after import = 2
========================================================================
Received Import Request.
  Time since last request: 0.000022 seconds.
  path: Assets/Music Tracks/JumpyGame.wav
  artifactKey: Guid(d8f7a78a964aa489aafb3749d805cd4b) Importer(815301076,1909f56bfc062723c751e8b465ee728b)
Number of updated assets reloaded before import = 0
Start importing Assets/Music Tracks/JumpyGame.wav using Guid(d8f7a78a964aa489aafb3749d805cd4b) Importer(815301076,1909f56bfc062723c751e8b465ee728b)  -> (artifact id: '56f746fced06662202efb439687b912d') in 0.017195 seconds 
Number of asset objects unloaded after import = 2
========================================================================
Received Import Request.
  Time since last request: 0.000016 seconds.
  path: Assets/Music Tracks/Tiny_Blocks.wav
  artifactKey: Guid(5d6e42b338547477aa7a88708f894463) Importer(815301076,1909f56bfc062723c751e8b465ee728b)
Number of updated assets reloaded before import = 0
Start importing Assets/Music Tracks/Tiny_Blocks.wav using Guid(5d6e42b338547477aa7a88708f894463) Importer(815301076,1909f56bfc062723c751e8b465ee728b)  -> (artifact id: 'd7a2b91110886033c90a2294838403af') in 0.019475 seconds 
Number of asset objects unloaded after import = 2
========================================================================
Received Import Request.
  Time since last request: 0.000027 seconds.
  path: Assets/Music Tracks/Zephyr.wav
  artifactKey: Guid(07f391589664f4e85904fa28802b4aa8) Importer(815301076,1909f56bfc062723c751e8b465ee728b)
Number of updated assets reloaded before import = 0
Start importing Assets/Music Tracks/Zephyr.wav using Guid(07f391589664f4e85904fa28802b4aa8) Importer(815301076,1909f56bfc062723c751e8b465ee728b)  -> (artifact id: 'b5a601140d149eb37d9fc0b7500643cd') in 0.019178 seconds 
Number of asset objects unloaded after import = 2
Editor requested this worker to shutdown with reason: Scaling down because of idle timeout
AssetImportWorker is now disconnected from the server
Process exiting
Exiting without the bug reporter. Application will terminate with return code 0