Using pre-set license
Built from '2021.3/staging' branch; Version is '2021.3.30f1 (b4360d7cdac4) revision 11810317'; Using compiler version '192829333'; Build Type 'Release'
OS: 'Windows 10  (10.0.19045) 64bit Core' Language: 'en' Physical Memory: 32683 MB
BatchMode: 1, IsHumanControllingUs: 0, StartBugReporterOnCrash: 0, Is64bit: 1, IsPro: 1

COMMAND LINE ARGUMENTS:
C:\Program Files\Unity\Hub\Editor\2021.3.30f1\Editor\Unity.exe
-adb2
-batchMode
-noUpm
-name
AssetImportWorker9
-projectPath
D:/Projects/Defense/TDefense
-logFile
Logs/AssetImportWorker9.log
-srvPort
59098
Successfully changed project path to: D:/Projects/Defense/TDefense
D:/Projects/Defense/TDefense
[UnityMemory] Configuration Parameters - Can be set up in boot.config
    "memorysetup-bucket-allocator-granularity=16"
    "memorysetup-bucket-allocator-bucket-count=8"
    "memorysetup-bucket-allocator-block-size=33554432"
    "memorysetup-bucket-allocator-block-count=8"
    "memorysetup-main-allocator-block-size=16777216"
    "memorysetup-thread-allocator-block-size=16777216"
    "memorysetup-gfx-main-allocator-block-size=16777216"
    "memorysetup-gfx-thread-allocator-block-size=16777216"
    "memorysetup-cache-allocator-block-size=4194304"
    "memorysetup-typetree-allocator-block-size=2097152"
    "memorysetup-profiler-bucket-allocator-granularity=16"
    "memorysetup-profiler-bucket-allocator-bucket-count=8"
    "memorysetup-profiler-bucket-allocator-block-size=33554432"
    "memorysetup-profiler-bucket-allocator-block-count=8"
    "memorysetup-profiler-allocator-block-size=16777216"
    "memorysetup-profiler-editor-allocator-block-size=1048576"
    "memorysetup-temp-allocator-size-main=16777216"
    "memorysetup-job-temp-allocator-block-size=2097152"
    "memorysetup-job-temp-allocator-block-size-background=1048576"
    "memorysetup-job-temp-allocator-reduction-small-platforms=262144"
    "memorysetup-temp-allocator-size-background-worker=32768"
    "memorysetup-temp-allocator-size-job-worker=262144"
    "memorysetup-temp-allocator-size-preload-manager=33554432"
    "memorysetup-temp-allocator-size-nav-mesh-worker=65536"
    "memorysetup-temp-allocator-size-audio-worker=65536"
    "memorysetup-temp-allocator-size-cloud-worker=32768"
    "memorysetup-temp-allocator-size-gi-baking-worker=262144"
    "memorysetup-temp-allocator-size-gfx=262144"
Player connection [51060] Host "[IP] 192.168.1.38 [Port] 0 [Flags] 2 [Guid] 1047279532 [EditorId] 1047279532 [Version] 1048832 [Id] WindowsEditor(7,DESKTOP-VK2T73L) [Debug] 1 [PackageName] WindowsEditor [ProjectName] Editor" joined multi-casting on [225.0.0.222:54997]...

Player connection [51060] Host "[IP] 192.168.1.38 [Port] 0 [Flags] 2 [Guid] 1047279532 [EditorId] 1047279532 [Version] 1048832 [Id] WindowsEditor(7,DESKTOP-VK2T73L) [Debug] 1 [PackageName] WindowsEditor [ProjectName] Editor" joined alternative multi-casting on [225.0.0.222:34997]...

[Physics::Module] Initialized MultithreadedJobDispatcher with {0} workers.
Refreshing native plugins compatible for Editor in 140.52 ms, found 4 plugins.
Preloading 0 native plugins for Editor in 0.00 ms.
Initialize engine version: 2021.3.30f1 (b4360d7cdac4)
[Subsystems] Discovering subsystems at path C:/Program Files/Unity/Hub/Editor/2021.3.30f1/Editor/Data/Resources/UnitySubsystems
[Subsystems] Discovering subsystems at path D:/Projects/Defense/TDefense/Assets
GfxDevice: creating device client; threaded=0; jobified=0
Direct3D:
    Version:  Direct3D 11.0 [level 11.1]
    Renderer: NVIDIA GeForce RTX 3080 (ID=0x2206)
    Vendor:   NVIDIA
    VRAM:     10067 MB
    Driver:   31.0.15.3713
Initialize mono
Mono path[0] = 'C:/Program Files/Unity/Hub/Editor/2021.3.30f1/Editor/Data/Managed'
Mono path[1] = 'C:/Program Files/Unity/Hub/Editor/2021.3.30f1/Editor/Data/MonoBleedingEdge/lib/mono/unityjit-win32'
Mono config path = 'C:/Program Files/Unity/Hub/Editor/2021.3.30f1/Editor/Data/MonoBleedingEdge/etc'
Using monoOptions --debugger-agent=transport=dt_socket,embedding=1,server=y,suspend=n,address=127.0.0.1:56116
Begin MonoManager ReloadAssembly
Registering precompiled unity dll's ...
Register platform support module: C:/Program Files/Unity/Hub/Editor/2021.3.30f1/Editor/Data/PlaybackEngines/AndroidPlayer/UnityEditor.Android.Extensions.dll
Register platform support module: C:/Program Files/Unity/Hub/Editor/2021.3.30f1/Editor/Data/PlaybackEngines/WindowsStandaloneSupport/UnityEditor.WindowsStandalone.Extensions.dll
Registered in 0.009707 seconds.
Native extension for WindowsStandalone target not found
Native extension for Android target not found
Android Extension - Scanning For ADB Devices 217 ms
Refreshing native plugins compatible for Editor in 132.27 ms, found 4 plugins.
Preloading 0 native plugins for Editor in 0.00 ms.
Mono: successfully reloaded assembly
- Completed reload, in  0.991 seconds
Domain Reload Profiling:
	ReloadAssembly (992ms)
		BeginReloadAssembly (127ms)
			ExecutionOrderSort (0ms)
			DisableScriptedObjects (0ms)
			BackupInstance (0ms)
			ReleaseScriptingObjects (0ms)
			CreateAndSetChildDomain (1ms)
		EndReloadAssembly (748ms)
			LoadAssemblies (124ms)
			RebuildTransferFunctionScriptingTraits (0ms)
			SetupTypeCache (106ms)
			ReleaseScriptCaches (0ms)
			RebuildScriptCaches (25ms)
			SetupLoadedEditorAssemblies (577ms)
				LogAssemblyErrors (0ms)
				InitializePlatformSupportModulesInManaged (313ms)
				SetLoadedEditorAssemblies (0ms)
				RefreshPlugins (132ms)
				BeforeProcessingInitializeOnLoad (1ms)
				ProcessInitializeOnLoadAttributes (82ms)
				ProcessInitializeOnLoadMethodAttributes (48ms)
				AfterProcessingInitializeOnLoad (0ms)
				EditorAssembliesLoaded (0ms)
			ExecutionOrderSort2 (0ms)
			AwakeInstancesAfterBackupRestoration (0ms)
Platform modules already initialized, skipping
Registering precompiled user dll's ...
Registered in 0.005650 seconds.
Begin MonoManager ReloadAssembly
Native extension for WindowsStandalone target not found
Native extension for Android target not found
Refreshing native plugins compatible for Editor in 118.86 ms, found 4 plugins.
Preloading 0 native plugins for Editor in 0.00 ms.
Package Manager log level set to [2]
[Package Manager] Server::EnsureServerProcessIsRunning -- launch failed, reason: Unity was launched with the -noUpm command-line argument
[Package Manager] Cannot connect to Unity Package Manager local server
Mono: successfully reloaded assembly
- Completed reload, in  1.495 seconds
Domain Reload Profiling:
	ReloadAssembly (1496ms)
		BeginReloadAssembly (128ms)
			ExecutionOrderSort (0ms)
			DisableScriptedObjects (5ms)
			BackupInstance (0ms)
			ReleaseScriptingObjects (0ms)
			CreateAndSetChildDomain (18ms)
		EndReloadAssembly (1256ms)
			LoadAssemblies (114ms)
			RebuildTransferFunctionScriptingTraits (0ms)
			SetupTypeCache (218ms)
			ReleaseScriptCaches (1ms)
			RebuildScriptCaches (52ms)
			SetupLoadedEditorAssemblies (849ms)
				LogAssemblyErrors (0ms)
				InitializePlatformSupportModulesInManaged (19ms)
				SetLoadedEditorAssemblies (0ms)
				RefreshPlugins (119ms)
				BeforeProcessingInitializeOnLoad (109ms)
				ProcessInitializeOnLoadAttributes (553ms)
				ProcessInitializeOnLoadMethodAttributes (39ms)
				AfterProcessingInitializeOnLoad (9ms)
				EditorAssembliesLoaded (0ms)
			ExecutionOrderSort2 (0ms)
			AwakeInstancesAfterBackupRestoration (5ms)
Platform modules already initialized, skipping
========================================================================
Worker process is ready to serve import requests
Launched and connected shader compiler UnityShaderCompiler.exe after 0.04 seconds
Refreshing native plugins compatible for Editor in 1.04 ms, found 4 plugins.
Preloading 0 native plugins for Editor in 0.00 ms.
Unloading 4243 Unused Serialized files (Serialized files now loaded: 0)
Unloading 83 unused Assets / (47.5 KB). Loaded Objects now: 4666.
Memory consumption went from 164.6 MB to 164.5 MB.
Total: 2.811100 ms (FindLiveObjects: 0.278100 ms CreateObjectMapping: 0.278400 ms MarkObjects: 2.175800 ms  DeleteObjects: 0.078200 ms)

AssetImportParameters requested are different than current active one (requested -> active):
  custom:video-decoder-ogg-theora: a1e56fd34408186e4bbccfd4996cb3dc -> 
  custom:container-muxer-webm: aa71ff27fc2769a1b78a27578f13a17b -> 
  custom:container-demuxer-webm: 4f35f7cbe854078d1ac9338744f61a02 -> 
  custom:video-encoder-webm-vp8: eb34c28f22e8b96e1ab97ce403110664 -> 
  custom:CustomObjectIndexerAttribute: bc11b3a6c3213fcdd17b65e7da85e133 -> 
  custom:audio-encoder-webm-vorbis: bf7c407c2cedff20999df2af8eb42d56 -> 
  custom:framework-win-MediaFoundation: 216162199b28c13a410421893ffa2e32 -> 
  custom:SearchIndexIgnoredProperties: e643bd26f0fe6173181afceb89e7c659 -> 
  custom:container-demuxer-ogg: 62fdf1f143b41e24485cea50d1cbac27 -> 
  custom:video-decoder-webm-vp8: 9c59270c3fd7afecdb556c50c9e8de78 -> 
  custom:audio-decoder-ogg-vorbis: bf7c407c2cedff20999df2af8eb42d56 -> 
========================================================================
Received Import Request.
  Time since last request: 44043.163425 seconds.
  path: Assets/JellyIcons/256x256/Icons/BasicIcons/Home.png
  artifactKey: Guid(7ae2b2f6f3f8bc04faf9bd3cd33f221f) Importer(815301076,1909f56bfc062723c751e8b465ee728b)
Number of updated assets reloaded before import = 0
Start importing Assets/JellyIcons/256x256/Icons/BasicIcons/Home.png using Guid(7ae2b2f6f3f8bc04faf9bd3cd33f221f) Importer(815301076,1909f56bfc062723c751e8b465ee728b)  -> (artifact id: '715ff23689749c4b9c48708498d0ee7a') in 0.104441 seconds 
Number of asset objects unloaded after import = 3
========================================================================
Received Import Request.
  Time since last request: 0.000019 seconds.
  path: Assets/JellyIcons/128x128/RedCircles/RedCircleCamera.png
  artifactKey: Guid(552c945e65eddab42a74dbc64b9a2c86) Importer(815301076,1909f56bfc062723c751e8b465ee728b)
Number of updated assets reloaded before import = 0
Start importing Assets/JellyIcons/128x128/RedCircles/RedCircleCamera.png using Guid(552c945e65eddab42a74dbc64b9a2c86) Importer(815301076,1909f56bfc062723c751e8b465ee728b)  -> (artifact id: '43fb6407582a70aa010f8493dfa68b3a') in 0.028013 seconds 
Number of asset objects unloaded after import = 3
========================================================================
Received Import Request.
  Time since last request: 0.000021 seconds.
  path: Assets/JellyIcons/256x256/Icons/BasicIcons/PlayLeft.png
  artifactKey: Guid(4ad0ab8b49004e44b943eb3599c8474a) Importer(815301076,1909f56bfc062723c751e8b465ee728b)
Number of updated assets reloaded before import = 0
Start importing Assets/JellyIcons/256x256/Icons/BasicIcons/PlayLeft.png using Guid(4ad0ab8b49004e44b943eb3599c8474a) Importer(815301076,1909f56bfc062723c751e8b465ee728b)  -> (artifact id: 'cd8a601672052721dcc504d686dd8f2a') in 0.026721 seconds 
Number of asset objects unloaded after import = 3
========================================================================
Received Import Request.
  Time since last request: 0.000013 seconds.
  path: Assets/JellyIcons/256x256/UI/RedBox.png
  artifactKey: Guid(4e4e92beb38efe44fa409680089177af) Importer(815301076,1909f56bfc062723c751e8b465ee728b)
Number of updated assets reloaded before import = 0
Start importing Assets/JellyIcons/256x256/UI/RedBox.png using Guid(4e4e92beb38efe44fa409680089177af) Importer(815301076,1909f56bfc062723c751e8b465ee728b)  -> (artifact id: 'cccb446497b2c367d70bb2014aa13ed4') in 0.037592 seconds 
Number of asset objects unloaded after import = 3
========================================================================
Received Import Request.
  Time since last request: 0.000014 seconds.
  path: Assets/JellyIcons/128x128/BasicIcons/Music.png
  artifactKey: Guid(2495cb5c83ff4de498d1024cad89260a) Importer(815301076,1909f56bfc062723c751e8b465ee728b)
Number of updated assets reloaded before import = 0
Start importing Assets/JellyIcons/128x128/BasicIcons/Music.png using Guid(2495cb5c83ff4de498d1024cad89260a) Importer(815301076,1909f56bfc062723c751e8b465ee728b)  -> (artifact id: '35ddc5c08ab54271a36bd6c2d0d885f1') in 0.020990 seconds 
Number of asset objects unloaded after import = 3
========================================================================
Received Import Request.
  Time since last request: 0.000012 seconds.
  path: Assets/JellyIcons/256x256/Icons/RedCircles/RedCircleArrowDown.png
  artifactKey: Guid(14ae61955eb33db41943ae31aafd8c90) Importer(815301076,1909f56bfc062723c751e8b465ee728b)
Number of updated assets reloaded before import = 0
Start importing Assets/JellyIcons/256x256/Icons/RedCircles/RedCircleArrowDown.png using Guid(14ae61955eb33db41943ae31aafd8c90) Importer(815301076,1909f56bfc062723c751e8b465ee728b)  -> (artifact id: '799cd9c37e817a3349894a84555aee6a') in 0.024367 seconds 
Number of asset objects unloaded after import = 3
========================================================================
Received Import Request.
  Time since last request: 0.000014 seconds.
  path: Assets/JellyIcons/256x256/Icons/BasicIcons/Plus.png
  artifactKey: Guid(aeb3cd632d837d04ba82eb64db78163f) Importer(815301076,1909f56bfc062723c751e8b465ee728b)
Number of updated assets reloaded before import = 0
Start importing Assets/JellyIcons/256x256/Icons/BasicIcons/Plus.png using Guid(aeb3cd632d837d04ba82eb64db78163f) Importer(815301076,1909f56bfc062723c751e8b465ee728b)  -> (artifact id: '5dfa0cc4604625b8d7113482bec4e52e') in 0.040073 seconds 
Number of asset objects unloaded after import = 3
========================================================================
Received Import Request.
  Time since last request: 0.000017 seconds.
  path: Assets/JellyIcons/256x256/Icons/BasicIcons/QuestionMark.png
  artifactKey: Guid(9d02f58258b1b6e429a8e13855eefc40) Importer(815301076,1909f56bfc062723c751e8b465ee728b)
Number of updated assets reloaded before import = 0
Start importing Assets/JellyIcons/256x256/Icons/BasicIcons/QuestionMark.png using Guid(9d02f58258b1b6e429a8e13855eefc40) Importer(815301076,1909f56bfc062723c751e8b465ee728b)  -> (artifact id: 'b73efc5eef142627736bbb7b62d2dbd6') in 0.034331 seconds 
Number of asset objects unloaded after import = 3
========================================================================
Received Import Request.
  Time since last request: 0.000017 seconds.
  path: Assets/JellyIcons/128x128/BasicIcons/Info.png
  artifactKey: Guid(cdd385c78b3f6b34ca089e115bd99f1f) Importer(815301076,1909f56bfc062723c751e8b465ee728b)
Number of updated assets reloaded before import = 0
Start importing Assets/JellyIcons/128x128/BasicIcons/Info.png using Guid(cdd385c78b3f6b34ca089e115bd99f1f) Importer(815301076,1909f56bfc062723c751e8b465ee728b)  -> (artifact id: 'c0dcb79c392cba4b071d850e52823472') in 0.022193 seconds 
Number of asset objects unloaded after import = 3
========================================================================
Received Import Request.
  Time since last request: 0.000019 seconds.
  path: Assets/JellyIcons/128x128/BasicIcons/Ladder.png
  artifactKey: Guid(fad5e409cfe0e804cb952c8980a9712a) Importer(815301076,1909f56bfc062723c751e8b465ee728b)
Number of updated assets reloaded before import = 0
Start importing Assets/JellyIcons/128x128/BasicIcons/Ladder.png using Guid(fad5e409cfe0e804cb952c8980a9712a) Importer(815301076,1909f56bfc062723c751e8b465ee728b)  -> (artifact id: 'bf3c4ca005087efa3ff77785ed97d993') in 0.030626 seconds 
Number of asset objects unloaded after import = 3
========================================================================
Received Import Request.
  Time since last request: 0.000020 seconds.
  path: Assets/JellyIcons/256x256/Icons/RedCircles/RedCircleArrowTop.png
  artifactKey: Guid(3720112b724add34189ed86943def7f3) Importer(815301076,1909f56bfc062723c751e8b465ee728b)
Number of updated assets reloaded before import = 0
Start importing Assets/JellyIcons/256x256/Icons/RedCircles/RedCircleArrowTop.png using Guid(3720112b724add34189ed86943def7f3) Importer(815301076,1909f56bfc062723c751e8b465ee728b)  -> (artifact id: '7bdcf4a5a190aef00c3f09cb8a4af1ff') in 0.027741 seconds 
Number of asset objects unloaded after import = 3
========================================================================
Received Import Request.
  Time since last request: 0.000018 seconds.
  path: Assets/JellyIcons/256x256/Icons/BasicIcons/Pause.png
  artifactKey: Guid(a4990b8d9dcf9594daa6d106ddbb8658) Importer(815301076,1909f56bfc062723c751e8b465ee728b)
Number of updated assets reloaded before import = 0
Start importing Assets/JellyIcons/256x256/Icons/BasicIcons/Pause.png using Guid(a4990b8d9dcf9594daa6d106ddbb8658) Importer(815301076,1909f56bfc062723c751e8b465ee728b)  -> (artifact id: 'b7488ad14813205f07c5c1536e1b8b62') in 0.024609 seconds 
Number of asset objects unloaded after import = 3
========================================================================
Received Import Request.
  Time since last request: 0.000016 seconds.
  path: Assets/JellyIcons/128x128/RedCircles/RedCircle.png
  artifactKey: Guid(6228fdf97dfbdd6489c10608ef63b36d) Importer(815301076,1909f56bfc062723c751e8b465ee728b)
Number of updated assets reloaded before import = 0
Start importing Assets/JellyIcons/128x128/RedCircles/RedCircle.png using Guid(6228fdf97dfbdd6489c10608ef63b36d) Importer(815301076,1909f56bfc062723c751e8b465ee728b)  -> (artifact id: '9c964af6d4254624061c2eda08e3bc8a') in 0.023665 seconds 
Number of asset objects unloaded after import = 3
========================================================================
Received Import Request.
  Time since last request: 0.000015 seconds.
  path: Assets/JellyIcons/128x128/BasicIcons/Joystick.png
  artifactKey: Guid(769d373353b44654dbc0fd6cf28d51c4) Importer(815301076,1909f56bfc062723c751e8b465ee728b)
Number of updated assets reloaded before import = 0
Start importing Assets/JellyIcons/128x128/BasicIcons/Joystick.png using Guid(769d373353b44654dbc0fd6cf28d51c4) Importer(815301076,1909f56bfc062723c751e8b465ee728b)  -> (artifact id: '4d5cc3947931d7a646dd611636c2c8c7') in 0.024007 seconds 
Number of asset objects unloaded after import = 3
========================================================================
Received Import Request.
  Time since last request: 0.000014 seconds.
  path: Assets/JellyIcons/128x128/UI/RedBox.png
  artifactKey: Guid(12aa1fd28f4cd5443bb8e62356f2e206) Importer(815301076,1909f56bfc062723c751e8b465ee728b)
Number of updated assets reloaded before import = 0
Start importing Assets/JellyIcons/128x128/UI/RedBox.png using Guid(12aa1fd28f4cd5443bb8e62356f2e206) Importer(815301076,1909f56bfc062723c751e8b465ee728b)  -> (artifact id: '2b710e9fd6b53867107d853134c55cf0') in 0.021077 seconds 
Number of asset objects unloaded after import = 3
========================================================================
Received Import Request.
  Time since last request: 0.000016 seconds.
  path: Assets/JellyIcons/256x256/Icons/BasicIcons/Music.png
  artifactKey: Guid(e433ea2b460d73b479880bd9f737ff85) Importer(815301076,1909f56bfc062723c751e8b465ee728b)
Number of updated assets reloaded before import = 0
Start importing Assets/JellyIcons/256x256/Icons/BasicIcons/Music.png using Guid(e433ea2b460d73b479880bd9f737ff85) Importer(815301076,1909f56bfc062723c751e8b465ee728b)  -> (artifact id: 'bb62c397ef73a5d0526ef5c6af19e3f1') in 0.032941 seconds 
Number of asset objects unloaded after import = 3
========================================================================
Received Import Request.
  Time since last request: 0.000023 seconds.
  path: Assets/JellyIcons/256x256/Icons/BasicIcons/Info.png
  artifactKey: Guid(41bbb0c15b638474a9d6d34e69bff34b) Importer(815301076,1909f56bfc062723c751e8b465ee728b)
Number of updated assets reloaded before import = 0
Start importing Assets/JellyIcons/256x256/Icons/BasicIcons/Info.png using Guid(41bbb0c15b638474a9d6d34e69bff34b) Importer(815301076,1909f56bfc062723c751e8b465ee728b)  -> (artifact id: '44bc228d70cc29073f297588c153dda0') in 0.023101 seconds 
Number of asset objects unloaded after import = 3
========================================================================
Received Import Request.
  Time since last request: 0.000025 seconds.
  path: Assets/JellyIcons/512x512/Icons/RedCircles/RedCircleArrowDown.png
  artifactKey: Guid(da9c2edd315bd214989a6cfc8211c211) Importer(815301076,1909f56bfc062723c751e8b465ee728b)
Number of updated assets reloaded before import = 0
Start importing Assets/JellyIcons/512x512/Icons/RedCircles/RedCircleArrowDown.png using Guid(da9c2edd315bd214989a6cfc8211c211) Importer(815301076,1909f56bfc062723c751e8b465ee728b)  -> (artifact id: 'd81395cd29ed41114843b7952701f101') in 0.039279 seconds 
Number of asset objects unloaded after import = 3
========================================================================
Received Import Request.
  Time since last request: 0.000017 seconds.
  path: Assets/JellyIcons/256x256/Icons/BasicIcons/Ladder.png
  artifactKey: Guid(531778e08345e0c469914acdbe5384f7) Importer(815301076,1909f56bfc062723c751e8b465ee728b)
Number of updated assets reloaded before import = 0
Start importing Assets/JellyIcons/256x256/Icons/BasicIcons/Ladder.png using Guid(531778e08345e0c469914acdbe5384f7) Importer(815301076,1909f56bfc062723c751e8b465ee728b)  -> (artifact id: '2b70f2c2425f1535dae6e1d062b21217') in 0.021400 seconds 
Number of asset objects unloaded after import = 3
========================================================================
Received Import Request.
  Time since last request: 0.000025 seconds.
  path: Assets/JellyIcons/128x128/BasicIcons/Pause.png
  artifactKey: Guid(b5c56a59ac96707438e0778668dbc4b9) Importer(815301076,1909f56bfc062723c751e8b465ee728b)
Number of updated assets reloaded before import = 0
Start importing Assets/JellyIcons/128x128/BasicIcons/Pause.png using Guid(b5c56a59ac96707438e0778668dbc4b9) Importer(815301076,1909f56bfc062723c751e8b465ee728b)  -> (artifact id: 'b5971c16bf48ac97bd73449ff6e10bc8') in 0.023256 seconds 
Number of asset objects unloaded after import = 3
========================================================================
Received Import Request.
  Time since last request: 0.000024 seconds.
  path: Assets/JellyIcons/128x128/BasicIcons/Minus.png
  artifactKey: Guid(8de0ef0618361e840ae4acbce79f89f4) Importer(815301076,1909f56bfc062723c751e8b465ee728b)
Number of updated assets reloaded before import = 0
Start importing Assets/JellyIcons/128x128/BasicIcons/Minus.png using Guid(8de0ef0618361e840ae4acbce79f89f4) Importer(815301076,1909f56bfc062723c751e8b465ee728b)  -> (artifact id: 'a1e9d79ae5770ad424286c3a760bb82a') in 0.021495 seconds 
Number of asset objects unloaded after import = 3
========================================================================
Received Import Request.
  Time since last request: 0.000015 seconds.
  path: Assets/JellyIcons/128x128/RedCircles/RedCircleArrowDown.png
  artifactKey: Guid(99aeea31b93a92f43abe0adf1e5d2591) Importer(815301076,1909f56bfc062723c751e8b465ee728b)
Number of updated assets reloaded before import = 0
Start importing Assets/JellyIcons/128x128/RedCircles/RedCircleArrowDown.png using Guid(99aeea31b93a92f43abe0adf1e5d2591) Importer(815301076,1909f56bfc062723c751e8b465ee728b)  -> (artifact id: '3e33c2f81be4bd9701f012eadc442109') in 0.023442 seconds 
Number of asset objects unloaded after import = 3
========================================================================
Received Import Request.
  Time since last request: 0.000016 seconds.
  path: Assets/JellyIcons/256x256/Icons/BasicIcons/Menu.png
  artifactKey: Guid(0f6406f4ad8da2f439fa7cd04b20a756) Importer(815301076,1909f56bfc062723c751e8b465ee728b)
Number of updated assets reloaded before import = 0
Start importing Assets/JellyIcons/256x256/Icons/BasicIcons/Menu.png using Guid(0f6406f4ad8da2f439fa7cd04b20a756) Importer(815301076,1909f56bfc062723c751e8b465ee728b)  -> (artifact id: '451bc8b0337a0ea81edfd91f8acc31b9') in 0.023628 seconds 
Number of asset objects unloaded after import = 3
========================================================================
Received Import Request.
  Time since last request: 0.000015 seconds.
  path: Assets/JellyIcons/128x128/BasicIcons/Quit.png
  artifactKey: Guid(3aba4f8eea3ea314a8d9bd4dc5955d0a) Importer(815301076,1909f56bfc062723c751e8b465ee728b)
Number of updated assets reloaded before import = 0
Start importing Assets/JellyIcons/128x128/BasicIcons/Quit.png using Guid(3aba4f8eea3ea314a8d9bd4dc5955d0a) Importer(815301076,1909f56bfc062723c751e8b465ee728b)  -> (artifact id: 'b735a8ccf0ae3a8247495adc005c15ad') in 0.021634 seconds 
Number of asset objects unloaded after import = 3
========================================================================
Received Import Request.
  Time since last request: 0.000017 seconds.
  path: Assets/JellyIcons/128x128/RedCircles/RedCircleArrowLeft.png
  artifactKey: Guid(17601d778fa843b47a95611eea996c0d) Importer(815301076,1909f56bfc062723c751e8b465ee728b)
Number of updated assets reloaded before import = 0
Start importing Assets/JellyIcons/128x128/RedCircles/RedCircleArrowLeft.png using Guid(17601d778fa843b47a95611eea996c0d) Importer(815301076,1909f56bfc062723c751e8b465ee728b)  -> (artifact id: 'e260478c0d993cd9d161c00756b8adb9') in 0.021150 seconds 
Number of asset objects unloaded after import = 3
========================================================================
Received Import Request.
  Time since last request: 0.000012 seconds.
  path: Assets/JellyIcons/256x256/Icons/RedCircles/RedCircle.png
  artifactKey: Guid(f36a85e563ce0964cb0c7c9df549c959) Importer(815301076,1909f56bfc062723c751e8b465ee728b)
Number of updated assets reloaded before import = 0
Start importing Assets/JellyIcons/256x256/Icons/RedCircles/RedCircle.png using Guid(f36a85e563ce0964cb0c7c9df549c959) Importer(815301076,1909f56bfc062723c751e8b465ee728b)  -> (artifact id: '83931405b35d44943cc4d1a67e785e9d') in 0.021611 seconds 
Number of asset objects unloaded after import = 3
========================================================================
Received Import Request.
  Time since last request: 0.000014 seconds.
  path: Assets/JellyIcons/512x512/Icons/RedCircles/RedCircleArrowRight.png
  artifactKey: Guid(c735cf233faf62241b8c596b0f318d49) Importer(815301076,1909f56bfc062723c751e8b465ee728b)
Number of updated assets reloaded before import = 0
Start importing Assets/JellyIcons/512x512/Icons/RedCircles/RedCircleArrowRight.png using Guid(c735cf233faf62241b8c596b0f318d49) Importer(815301076,1909f56bfc062723c751e8b465ee728b)  -> (artifact id: 'f35436da8da3e1409177744513bbf2cf') in 0.029730 seconds 
Number of asset objects unloaded after import = 3
========================================================================
Received Import Request.
  Time since last request: 0.000016 seconds.
  path: Assets/JellyIcons/256x256/Icons/BasicIcons/Lock.png
  artifactKey: Guid(3b6fe23dc4ea94f45ae902f6f1fe992b) Importer(815301076,1909f56bfc062723c751e8b465ee728b)
Number of updated assets reloaded before import = 0
Start importing Assets/JellyIcons/256x256/Icons/BasicIcons/Lock.png using Guid(3b6fe23dc4ea94f45ae902f6f1fe992b) Importer(815301076,1909f56bfc062723c751e8b465ee728b)  -> (artifact id: '07b271517c8b3dd9fa26f44b8f05ca0f') in 0.027657 seconds 
Number of asset objects unloaded after import = 3
========================================================================
Received Import Request.
  Time since last request: 0.000016 seconds.
  path: Assets/JellyIcons/128x128/BasicIcons/PlayRight.png
  artifactKey: Guid(aeb0b1bd49cfa224595c129997f8b8e3) Importer(815301076,1909f56bfc062723c751e8b465ee728b)
Number of updated assets reloaded before import = 0
Start importing Assets/JellyIcons/128x128/BasicIcons/PlayRight.png using Guid(aeb0b1bd49cfa224595c129997f8b8e3) Importer(815301076,1909f56bfc062723c751e8b465ee728b)  -> (artifact id: '241d92aaa052da503aabe45562b09793') in 0.025999 seconds 
Number of asset objects unloaded after import = 3
========================================================================
Received Import Request.
  Time since last request: 0.000024 seconds.
  path: Assets/JellyIcons/256x256/Icons/BasicIcons/Menu2.png
  artifactKey: Guid(21d628451eb4fb44fb54c7b3133a48a5) Importer(815301076,1909f56bfc062723c751e8b465ee728b)
Number of updated assets reloaded before import = 0
Start importing Assets/JellyIcons/256x256/Icons/BasicIcons/Menu2.png using Guid(21d628451eb4fb44fb54c7b3133a48a5) Importer(815301076,1909f56bfc062723c751e8b465ee728b)  -> (artifact id: 'ed4f6b337ce8f3b02ab1ba69e40eb998') in 0.025610 seconds 
Number of asset objects unloaded after import = 3
========================================================================
Received Import Request.
  Time since last request: 0.000018 seconds.
  path: Assets/JellyIcons/256x256/Icons/BasicIcons/MusicOff.png
  artifactKey: Guid(2247e32a7ad36904280d57f828ef5afd) Importer(815301076,1909f56bfc062723c751e8b465ee728b)
Number of updated assets reloaded before import = 0
Start importing Assets/JellyIcons/256x256/Icons/BasicIcons/MusicOff.png using Guid(2247e32a7ad36904280d57f828ef5afd) Importer(815301076,1909f56bfc062723c751e8b465ee728b)  -> (artifact id: 'add50d68f0177f1b25e95f74b4e41a73') in 0.030382 seconds 
Number of asset objects unloaded after import = 3
Editor requested this worker to shutdown with reason: Scaling down because of idle timeout
AssetImportWorker is now disconnected from the server
Process exiting
Exiting without the bug reporter. Application will terminate with return code 0