Using pre-set license
Built from '2021.3/staging' branch; Version is '2021.3.30f1 (b4360d7cdac4) revision 11810317'; Using compiler version '192829333'; Build Type 'Release'
OS: 'Windows 10  (10.0.19045) 64bit Core' Language: 'en' Physical Memory: 32683 MB
BatchMode: 1, IsHumanControllingUs: 0, StartBugReporterOnCrash: 0, Is64bit: 1, IsPro: 1

COMMAND LINE ARGUMENTS:
C:\Program Files\Unity\Hub\Editor\2021.3.30f1\Editor\Unity.exe
-adb2
-batchMode
-noUpm
-name
AssetImportWorker5
-projectPath
D:/Projects/Defense/TDefense
-logFile
Logs/AssetImportWorker5.log
-srvPort
50560
Successfully changed project path to: D:/Projects/Defense/TDefense
D:/Projects/Defense/TDefense
[UnityMemory] Configuration Parameters - Can be set up in boot.config
    "memorysetup-bucket-allocator-granularity=16"
    "memorysetup-bucket-allocator-bucket-count=8"
    "memorysetup-bucket-allocator-block-size=33554432"
    "memorysetup-bucket-allocator-block-count=8"
    "memorysetup-main-allocator-block-size=16777216"
    "memorysetup-thread-allocator-block-size=16777216"
    "memorysetup-gfx-main-allocator-block-size=16777216"
    "memorysetup-gfx-thread-allocator-block-size=16777216"
    "memorysetup-cache-allocator-block-size=4194304"
    "memorysetup-typetree-allocator-block-size=2097152"
    "memorysetup-profiler-bucket-allocator-granularity=16"
    "memorysetup-profiler-bucket-allocator-bucket-count=8"
    "memorysetup-profiler-bucket-allocator-block-size=33554432"
    "memorysetup-profiler-bucket-allocator-block-count=8"
    "memorysetup-profiler-allocator-block-size=16777216"
    "memorysetup-profiler-editor-allocator-block-size=1048576"
    "memorysetup-temp-allocator-size-main=16777216"
    "memorysetup-job-temp-allocator-block-size=2097152"
    "memorysetup-job-temp-allocator-block-size-background=1048576"
    "memorysetup-job-temp-allocator-reduction-small-platforms=262144"
    "memorysetup-temp-allocator-size-background-worker=32768"
    "memorysetup-temp-allocator-size-job-worker=262144"
    "memorysetup-temp-allocator-size-preload-manager=33554432"
    "memorysetup-temp-allocator-size-nav-mesh-worker=65536"
    "memorysetup-temp-allocator-size-audio-worker=65536"
    "memorysetup-temp-allocator-size-cloud-worker=32768"
    "memorysetup-temp-allocator-size-gi-baking-worker=262144"
    "memorysetup-temp-allocator-size-gfx=262144"
Player connection [103532] Host "[IP] 192.168.1.38 [Port] 0 [Flags] 2 [Guid] 1469770239 [EditorId] 1469770239 [Version] 1048832 [Id] WindowsEditor(7,DESKTOP-VK2T73L) [Debug] 1 [PackageName] WindowsEditor [ProjectName] Editor" joined multi-casting on [225.0.0.222:54997]...

Player connection [103532] Host "[IP] 192.168.1.38 [Port] 0 [Flags] 2 [Guid] 1469770239 [EditorId] 1469770239 [Version] 1048832 [Id] WindowsEditor(7,DESKTOP-VK2T73L) [Debug] 1 [PackageName] WindowsEditor [ProjectName] Editor" joined alternative multi-casting on [225.0.0.222:34997]...

[Physics::Module] Initialized MultithreadedJobDispatcher with {0} workers.
Refreshing native plugins compatible for Editor in 117.53 ms, found 4 plugins.
Preloading 0 native plugins for Editor in 0.00 ms.
Initialize engine version: 2021.3.30f1 (b4360d7cdac4)
[Subsystems] Discovering subsystems at path C:/Program Files/Unity/Hub/Editor/2021.3.30f1/Editor/Data/Resources/UnitySubsystems
[Subsystems] Discovering subsystems at path D:/Projects/Defense/TDefense/Assets
GfxDevice: creating device client; threaded=0; jobified=0
Direct3D:
    Version:  Direct3D 11.0 [level 11.1]
    Renderer: NVIDIA GeForce RTX 3080 (ID=0x2206)
    Vendor:   NVIDIA
    VRAM:     10067 MB
    Driver:   31.0.15.3713
Initialize mono
Mono path[0] = 'C:/Program Files/Unity/Hub/Editor/2021.3.30f1/Editor/Data/Managed'
Mono path[1] = 'C:/Program Files/Unity/Hub/Editor/2021.3.30f1/Editor/Data/MonoBleedingEdge/lib/mono/unityjit-win32'
Mono config path = 'C:/Program Files/Unity/Hub/Editor/2021.3.30f1/Editor/Data/MonoBleedingEdge/etc'
Using monoOptions --debugger-agent=transport=dt_socket,embedding=1,server=y,suspend=n,address=127.0.0.1:56132
Begin MonoManager ReloadAssembly
Registering precompiled unity dll's ...
Register platform support module: C:/Program Files/Unity/Hub/Editor/2021.3.30f1/Editor/Data/PlaybackEngines/AndroidPlayer/UnityEditor.Android.Extensions.dll
Register platform support module: C:/Program Files/Unity/Hub/Editor/2021.3.30f1/Editor/Data/PlaybackEngines/WindowsStandaloneSupport/UnityEditor.WindowsStandalone.Extensions.dll
Registered in 0.010056 seconds.
Native extension for WindowsStandalone target not found
Native extension for Android target not found
Android Extension - Scanning For ADB Devices 274 ms
Refreshing native plugins compatible for Editor in 121.00 ms, found 4 plugins.
Preloading 0 native plugins for Editor in 0.00 ms.
Mono: successfully reloaded assembly
- Completed reload, in  1.289 seconds
Domain Reload Profiling:
	ReloadAssembly (1289ms)
		BeginReloadAssembly (106ms)
			ExecutionOrderSort (0ms)
			DisableScriptedObjects (0ms)
			BackupInstance (0ms)
			ReleaseScriptingObjects (0ms)
			CreateAndSetChildDomain (1ms)
		EndReloadAssembly (948ms)
			LoadAssemblies (103ms)
			RebuildTransferFunctionScriptingTraits (0ms)
			SetupTypeCache (262ms)
			ReleaseScriptCaches (0ms)
			RebuildScriptCaches (26ms)
			SetupLoadedEditorAssemblies (619ms)
				LogAssemblyErrors (0ms)
				InitializePlatformSupportModulesInManaged (376ms)
				SetLoadedEditorAssemblies (0ms)
				RefreshPlugins (121ms)
				BeforeProcessingInitializeOnLoad (1ms)
				ProcessInitializeOnLoadAttributes (75ms)
				ProcessInitializeOnLoadMethodAttributes (45ms)
				AfterProcessingInitializeOnLoad (0ms)
				EditorAssembliesLoaded (0ms)
			ExecutionOrderSort2 (0ms)
			AwakeInstancesAfterBackupRestoration (0ms)
Platform modules already initialized, skipping
Registering precompiled user dll's ...
Registered in 0.005736 seconds.
Begin MonoManager ReloadAssembly
Native extension for WindowsStandalone target not found
Native extension for Android target not found
Refreshing native plugins compatible for Editor in 112.69 ms, found 4 plugins.
Preloading 0 native plugins for Editor in 0.00 ms.
Package Manager log level set to [2]
[Package Manager] Server::EnsureServerProcessIsRunning -- launch failed, reason: Unity was launched with the -noUpm command-line argument
[Package Manager] Cannot connect to Unity Package Manager local server
Mono: successfully reloaded assembly
- Completed reload, in  1.625 seconds
Domain Reload Profiling:
	ReloadAssembly (1625ms)
		BeginReloadAssembly (121ms)
			ExecutionOrderSort (0ms)
			DisableScriptedObjects (5ms)
			BackupInstance (0ms)
			ReleaseScriptingObjects (0ms)
			CreateAndSetChildDomain (17ms)
		EndReloadAssembly (1405ms)
			LoadAssemblies (104ms)
			RebuildTransferFunctionScriptingTraits (0ms)
			SetupTypeCache (261ms)
			ReleaseScriptCaches (1ms)
			RebuildScriptCaches (55ms)
			SetupLoadedEditorAssemblies (946ms)
				LogAssemblyErrors (0ms)
				InitializePlatformSupportModulesInManaged (19ms)
				SetLoadedEditorAssemblies (0ms)
				RefreshPlugins (113ms)
				BeforeProcessingInitializeOnLoad (114ms)
				ProcessInitializeOnLoadAttributes (649ms)
				ProcessInitializeOnLoadMethodAttributes (43ms)
				AfterProcessingInitializeOnLoad (9ms)
				EditorAssembliesLoaded (0ms)
			ExecutionOrderSort2 (0ms)
			AwakeInstancesAfterBackupRestoration (5ms)
Platform modules already initialized, skipping
========================================================================
Worker process is ready to serve import requests
Launched and connected shader compiler UnityShaderCompiler.exe after 0.06 seconds
Refreshing native plugins compatible for Editor in 0.97 ms, found 4 plugins.
Preloading 0 native plugins for Editor in 0.00 ms.
Unloading 4245 Unused Serialized files (Serialized files now loaded: 0)
Unloading 83 unused Assets / (47.4 KB). Loaded Objects now: 4668.
Memory consumption went from 164.3 MB to 164.3 MB.
Total: 3.362000 ms (FindLiveObjects: 0.322300 ms CreateObjectMapping: 0.312700 ms MarkObjects: 2.652500 ms  DeleteObjects: 0.073700 ms)

AssetImportParameters requested are different than current active one (requested -> active):
  custom:video-decoder-ogg-theora: a1e56fd34408186e4bbccfd4996cb3dc -> 
  custom:container-muxer-webm: aa71ff27fc2769a1b78a27578f13a17b -> 
  custom:container-demuxer-webm: 4f35f7cbe854078d1ac9338744f61a02 -> 
  custom:video-encoder-webm-vp8: eb34c28f22e8b96e1ab97ce403110664 -> 
  custom:CustomObjectIndexerAttribute: bc11b3a6c3213fcdd17b65e7da85e133 -> 
  custom:audio-encoder-webm-vorbis: bf7c407c2cedff20999df2af8eb42d56 -> 
  custom:framework-win-MediaFoundation: 216162199b28c13a410421893ffa2e32 -> 
  custom:SearchIndexIgnoredProperties: e643bd26f0fe6173181afceb89e7c659 -> 
  custom:container-demuxer-ogg: 62fdf1f143b41e24485cea50d1cbac27 -> 
  custom:video-decoder-webm-vp8: 9c59270c3fd7afecdb556c50c9e8de78 -> 
  custom:audio-decoder-ogg-vorbis: bf7c407c2cedff20999df2af8eb42d56 -> 
========================================================================
Received Import Request.
  Time since last request: 132410.057831 seconds.
  path: Assets/The Legend of Slim/04 Desret and Ice/Mummy/01.png
  artifactKey: Guid(5b091dfa2bab8bb4cb8b7b867d7b95b5) Importer(815301076,1909f56bfc062723c751e8b465ee728b)
Number of updated assets reloaded before import = 0
Start importing Assets/The Legend of Slim/04 Desret and Ice/Mummy/01.png using Guid(5b091dfa2bab8bb4cb8b7b867d7b95b5) Importer(815301076,1909f56bfc062723c751e8b465ee728b)  -> (artifact id: '9205756e53f7e03e21cda954c5905ba7') in 0.233042 seconds 
Number of asset objects unloaded after import = 3
========================================================================
Received Import Request.
  Time since last request: 0.000022 seconds.
  path: Assets/The Legend of Slim/05 The Ocean/Water/02.png
  artifactKey: Guid(d871531f53cd885478dc179046beec83) Importer(815301076,1909f56bfc062723c751e8b465ee728b)
Number of updated assets reloaded before import = 0
Start importing Assets/The Legend of Slim/05 The Ocean/Water/02.png using Guid(d871531f53cd885478dc179046beec83) Importer(815301076,1909f56bfc062723c751e8b465ee728b)  -> (artifact id: 'b6432c601fad6a083e1661a15a8a978e') in 0.071644 seconds 
Number of asset objects unloaded after import = 3
========================================================================
Received Import Request.
  Time since last request: 0.000038 seconds.
  path: Assets/The Legend of Slim/01 Original/Blue/02.png
  artifactKey: Guid(7f80190987e0f284ea3fd8fe384c42c4) Importer(815301076,1909f56bfc062723c751e8b465ee728b)
Number of updated assets reloaded before import = 0
Start importing Assets/The Legend of Slim/01 Original/Blue/02.png using Guid(7f80190987e0f284ea3fd8fe384c42c4) Importer(815301076,1909f56bfc062723c751e8b465ee728b)  -> (artifact id: '53d03dc1e15f7b500f7cb936d4b36743') in 0.078354 seconds 
Number of asset objects unloaded after import = 3
========================================================================
Received Import Request.
  Time since last request: 0.000012 seconds.
  path: Assets/The Legend of Slim/09 The Special/Bow/01.png
  artifactKey: Guid(c4d1c19cb0350f743affdc062faa27b5) Importer(815301076,1909f56bfc062723c751e8b465ee728b)
Number of updated assets reloaded before import = 0
Start importing Assets/The Legend of Slim/09 The Special/Bow/01.png using Guid(c4d1c19cb0350f743affdc062faa27b5) Importer(815301076,1909f56bfc062723c751e8b465ee728b)  -> (artifact id: '5d465a6f0cbd8e5fbaa3e4f1e1b31c49') in 0.067642 seconds 
Number of asset objects unloaded after import = 3
========================================================================
Received Import Request.
  Time since last request: 0.000015 seconds.
  path: Assets/The Legend of Slim/09 The Special/Key/01.png
  artifactKey: Guid(594528a1cc32c3147800e781a7f28483) Importer(815301076,1909f56bfc062723c751e8b465ee728b)
Number of updated assets reloaded before import = 0
Start importing Assets/The Legend of Slim/09 The Special/Key/01.png using Guid(594528a1cc32c3147800e781a7f28483) Importer(815301076,1909f56bfc062723c751e8b465ee728b)  -> (artifact id: 'efc170c205bc6cf8adabe69b58cfb096') in 0.066837 seconds 
Number of asset objects unloaded after import = 3
========================================================================
Received Import Request.
  Time since last request: 0.000016 seconds.
  path: Assets/The Legend of Slim/02 The Forest/Vine/01.png
  artifactKey: Guid(0e00cd01aeebb3a46980ecba6074d2bb) Importer(815301076,1909f56bfc062723c751e8b465ee728b)
Number of updated assets reloaded before import = 0
Start importing Assets/The Legend of Slim/02 The Forest/Vine/01.png using Guid(0e00cd01aeebb3a46980ecba6074d2bb) Importer(815301076,1909f56bfc062723c751e8b465ee728b)  -> (artifact id: '4baf4e32fb2c6eadaef6246b829dea84') in 0.063132 seconds 
Number of asset objects unloaded after import = 3
========================================================================
Received Import Request.
  Time since last request: 0.000017 seconds.
  path: Assets/The Legend of Slim/10 Elitist Monster/Mud King/01.png
  artifactKey: Guid(99771e5652adc2c46a718ca3ce3204f2) Importer(815301076,1909f56bfc062723c751e8b465ee728b)
Number of updated assets reloaded before import = 0
Start importing Assets/The Legend of Slim/10 Elitist Monster/Mud King/01.png using Guid(99771e5652adc2c46a718ca3ce3204f2) Importer(815301076,1909f56bfc062723c751e8b465ee728b)  -> (artifact id: 'b5089a37cefc7c6ec71f975d53823204') in 0.069073 seconds 
Number of asset objects unloaded after import = 3
========================================================================
Received Import Request.
  Time since last request: 0.000019 seconds.
  path: Assets/The Legend of Slim/08 NPC/Alchemist/01.png
  artifactKey: Guid(f87a1dbbdb4b66d4ca4e2273f6ed9547) Importer(815301076,1909f56bfc062723c751e8b465ee728b)
Number of updated assets reloaded before import = 0
Start importing Assets/The Legend of Slim/08 NPC/Alchemist/01.png using Guid(f87a1dbbdb4b66d4ca4e2273f6ed9547) Importer(815301076,1909f56bfc062723c751e8b465ee728b)  -> (artifact id: '98fd96b9fbf8db6d6d2e33268c1ca722') in 0.064397 seconds 
Number of asset objects unloaded after import = 3
========================================================================
Received Import Request.
  Time since last request: 0.000016 seconds.
  path: Assets/The Legend of Slim/08 NPC/Cook/01.png
  artifactKey: Guid(4c1bcba664adb224a9c869fdf5c7b5cc) Importer(815301076,1909f56bfc062723c751e8b465ee728b)
Number of updated assets reloaded before import = 0
Start importing Assets/The Legend of Slim/08 NPC/Cook/01.png using Guid(4c1bcba664adb224a9c869fdf5c7b5cc) Importer(815301076,1909f56bfc062723c751e8b465ee728b)  -> (artifact id: '63b44391f280d41f34c87861e9a5f5ba') in 0.064902 seconds 
Number of asset objects unloaded after import = 3
========================================================================
Received Import Request.
  Time since last request: 0.000020 seconds.
  path: Assets/The Legend of Slim/10 Elitist Monster/Little Slim/02.png
  artifactKey: Guid(1b6fbdf2ff0f56e4785f28c735377285) Importer(815301076,1909f56bfc062723c751e8b465ee728b)
Number of updated assets reloaded before import = 0
Start importing Assets/The Legend of Slim/10 Elitist Monster/Little Slim/02.png using Guid(1b6fbdf2ff0f56e4785f28c735377285) Importer(815301076,1909f56bfc062723c751e8b465ee728b)  -> (artifact id: '6d8413739e19adac698a0173832d0afd') in 0.063173 seconds 
Number of asset objects unloaded after import = 3
========================================================================
Received Import Request.
  Time since last request: 0.000021 seconds.
  path: Assets/The Legend of Slim/08 NPC/Angel/02.png
  artifactKey: Guid(c876dfbb36ebd724b93697e7998ced0a) Importer(815301076,1909f56bfc062723c751e8b465ee728b)
Number of updated assets reloaded before import = 0
Start importing Assets/The Legend of Slim/08 NPC/Angel/02.png using Guid(c876dfbb36ebd724b93697e7998ced0a) Importer(815301076,1909f56bfc062723c751e8b465ee728b)  -> (artifact id: 'd950896e7658e7bf6f0d7665c10e8b56') in 0.065453 seconds 
Number of asset objects unloaded after import = 3
========================================================================
Received Import Request.
  Time since last request: 0.000017 seconds.
  path: Assets/The Legend of Slim/03 The Cave/Skeleton/02.png
  artifactKey: Guid(f22839b5e4ad93346b328b6342220e22) Importer(815301076,1909f56bfc062723c751e8b465ee728b)
Number of updated assets reloaded before import = 0
Start importing Assets/The Legend of Slim/03 The Cave/Skeleton/02.png using Guid(f22839b5e4ad93346b328b6342220e22) Importer(815301076,1909f56bfc062723c751e8b465ee728b)  -> (artifact id: 'ca25b59b607e9e9b39fa00d12a804429') in 0.066798 seconds 
Number of asset objects unloaded after import = 3
========================================================================
Received Import Request.
  Time since last request: 0.000031 seconds.
  path: Assets/The Legend of Slim/05 The Ocean/Lanternfish/01.png
  artifactKey: Guid(a527ad10d22088a45801657567c7031d) Importer(815301076,1909f56bfc062723c751e8b465ee728b)
Number of updated assets reloaded before import = 0
Start importing Assets/The Legend of Slim/05 The Ocean/Lanternfish/01.png using Guid(a527ad10d22088a45801657567c7031d) Importer(815301076,1909f56bfc062723c751e8b465ee728b)  -> (artifact id: '4d276dc05e2e16538b4fb712665326aa') in 0.063142 seconds 
Number of asset objects unloaded after import = 3
========================================================================
Received Import Request.
  Time since last request: 0.000032 seconds.
  path: Assets/The Legend of Slim/01 Original/Red/01.png
  artifactKey: Guid(9891b7cecef70924890814f079a4b8fc) Importer(815301076,1909f56bfc062723c751e8b465ee728b)
Number of updated assets reloaded before import = 0
Start importing Assets/The Legend of Slim/01 Original/Red/01.png using Guid(9891b7cecef70924890814f079a4b8fc) Importer(815301076,1909f56bfc062723c751e8b465ee728b)  -> (artifact id: '958bbd66d2b588f757c9f1df3b10f944') in 0.061446 seconds 
Number of asset objects unloaded after import = 3
========================================================================
Received Import Request.
  Time since last request: 0.000019 seconds.
  path: Assets/The Legend of Slim/06 Element/Light/02.png
  artifactKey: Guid(60780ac5029c39c4b97476b2694a129e) Importer(815301076,1909f56bfc062723c751e8b465ee728b)
Number of updated assets reloaded before import = 0
Start importing Assets/The Legend of Slim/06 Element/Light/02.png using Guid(60780ac5029c39c4b97476b2694a129e) Importer(815301076,1909f56bfc062723c751e8b465ee728b)  -> (artifact id: '87e6594b45c59c37851401463ff61718') in 0.064756 seconds 
Number of asset objects unloaded after import = 3
========================================================================
Received Import Request.
  Time since last request: 0.000022 seconds.
  path: Assets/The Legend of Slim/06 Element/Magic/01.png
  artifactKey: Guid(7e84ad18ee0ba6f408407c60460e5e4d) Importer(815301076,1909f56bfc062723c751e8b465ee728b)
Number of updated assets reloaded before import = 0
Start importing Assets/The Legend of Slim/06 Element/Magic/01.png using Guid(7e84ad18ee0ba6f408407c60460e5e4d) Importer(815301076,1909f56bfc062723c751e8b465ee728b)  -> (artifact id: '94b511b9263a5dff00e9b69d013d791b') in 0.065620 seconds 
Number of asset objects unloaded after import = 3
========================================================================
Received Import Request.
  Time since last request: 4.949199 seconds.
  path: Assets/The Legend of Slim/01 Original/Green/03.png
  artifactKey: Guid(fb620fe0f9f46e54ab6a9717eff2c16a) Importer(815301076,1909f56bfc062723c751e8b465ee728b)
Number of updated assets reloaded before import = 0
Start importing Assets/The Legend of Slim/01 Original/Green/03.png using Guid(fb620fe0f9f46e54ab6a9717eff2c16a) Importer(815301076,1909f56bfc062723c751e8b465ee728b)  -> (artifact id: 'eeadb1dbd3bb3193d4cf187a725bbe8c') in 0.054952 seconds 
Number of asset objects unloaded after import = 3
========================================================================
Received Import Request.
  Time since last request: 0.000019 seconds.
  path: Assets/The Legend of Slim/05 The Ocean/Crab/03.png
  artifactKey: Guid(348c0074a04867843b52b61797e5b6dd) Importer(815301076,1909f56bfc062723c751e8b465ee728b)
Number of updated assets reloaded before import = 0
Start importing Assets/The Legend of Slim/05 The Ocean/Crab/03.png using Guid(348c0074a04867843b52b61797e5b6dd) Importer(815301076,1909f56bfc062723c751e8b465ee728b)  -> (artifact id: 'b2b40dffcf92493d0d506a2742d483e4') in 0.079999 seconds 
Number of asset objects unloaded after import = 3
========================================================================
Received Import Request.
  Time since last request: 0.000022 seconds.
  path: Assets/The Legend of Slim/06 Element/Magic/03.png
  artifactKey: Guid(e17a897db2c942b489eb741d7b19fd59) Importer(815301076,1909f56bfc062723c751e8b465ee728b)
Number of updated assets reloaded before import = 0
Start importing Assets/The Legend of Slim/06 Element/Magic/03.png using Guid(e17a897db2c942b489eb741d7b19fd59) Importer(815301076,1909f56bfc062723c751e8b465ee728b)  -> (artifact id: '6fff9f6e40c371dbc495ac3cfa7ee8da') in 0.071234 seconds 
Number of asset objects unloaded after import = 3
========================================================================
Received Import Request.
  Time since last request: 0.000015 seconds.
  path: Assets/The Legend of Slim/01 Original/Black/03.png
  artifactKey: Guid(7e5c782db1b3af74ca27777696670b22) Importer(815301076,1909f56bfc062723c751e8b465ee728b)
Number of updated assets reloaded before import = 0
Start importing Assets/The Legend of Slim/01 Original/Black/03.png using Guid(7e5c782db1b3af74ca27777696670b22) Importer(815301076,1909f56bfc062723c751e8b465ee728b)  -> (artifact id: '8104f2a02611f063b7275b826282ce70') in 0.066627 seconds 
Number of asset objects unloaded after import = 3
========================================================================
Received Import Request.
  Time since last request: 0.000019 seconds.
  path: Assets/The Legend of Slim/06 Element/Darkness/03.png
  artifactKey: Guid(5471907536ce0b54fb0e3f12ed62bcde) Importer(815301076,1909f56bfc062723c751e8b465ee728b)
Number of updated assets reloaded before import = 0
Start importing Assets/The Legend of Slim/06 Element/Darkness/03.png using Guid(5471907536ce0b54fb0e3f12ed62bcde) Importer(815301076,1909f56bfc062723c751e8b465ee728b)  -> (artifact id: 'cf29eab6a5feb94ee504988993069848') in 0.072728 seconds 
Number of asset objects unloaded after import = 3
========================================================================
Received Import Request.
  Time since last request: 0.000024 seconds.
  path: Assets/The Legend of Slim/02 The Forest/Mushroom/03.png
  artifactKey: Guid(fc8ad4c073a1ba44cb3b19d1e2a986e8) Importer(815301076,1909f56bfc062723c751e8b465ee728b)
Number of updated assets reloaded before import = 0
Start importing Assets/The Legend of Slim/02 The Forest/Mushroom/03.png using Guid(fc8ad4c073a1ba44cb3b19d1e2a986e8) Importer(815301076,1909f56bfc062723c751e8b465ee728b)  -> (artifact id: 'b44ba5416591b580994e8c6cfbcaced5') in 0.073148 seconds 
Number of asset objects unloaded after import = 3
========================================================================
Received Import Request.
  Time since last request: 0.000016 seconds.
  path: Assets/The Legend of Slim/08 NPC/Nurse/03.png
  artifactKey: Guid(183623e6f1dfe354c9d63f96f14e6353) Importer(815301076,1909f56bfc062723c751e8b465ee728b)
Number of updated assets reloaded before import = 0
Start importing Assets/The Legend of Slim/08 NPC/Nurse/03.png using Guid(183623e6f1dfe354c9d63f96f14e6353) Importer(815301076,1909f56bfc062723c751e8b465ee728b)  -> (artifact id: '5d3595c19bd62e7b7cb3c9627220e567') in 0.068173 seconds 
Number of asset objects unloaded after import = 3
========================================================================
Received Import Request.
  Time since last request: 0.000016 seconds.
  path: Assets/The Legend of Slim/08 NPC/Merchant/04.png
  artifactKey: Guid(10d4dea2147aa814a81b82e19c7b5709) Importer(815301076,1909f56bfc062723c751e8b465ee728b)
Number of updated assets reloaded before import = 0
Start importing Assets/The Legend of Slim/08 NPC/Merchant/04.png using Guid(10d4dea2147aa814a81b82e19c7b5709) Importer(815301076,1909f56bfc062723c751e8b465ee728b)  -> (artifact id: '3bdb06e67ac510a342d32f6e4556aeac') in 0.065089 seconds 
Number of asset objects unloaded after import = 3
========================================================================
Received Import Request.
  Time since last request: 0.000028 seconds.
  path: Assets/The Legend of Slim/03 The Cave/Stone/04.png
  artifactKey: Guid(0a170222d9713594f9a783ed9d46768f) Importer(815301076,1909f56bfc062723c751e8b465ee728b)
Number of updated assets reloaded before import = 0
Start importing Assets/The Legend of Slim/03 The Cave/Stone/04.png using Guid(0a170222d9713594f9a783ed9d46768f) Importer(815301076,1909f56bfc062723c751e8b465ee728b)  -> (artifact id: 'c352b5bdd57691f7849592540a07d140') in 0.071323 seconds 
Number of asset objects unloaded after import = 3
========================================================================
Received Import Request.
  Time since last request: 0.000013 seconds.
  path: Assets/The Legend of Slim/02 The Forest/Mushroom/04.png
  artifactKey: Guid(470a1c80f4e526247845cfe7c15d9a8b) Importer(815301076,1909f56bfc062723c751e8b465ee728b)
Number of updated assets reloaded before import = 0
Start importing Assets/The Legend of Slim/02 The Forest/Mushroom/04.png using Guid(470a1c80f4e526247845cfe7c15d9a8b) Importer(815301076,1909f56bfc062723c751e8b465ee728b)  -> (artifact id: '74998a82e9e33a3f707c957c60b6845a') in 0.057689 seconds 
Number of asset objects unloaded after import = 3
========================================================================
Received Import Request.
  Time since last request: 0.000017 seconds.
  path: Assets/The Legend of Slim/07 RPG/King/03.png
  artifactKey: Guid(fda1d2939289ceb4894bfbfab4727a44) Importer(815301076,1909f56bfc062723c751e8b465ee728b)
Number of updated assets reloaded before import = 0
Start importing Assets/The Legend of Slim/07 RPG/King/03.png using Guid(fda1d2939289ceb4894bfbfab4727a44) Importer(815301076,1909f56bfc062723c751e8b465ee728b)  -> (artifact id: '4e7cef723b84714fb16b807caae651c1') in 0.068386 seconds 
Number of asset objects unloaded after import = 3
========================================================================
Received Import Request.
  Time since last request: 0.000019 seconds.
  path: Assets/The Legend of Slim/03 The Cave/Gold/04.png
  artifactKey: Guid(4c5b2a16ddfc9fe41a6673c368a5e78e) Importer(815301076,1909f56bfc062723c751e8b465ee728b)
Number of updated assets reloaded before import = 0
Start importing Assets/The Legend of Slim/03 The Cave/Gold/04.png using Guid(4c5b2a16ddfc9fe41a6673c368a5e78e) Importer(815301076,1909f56bfc062723c751e8b465ee728b)  -> (artifact id: '666192a6c973fcbb6ad6f7ab69d46adf') in 0.088029 seconds 
Number of asset objects unloaded after import = 3
========================================================================
Received Import Request.
  Time since last request: 0.000030 seconds.
  path: Assets/The Legend of Slim/10 Elitist Monster/Ice King/04.png
  artifactKey: Guid(d3a2670a1c2c2934fab17ff4e5a61bcd) Importer(815301076,1909f56bfc062723c751e8b465ee728b)
Number of updated assets reloaded before import = 0
Start importing Assets/The Legend of Slim/10 Elitist Monster/Ice King/04.png using Guid(d3a2670a1c2c2934fab17ff4e5a61bcd) Importer(815301076,1909f56bfc062723c751e8b465ee728b)  -> (artifact id: 'e17ba30b4e5d3c7842851806d5db85a2') in 0.077009 seconds 
Number of asset objects unloaded after import = 3
========================================================================
Received Import Request.
  Time since last request: 0.000030 seconds.
  path: Assets/The Legend of Slim/05 The Ocean/Crab/04.png
  artifactKey: Guid(71b11233f346449458edee1a4568d32f) Importer(815301076,1909f56bfc062723c751e8b465ee728b)
Number of updated assets reloaded before import = 0
Start importing Assets/The Legend of Slim/05 The Ocean/Crab/04.png using Guid(71b11233f346449458edee1a4568d32f) Importer(815301076,1909f56bfc062723c751e8b465ee728b)  -> (artifact id: 'a88d9442f928a966d1de7a02bda8af57') in 0.062352 seconds 
Number of asset objects unloaded after import = 3
========================================================================
Received Import Request.
  Time since last request: 0.000013 seconds.
  path: Assets/The Legend of Slim/09 The Special/Bottle/04.png
  artifactKey: Guid(6f1aca9d335be9e428c55b5594739fd8) Importer(815301076,1909f56bfc062723c751e8b465ee728b)
Number of updated assets reloaded before import = 0
Start importing Assets/The Legend of Slim/09 The Special/Bottle/04.png using Guid(6f1aca9d335be9e428c55b5594739fd8) Importer(815301076,1909f56bfc062723c751e8b465ee728b)  -> (artifact id: 'a26d02d228ae9931653e8f07de514f6d') in 0.064607 seconds 
Number of asset objects unloaded after import = 3
========================================================================
Received Import Request.
  Time since last request: 0.000020 seconds.
  path: Assets/The Legend of Slim/10 Elitist Monster/Assassin/04.png
  artifactKey: Guid(4d5bcb8e1ba87034fb4708f28484efff) Importer(815301076,1909f56bfc062723c751e8b465ee728b)
Number of updated assets reloaded before import = 0
Start importing Assets/The Legend of Slim/10 Elitist Monster/Assassin/04.png using Guid(4d5bcb8e1ba87034fb4708f28484efff) Importer(815301076,1909f56bfc062723c751e8b465ee728b)  -> (artifact id: 'eaf4e1a7b5485e9c3340445406284875') in 0.073738 seconds 
Number of asset objects unloaded after import = 3
========================================================================
Received Import Request.
  Time since last request: 0.001282 seconds.
  path: Assets/The Legend of Slim/03 The Cave/Gold/03.png
  artifactKey: Guid(9ed1abaec35ad2c45b7742017f7697e0) Importer(815301076,1909f56bfc062723c751e8b465ee728b)
Number of updated assets reloaded before import = 0
Start importing Assets/The Legend of Slim/03 The Cave/Gold/03.png using Guid(9ed1abaec35ad2c45b7742017f7697e0) Importer(815301076,1909f56bfc062723c751e8b465ee728b)  -> (artifact id: 'd7e8465ad83ea6682e0a41cb0b50dc5b') in 0.064842 seconds 
Number of asset objects unloaded after import = 3
========================================================================
Received Import Request.
  Time since last request: 0.000016 seconds.
  path: Assets/The Legend of Slim/09 The Special/Bottle/03.png
  artifactKey: Guid(005ecf7fdf1965e4c803dc3fd39121e1) Importer(815301076,1909f56bfc062723c751e8b465ee728b)
Number of updated assets reloaded before import = 0
Start importing Assets/The Legend of Slim/09 The Special/Bottle/03.png using Guid(005ecf7fdf1965e4c803dc3fd39121e1) Importer(815301076,1909f56bfc062723c751e8b465ee728b)  -> (artifact id: '639d4e4cdf746b507826a102e83467b8') in 0.068649 seconds 
Number of asset objects unloaded after import = 3
========================================================================
Received Import Request.
  Time since last request: 0.000043 seconds.
  path: Assets/The Legend of Slim/03 The Cave/Diamond/04.png
  artifactKey: Guid(cfdd6164499f0c644b4ab1de95b392d6) Importer(815301076,1909f56bfc062723c751e8b465ee728b)
Number of updated assets reloaded before import = 0
Start importing Assets/The Legend of Slim/03 The Cave/Diamond/04.png using Guid(cfdd6164499f0c644b4ab1de95b392d6) Importer(815301076,1909f56bfc062723c751e8b465ee728b)  -> (artifact id: 'aaf109944a0660cf3417cc9ed144d5eb') in 0.064633 seconds 
Number of asset objects unloaded after import = 3
========================================================================
Received Import Request.
  Time since last request: 0.000022 seconds.
  path: Assets/The Legend of Slim/09 The Special/Bow/03.png
  artifactKey: Guid(5ad11999684ea344ba1232f4bc7b8f06) Importer(815301076,1909f56bfc062723c751e8b465ee728b)
Number of updated assets reloaded before import = 0
Start importing Assets/The Legend of Slim/09 The Special/Bow/03.png using Guid(5ad11999684ea344ba1232f4bc7b8f06) Importer(815301076,1909f56bfc062723c751e8b465ee728b)  -> (artifact id: '85853f5efc7af68f841d302a36782657') in 0.060342 seconds 
Number of asset objects unloaded after import = 3
========================================================================
Received Import Request.
  Time since last request: 0.000013 seconds.
  path: Assets/The Legend of Slim/09 The Special/Key/03.png
  artifactKey: Guid(5f83fc3a448f5374e83772ef5249f4c1) Importer(815301076,1909f56bfc062723c751e8b465ee728b)
Number of updated assets reloaded before import = 0
Start importing Assets/The Legend of Slim/09 The Special/Key/03.png using Guid(5f83fc3a448f5374e83772ef5249f4c1) Importer(815301076,1909f56bfc062723c751e8b465ee728b)  -> (artifact id: '79de7a419615f0419616f71610162a45') in 0.077550 seconds 
Number of asset objects unloaded after import = 3
========================================================================
Received Import Request.
  Time since last request: 0.000024 seconds.
  path: Assets/The Legend of Slim/02 The Forest/Flower/04.png
  artifactKey: Guid(8301c44cfbd214445807c52794d805e8) Importer(815301076,1909f56bfc062723c751e8b465ee728b)
Number of updated assets reloaded before import = 0
Start importing Assets/The Legend of Slim/02 The Forest/Flower/04.png using Guid(8301c44cfbd214445807c52794d805e8) Importer(815301076,1909f56bfc062723c751e8b465ee728b)  -> (artifact id: 'e97f564e8985857addd67fc9eb2ad434') in 0.066706 seconds 
Number of asset objects unloaded after import = 3
========================================================================
Received Import Request.
  Time since last request: 0.000020 seconds.
  path: Assets/The Legend of Slim/10 Elitist Monster/Black Hole/04.png
  artifactKey: Guid(87dc9b777e89c4e4c9928f39bf99b716) Importer(815301076,1909f56bfc062723c751e8b465ee728b)
Number of updated assets reloaded before import = 0
Start importing Assets/The Legend of Slim/10 Elitist Monster/Black Hole/04.png using Guid(87dc9b777e89c4e4c9928f39bf99b716) Importer(815301076,1909f56bfc062723c751e8b465ee728b)  -> (artifact id: 'e036c876a639798f20e18723884f0bb1') in 0.067446 seconds 
Number of asset objects unloaded after import = 3
========================================================================
Received Import Request.
  Time since last request: 0.000023 seconds.
  path: Assets/The Legend of Slim/08 NPC/Merchant/03.png
  artifactKey: Guid(aee089e868c9b7a46b24e1ea22bb21de) Importer(815301076,1909f56bfc062723c751e8b465ee728b)
Number of updated assets reloaded before import = 0
Start importing Assets/The Legend of Slim/08 NPC/Merchant/03.png using Guid(aee089e868c9b7a46b24e1ea22bb21de) Importer(815301076,1909f56bfc062723c751e8b465ee728b)  -> (artifact id: '6f6ab1712526d70a26a9e10e375c83ff') in 0.065259 seconds 
Number of asset objects unloaded after import = 3
========================================================================
Received Import Request.
  Time since last request: 0.000028 seconds.
  path: Assets/The Legend of Slim/07 RPG/King/04.png
  artifactKey: Guid(7f59105f3bb333a47aa089a83314ae60) Importer(815301076,1909f56bfc062723c751e8b465ee728b)
Number of updated assets reloaded before import = 0
Start importing Assets/The Legend of Slim/07 RPG/King/04.png using Guid(7f59105f3bb333a47aa089a83314ae60) Importer(815301076,1909f56bfc062723c751e8b465ee728b)  -> (artifact id: 'ce2d3d86cdbcd22c3d5b2cbd43aeefc1') in 0.070659 seconds 
Number of asset objects unloaded after import = 3
========================================================================
Received Import Request.
  Time since last request: 0.000017 seconds.
  path: Assets/The Legend of Slim/00 Preview all/18.png
  artifactKey: Guid(1584f3bb14241304bb93e3ca6d828d63) Importer(815301076,1909f56bfc062723c751e8b465ee728b)
Number of updated assets reloaded before import = 0
Start importing Assets/The Legend of Slim/00 Preview all/18.png using Guid(1584f3bb14241304bb93e3ca6d828d63) Importer(815301076,1909f56bfc062723c751e8b465ee728b)  -> (artifact id: '7a607ecbc77d8631a0020fa5345fcb1c') in 0.070666 seconds 
Number of asset objects unloaded after import = 3
========================================================================
Received Import Request.
  Time since last request: 0.000075 seconds.
  path: Assets/The Legend of Slim/00 Preview all/10.png
  artifactKey: Guid(0f98d69b4eceab94c9c701e197932fed) Importer(815301076,1909f56bfc062723c751e8b465ee728b)
Number of updated assets reloaded before import = 0
Start importing Assets/The Legend of Slim/00 Preview all/10.png using Guid(0f98d69b4eceab94c9c701e197932fed) Importer(815301076,1909f56bfc062723c751e8b465ee728b)  -> (artifact id: 'd6e350da5a84da0d911fc5997af28e8d') in 0.067930 seconds 
Number of asset objects unloaded after import = 3
========================================================================
Received Import Request.
  Time since last request: 0.000026 seconds.
  path: Assets/The Legend of Slim/00 Preview all/14.png
  artifactKey: Guid(c91964070eb03794b8c033b1bda877fa) Importer(815301076,1909f56bfc062723c751e8b465ee728b)
Number of updated assets reloaded before import = 0
Start importing Assets/The Legend of Slim/00 Preview all/14.png using Guid(c91964070eb03794b8c033b1bda877fa) Importer(815301076,1909f56bfc062723c751e8b465ee728b)  -> (artifact id: '7bb7ab91e700918d9d3a19b489cab4df') in 0.075506 seconds 
Number of asset objects unloaded after import = 3
========================================================================
Received Import Request.
  Time since last request: 0.000025 seconds.
  path: Assets/The Legend of Slim/02 The Forest/Wildman/04.png
  artifactKey: Guid(b67746383ac0b9d4e87377ce132ccbe9) Importer(815301076,1909f56bfc062723c751e8b465ee728b)
Number of updated assets reloaded before import = 0
Start importing Assets/The Legend of Slim/02 The Forest/Wildman/04.png using Guid(b67746383ac0b9d4e87377ce132ccbe9) Importer(815301076,1909f56bfc062723c751e8b465ee728b)  -> (artifact id: '5daa9f42daaebc886d1630f154f884fd') in 0.074580 seconds 
Number of asset objects unloaded after import = 3
========================================================================
Received Import Request.
  Time since last request: 0.000019 seconds.
  path: Assets/The Legend of Slim/06 Element/Darkness/04.png
  artifactKey: Guid(217b7c55fa9f6d0458448459343c8c50) Importer(815301076,1909f56bfc062723c751e8b465ee728b)
Number of updated assets reloaded before import = 0
Start importing Assets/The Legend of Slim/06 Element/Darkness/04.png using Guid(217b7c55fa9f6d0458448459343c8c50) Importer(815301076,1909f56bfc062723c751e8b465ee728b)  -> (artifact id: '400c36ca08de2d1b3d308ebfa27a7cd2') in 0.072461 seconds 
Number of asset objects unloaded after import = 3
Editor requested this worker to shutdown with reason: Scaling down because of idle timeout
AssetImportWorker is now disconnected from the server
Process exiting
Exiting without the bug reporter. Application will terminate with return code 0